#
# A fatal error has been detected by the Java Runtime Environment:
#
#  EXCEPTION_ACCESS_VIOLATION (0xc0000005) at pc=0x00007ff8a185cf10, pid=11260, tid=17200
#
# JRE version: Java(TM) SE Runtime Environment (14.0+36) (build 14+36-1461)
# Java VM: Java HotSpot(TM) 64-Bit Server VM (14+36-1461, mixed mode, sharing, tiered, compressed oops, g1 gc, windows-amd64)
# Problematic frame:
# V  [jvm.dll+0xcf10]
#
# No core dump will be written. Minidumps are not enabled by default on client versions of Windows
#
# If you would like to submit a bug report, please visit:
#   https://bugreport.java.com/bugreport/crash.jsp
#

---------------  S U M M A R Y ------------

Command Line: -Dfile.encoding=UTF-8 --module-path=C:\NetBeansProjects\sistema\build\classes sistema.empleadosGUI.frmEmpleados

Host: AMD Athlon Silver 3050U with Radeon Graphics   , 2 cores, 9G,  Windows 10 , 64 bit Build 19041 (10.0.19041.3155)
Time: Sun Sep  3 14:16:46 2023 Hora est. Pacífico, Sudamérica elapsed time: 3 seconds (0d 0h 0m 3s)

---------------  T H R E A D  ---------------

Current thread (0x00000162332e0800):  JavaThread "AWT-EventQueue-0" [_thread_in_vm, id=17200, stack(0x0000005a78a00000,0x0000005a78b00000)]

Stack: [0x0000005a78a00000,0x0000005a78b00000],  sp=0x0000005a78afdef8,  free space=1015k
Native frames: (J=compiled Java code, j=interpreted, Vv=VM code, C=native code)
V  [jvm.dll+0xcf10]

Java frames: (J=compiled Java code, j=interpreted, Vv=VM code)
j  org.sqlite.core.NativeDB.prepare(Ljava/lang/String;)J+0
j  org.sqlite.core.DB.prepare(Lorg/sqlite/core/CoreStatement;)V+21
j  org.sqlite.core.CorePreparedStatement.<init>(Lorg/sqlite/SQLiteConnection;Ljava/lang/String;)V+15
j  org.sqlite.jdbc3.JDBC3PreparedStatement.<init>(Lorg/sqlite/SQLiteConnection;Ljava/lang/String;)V+3
j  org.sqlite.jdbc4.JDBC4PreparedStatement.<init>(Lorg/sqlite/SQLiteConnection;Ljava/lang/String;)V+3
j  org.sqlite.jdbc4.JDBC4Connection.prepareStatement(Ljava/lang/String;III)Ljava/sql/PreparedStatement;+21
j  org.sqlite.jdbc3.JDBC3Connection.prepareStatement(Ljava/lang/String;II)Ljava/sql/PreparedStatement;+5
j  org.sqlite.jdbc3.JDBC3Connection.prepareStatement(Ljava/lang/String;)Ljava/sql/PreparedStatement;+8
j  sistema.empleadosDAL.conexion.ejecutarSentenciaSQL(Ljava/lang/String;)I+8
j  sistema.empleadosGUI.frmEmpleados.btnAgregarActionPerformed(Ljava/awt/event/ActionEvent;)V+12
j  sistema.empleadosGUI.frmEmpleados$2.actionPerformed(Ljava/awt/event/ActionEvent;)V+5
j  javax.swing.AbstractButton.fireActionPerformed(Ljava/awt/event/ActionEvent;)V+84 java.desktop@14
j  javax.swing.AbstractButton$Handler.actionPerformed(Ljava/awt/event/ActionEvent;)V+5 java.desktop@14
j  javax.swing.DefaultButtonModel.fireActionPerformed(Ljava/awt/event/ActionEvent;)V+34 java.desktop@14
j  javax.swing.DefaultButtonModel.setPressed(Z)V+117 java.desktop@14
j  javax.swing.plaf.basic.BasicButtonListener.mouseReleased(Ljava/awt/event/MouseEvent;)V+35 java.desktop@14
j  java.awt.Component.processMouseEvent(Ljava/awt/event/MouseEvent;)V+64 java.desktop@14
j  javax.swing.JComponent.processMouseEvent(Ljava/awt/event/MouseEvent;)V+23 java.desktop@14
j  java.awt.Component.processEvent(Ljava/awt/AWTEvent;)V+81 java.desktop@14
j  java.awt.Container.processEvent(Ljava/awt/AWTEvent;)V+18 java.desktop@14
j  java.awt.Component.dispatchEventImpl(Ljava/awt/AWTEvent;)V+496 java.desktop@14
j  java.awt.Container.dispatchEventImpl(Ljava/awt/AWTEvent;)V+42 java.desktop@14
j  java.awt.Component.dispatchEvent(Ljava/awt/AWTEvent;)V+2 java.desktop@14
j  java.awt.LightweightDispatcher.retargetMouseEvent(Ljava/awt/Component;ILjava/awt/event/MouseEvent;)V+349 java.desktop@14
j  java.awt.LightweightDispatcher.processMouseEvent(Ljava/awt/event/MouseEvent;)Z+155 java.desktop@14
j  java.awt.LightweightDispatcher.dispatchEvent(Ljava/awt/AWTEvent;)Z+50 java.desktop@14
j  java.awt.Container.dispatchEventImpl(Ljava/awt/AWTEvent;)V+12 java.desktop@14
j  java.awt.Window.dispatchEventImpl(Ljava/awt/AWTEvent;)V+19 java.desktop@14
j  java.awt.Component.dispatchEvent(Ljava/awt/AWTEvent;)V+2 java.desktop@14
j  java.awt.EventQueue.dispatchEventImpl(Ljava/awt/AWTEvent;Ljava/lang/Object;)V+41 java.desktop@14
j  java.awt.EventQueue$4.run()Ljava/lang/Void;+32 java.desktop@14
j  java.awt.EventQueue$4.run()Ljava/lang/Object;+1 java.desktop@14
J 742 c1 java.security.AccessController.executePrivileged(Ljava/security/PrivilegedAction;Ljava/security/AccessControlContext;Ljava/lang/Class;)Ljava/lang/Object; java.base@14 (65 bytes) @ 0x000001621ba06e44 [0x000001621ba06ce0+0x0000000000000164]
j  java.security.AccessController.doPrivileged(Ljava/security/PrivilegedAction;Ljava/security/AccessControlContext;)Ljava/lang/Object;+13 java.base@14
j  java.security.ProtectionDomain$JavaSecurityAccessImpl.doIntersectionPrivilege(Ljava/security/PrivilegedAction;Ljava/security/AccessControlContext;Ljava/security/AccessControlContext;)Ljava/lang/Object;+18 java.base@14
j  java.security.ProtectionDomain$JavaSecurityAccessImpl.doIntersectionPrivilege(Ljava/security/PrivilegedAction;Ljava/security/AccessControlContext;)Ljava/lang/Object;+6 java.base@14
j  java.awt.EventQueue$5.run()Ljava/lang/Void;+11 java.desktop@14
j  java.awt.EventQueue$5.run()Ljava/lang/Object;+1 java.desktop@14
J 742 c1 java.security.AccessController.executePrivileged(Ljava/security/PrivilegedAction;Ljava/security/AccessControlContext;Ljava/lang/Class;)Ljava/lang/Object; java.base@14 (65 bytes) @ 0x000001621ba06e44 [0x000001621ba06ce0+0x0000000000000164]
j  java.security.AccessController.doPrivileged(Ljava/security/PrivilegedAction;Ljava/security/AccessControlContext;)Ljava/lang/Object;+13 java.base@14
j  java.security.ProtectionDomain$JavaSecurityAccessImpl.doIntersectionPrivilege(Ljava/security/PrivilegedAction;Ljava/security/AccessControlContext;Ljava/security/AccessControlContext;)Ljava/lang/Object;+18 java.base@14
j  java.awt.EventQueue.dispatchEvent(Ljava/awt/AWTEvent;)V+73 java.desktop@14
j  java.awt.EventDispatchThread.pumpOneEventForFilters(I)V+78 java.desktop@14
j  java.awt.EventDispatchThread.pumpEventsForFilter(ILjava/awt/Conditional;Ljava/awt/EventFilter;)V+35 java.desktop@14
j  java.awt.EventDispatchThread.pumpEventsForHierarchy(ILjava/awt/Conditional;Ljava/awt/Component;)V+11 java.desktop@14
j  java.awt.EventDispatchThread.pumpEvents(ILjava/awt/Conditional;)V+4 java.desktop@14
j  java.awt.EventDispatchThread.pumpEvents(Ljava/awt/Conditional;)V+3 java.desktop@14
j  java.awt.EventDispatchThread.run()V+9 java.desktop@14
v  ~StubRoutines::call_stub

siginfo: EXCEPTION_ACCESS_VIOLATION (0xc0000005), reading address 0x0000000000000000


Register to memory mapping:

RIP=0x00007ff8a185cf10 jvm.dll
RAX=0x0 is NULL
RBX=0x00000162332e0800 is a thread
RCX=0x0 is NULL
RDX=0x0 is NULL
RSP=0x0000005a78afdef8 is pointing into the stack for thread: 0x00000162332e0800
RBP=0x0 is NULL
RSI=0x0 is NULL
RDI=0x00000162332e0800 is a thread
R8 =0x0 is NULL
R9 =0x000000076bb3f7c0 is an oop: org.sqlite.core.NativeDB 
{0x000000076bb3f7c0} - klass: 'org/sqlite/core/NativeDB'
R10=0x00007ff8a22ab890 jvm.dll
R11=0x000000000000000a is an unknown value
R12=0x000001623857bc48 points into unknown readable memory: 60 8c 61 6d 00 00 00 00
R13=0x000001623939e940 is pointing into metadata
R14=0x0000005a78afe000 is pointing into the stack for thread: 0x00000162332e0800
R15=0x0 is NULL


Registers:
RAX=0x0000000000000000, RBX=0x00000162332e0800, RCX=0x0000000000000000, RDX=0x0000000000000000
RSP=0x0000005a78afdef8, RBP=0x0000000000000000, RSI=0x0000000000000000, RDI=0x00000162332e0800
R8 =0x0000000000000000, R9 =0x000000076bb3f7c0, R10=0x00007ff8a22ab890, R11=0x000000000000000a
R12=0x000001623857bc48, R13=0x000001623939e940, R14=0x0000005a78afe000, R15=0x0000000000000000
RIP=0x00007ff8a185cf10, EFLAGS=0x0000000000010246

Top of Stack: (sp=0x0000005a78afdef8)
0x0000005a78afdef8:   00007ff8a1bdd2ed 00000162394f5c1f
0x0000005a78afdf08:   0000000000000000 00000162332e0800
0x0000005a78afdf18:   0000000000000000 00000162332e0800
0x0000005a78afdf28:   0000000000000000 000001623939af78
0x0000005a78afdf38:   000001621b33a1b3 0000005a78afe090
0x0000005a78afdf48:   0000005a78afe0b8 000001623939e940
0x0000005a78afdf58:   00007ff8a1dfd298 000001621b33a1b3
0x0000005a78afdf68:   0000005a78afe0b8 00000162332e0800
0x0000005a78afdf78:   0000005a78afe0b8 000001621b33a1b3
0x0000005a78afdf88:   000000006d58204d 00000162332e0b10
0x0000005a78afdf98:   0000005a78afe0b8 0000000000000000
0x0000005a78afdfa8:   0000000000000000 000001623939e948
0x0000005a78afdfb8:   00000162332e0800 000001621b33a1b3
0x0000005a78afdfc8:   000001621b33fefd 000001623939e948
0x0000005a78afdfd8:   0000000000000000 000001621b33a1b3
0x0000005a78afdfe8:   0000005a78afe090 0000000000000000 

Instructions: (pc=0x00007ff8a185cf10)
0x00007ff8a185ce10:   f4 b1 9a 00 48 83 c4 20 5b 48 ff e0 48 8d 05 ed
0x00007ff8a185ce20:   00 00 00 48 8b cb 48 89 05 db b1 9a 00 48 83 c4
0x00007ff8a185ce30:   20 5b 48 ff e0 48 8d 05 d4 00 00 00 48 8b cb 48
0x00007ff8a185ce40:   89 05 c2 b1 9a 00 48 83 c4 20 5b 48 ff e0 48 8b
0x00007ff8a185ce50:   0d 3b cd a0 00 8b 51 10 83 ea 01 0f 84 8b 00 00
0x00007ff8a185ce60:   00 83 ea 01 74 6d 83 ea 01 74 4f 83 fa 01 74 31
0x00007ff8a185ce70:   4c 8d 05 81 ad 78 00 ba e8 00 00 00 48 8d 0d ad
0x00007ff8a185ce80:   ad 78 00 e8 28 01 20 00 e8 b3 b0 5e 00 33 c0 48
0x00007ff8a185ce90:   8b cb 48 89 05 6f b1 9a 00 48 83 c4 20 5b 48 ff
0x00007ff8a185cea0:   e0 48 8d 05 78 00 00 00 48 8b cb 48 89 05 56 b1
0x00007ff8a185ceb0:   9a 00 48 83 c4 20 5b 48 ff e0 48 8d 05 4f 00 00
0x00007ff8a185cec0:   00 48 8b cb 48 89 05 3d b1 9a 00 48 83 c4 20 5b
0x00007ff8a185ced0:   48 ff e0 48 8d 05 36 00 00 00 48 8b cb 48 89 05
0x00007ff8a185cee0:   24 b1 9a 00 48 83 c4 20 5b 48 ff e0 48 8d 05 1d
0x00007ff8a185cef0:   00 00 00 48 8b cb 48 89 05 0b b1 9a 00 48 83 c4
0x00007ff8a185cf00:   20 5b 48 ff e0 cc cc cc cc cc cc cc cc cc cc cc
0x00007ff8a185cf10:   48 8b 01 c3 cc cc cc cc cc cc cc cc cc cc cc cc
0x00007ff8a185cf20:   48 8b 11 e9 48 fd ff ff cc cc cc cc cc cc cc cc
0x00007ff8a185cf30:   8b 44 24 30 45 03 c9 44 2b 4c 24 28 83 c0 0b 44
0x00007ff8a185cf40:   03 ca 45 03 c8 41 03 c1 c3 cc cc cc cc cc cc cc
0x00007ff8a185cf50:   48 8b 41 08 0f b7 48 32 0f b7 40 30 83 c0 48 03
0x00007ff8a185cf60:   c1 c3 cc cc cc cc cc cc cc cc cc cc cc cc cc cc
0x00007ff8a185cf70:   48 89 5c 24 18 56 48 83 ec 20 48 85 15 87 ff a7
0x00007ff8a185cf80:   00 48 8b da 48 8b f1 75 25 48 8b 05 88 ff a7 00
0x00007ff8a185cf90:   33 c9 48 23 c2 48 0b 05 5c ff a7 00 48 85 d2 48
0x00007ff8a185cfa0:   0f 44 c1 48 8b 5c 24 40 48 83 c4 20 5e c3 48 8b
0x00007ff8a185cfb0:   cb 48 89 6c 24 30 e8 d5 4e 76 00 48 8b e8 48 85
0x00007ff8a185cfc0:   f6 74 5d 48 85 c0 74 58 48 89 7c 24 38 48 8b 3d
0x00007ff8a185cfd0:   44 ff a7 00 48 23 f8 48 0b 3d 72 ff a7 00 74 3b
0x00007ff8a185cfe0:   48 8b 05 51 d0 9c 00 4c 8b c3 48 8b d6 48 8b cf
0x00007ff8a185cff0:   ff d0 48 3b c3 74 24 48 85 05 0a ff a7 00 74 1b
0x00007ff8a185d000:   4c 8b 0d 31 d0 9c 00 4c 8b c0 48 8b d6 48 8b cf 


Stack slot to memory mapping:
stack at sp + 0 slots: 0x00007ff8a1bdd2ed jvm.dll
stack at sp + 1 slots: 0x00000162394f5c1f is pointing into metadata
stack at sp + 2 slots: 0x0 is NULL
stack at sp + 3 slots: 0x00000162332e0800 is a thread
stack at sp + 4 slots: 0x0 is NULL
stack at sp + 5 slots: 0x00000162332e0800 is a thread
stack at sp + 6 slots: 0x0 is NULL
stack at sp + 7 slots: {method} {0x000001623939af80} 'prepare' '(Lorg/sqlite/core/CoreStatement;)V' in 'org/sqlite/core/DB'


---------------  P R O C E S S  ---------------

Threads class SMR info:
_java_thread_list=0x0000016233863580, length=17, elements={
0x0000016232312000, 0x0000016232313000, 0x0000016232325800, 0x000001623232b800,
0x000001623232c800, 0x000001623232d800, 0x0000016232333000, 0x000001623233a000,
0x0000016232c5b000, 0x0000016232c9b800, 0x0000016232db8800, 0x0000016232db9000,
0x0000016232f3f800, 0x00000162332e0800, 0x0000016212b8e800, 0x0000016233840000,
0x0000016233898800
}

Java Threads: ( => current thread )
  0x0000016232312000 JavaThread "Reference Handler" daemon [_thread_blocked, id=3264, stack(0x0000005a77c00000,0x0000005a77d00000)]
  0x0000016232313000 JavaThread "Finalizer" daemon [_thread_blocked, id=8504, stack(0x0000005a77d00000,0x0000005a77e00000)]
  0x0000016232325800 JavaThread "Signal Dispatcher" daemon [_thread_blocked, id=4152, stack(0x0000005a77e00000,0x0000005a77f00000)]
  0x000001623232b800 JavaThread "Attach Listener" daemon [_thread_blocked, id=15472, stack(0x0000005a77f00000,0x0000005a78000000)]
  0x000001623232c800 JavaThread "Service Thread" daemon [_thread_blocked, id=12940, stack(0x0000005a78000000,0x0000005a78100000)]
  0x000001623232d800 JavaThread "C2 CompilerThread0" daemon [_thread_blocked, id=10544, stack(0x0000005a78100000,0x0000005a78200000)]
  0x0000016232333000 JavaThread "C1 CompilerThread0" daemon [_thread_blocked, id=4920, stack(0x0000005a78200000,0x0000005a78300000)]
  0x000001623233a000 JavaThread "Sweeper thread" daemon [_thread_blocked, id=14392, stack(0x0000005a78300000,0x0000005a78400000)]
  0x0000016232c5b000 JavaThread "Common-Cleaner" daemon [_thread_blocked, id=5904, stack(0x0000005a78400000,0x0000005a78500000)]
  0x0000016232c9b800 JavaThread "Notification Thread" daemon [_thread_blocked, id=7056, stack(0x0000005a78500000,0x0000005a78600000)]
  0x0000016232db8800 JavaThread "Java2D Disposer" daemon [_thread_blocked, id=16296, stack(0x0000005a78700000,0x0000005a78800000)]
  0x0000016232db9000 JavaThread "AWT-Shutdown" [_thread_blocked, id=16632, stack(0x0000005a78800000,0x0000005a78900000)]
  0x0000016232f3f800 JavaThread "AWT-Windows" daemon [_thread_in_native, id=6172, stack(0x0000005a78900000,0x0000005a78a00000)]
=>0x00000162332e0800 JavaThread "AWT-EventQueue-0" [_thread_in_vm, id=17200, stack(0x0000005a78a00000,0x0000005a78b00000)]
  0x0000016212b8e800 JavaThread "DestroyJavaVM" [_thread_blocked, id=8524, stack(0x0000005a77500000,0x0000005a77600000)]
  0x0000016233840000 JavaThread "D3D Screen Updater" daemon [_thread_blocked, id=14452, stack(0x0000005a79200000,0x0000005a79300000)]
  0x0000016233898800 JavaThread "TimerQueue" daemon [_thread_blocked, id=1576, stack(0x0000005a79300000,0x0000005a79400000)]

Other Threads:
  0x0000016232309000 VMThread "VM Thread" [stack: 0x0000005a77b00000,0x0000005a77c00000] [id=908]
  0x0000016232cbc800 WatcherThread [stack: 0x0000005a78600000,0x0000005a78700000] [id=17096]
  0x0000016212bd3800 GCTaskThread "GC Thread#0" [stack: 0x0000005a77600000,0x0000005a77700000] [id=840]
  0x00000162338b6800 GCTaskThread "GC Thread#1" [stack: 0x0000005a79400000,0x0000005a79500000] [id=13752]
  0x0000016212be9800 ConcurrentGCThread "G1 Main Marker" [stack: 0x0000005a77700000,0x0000005a77800000] [id=11484]
  0x0000016212beb000 ConcurrentGCThread "G1 Conc#0" [stack: 0x0000005a77800000,0x0000005a77900000] [id=14436]
  0x0000016212c5e800 ConcurrentGCThread "G1 Refine#0" [stack: 0x0000005a77900000,0x0000005a77a00000] [id=16072]
  0x0000016232d1b000 ConcurrentGCThread "G1 Refine#1" [stack: 0x0000005a79500000,0x0000005a79600000] [id=8852]
  0x000001623217b800 ConcurrentGCThread "G1 Young RemSet Sampling" [stack: 0x0000005a77a00000,0x0000005a77b00000] [id=2884]

Threads with active compile tasks:

VM state:not at safepoint (normal execution)

VM Mutex/Monitor currently owned by a thread: None

Heap address: 0x0000000761e00000, size: 2530 MB, Compressed Oops mode: Zero based, Oop shift amount: 3
Narrow klass base: 0x0000000800000000, Narrow klass shift: 3
Compressed class space size: 1073741824 Address: 0x0000000800b30000

Heap:
 garbage-first heap   total 163840K, used 4905K [0x0000000761e00000, 0x0000000800000000)
  region size 1024K, 4 young (4096K), 1 survivors (1024K)
 Metaspace       used 13117K, capacity 13482K, committed 13568K, reserved 1060864K
  class space    used 1587K, capacity 1759K, committed 1792K, reserved 1048576K
Heap Regions: E=young(eden), S=young(survivor), O=old, HS=humongous(starts), HC=humongous(continues), CS=collection set, F=free, OA=open archive, CA=closed archive, TAMS=top-at-mark-start (previous, next)
|   0|0x0000000761e00000, 0x0000000761f00000, 0x0000000761f00000|100%| O|  |TAMS 0x0000000761e00000, 0x0000000761e00000| Untracked 
|   1|0x0000000761f00000, 0x0000000761fca400, 0x0000000762000000| 79%| O|  |TAMS 0x0000000761f00000, 0x0000000761f00000| Untracked 
|   2|0x0000000762000000, 0x0000000762000000, 0x0000000762100000|  0%| F|  |TAMS 0x0000000762000000, 0x0000000762000000| Untracked 
|   3|0x0000000762100000, 0x0000000762100000, 0x0000000762200000|  0%| F|  |TAMS 0x0000000762100000, 0x0000000762100000| Untracked 
|   4|0x0000000762200000, 0x0000000762200000, 0x0000000762300000|  0%| F|  |TAMS 0x0000000762200000, 0x0000000762200000| Untracked 
|   5|0x0000000762300000, 0x0000000762300000, 0x0000000762400000|  0%| F|  |TAMS 0x0000000762300000, 0x0000000762300000| Untracked 
|   6|0x0000000762400000, 0x0000000762400000, 0x0000000762500000|  0%| F|  |TAMS 0x0000000762400000, 0x0000000762400000| Untracked 
|   7|0x0000000762500000, 0x0000000762500000, 0x0000000762600000|  0%| F|  |TAMS 0x0000000762500000, 0x0000000762500000| Untracked 
|   8|0x0000000762600000, 0x0000000762600000, 0x0000000762700000|  0%| F|  |TAMS 0x0000000762600000, 0x0000000762600000| Untracked 
|   9|0x0000000762700000, 0x0000000762700000, 0x0000000762800000|  0%| F|  |TAMS 0x0000000762700000, 0x0000000762700000| Untracked 
|  10|0x0000000762800000, 0x0000000762800000, 0x0000000762900000|  0%| F|  |TAMS 0x0000000762800000, 0x0000000762800000| Untracked 
|  11|0x0000000762900000, 0x0000000762900000, 0x0000000762a00000|  0%| F|  |TAMS 0x0000000762900000, 0x0000000762900000| Untracked 
|  12|0x0000000762a00000, 0x0000000762a00000, 0x0000000762b00000|  0%| F|  |TAMS 0x0000000762a00000, 0x0000000762a00000| Untracked 
|  13|0x0000000762b00000, 0x0000000762b00000, 0x0000000762c00000|  0%| F|  |TAMS 0x0000000762b00000, 0x0000000762b00000| Untracked 
|  14|0x0000000762c00000, 0x0000000762c00000, 0x0000000762d00000|  0%| F|  |TAMS 0x0000000762c00000, 0x0000000762c00000| Untracked 
|  15|0x0000000762d00000, 0x0000000762d00000, 0x0000000762e00000|  0%| F|  |TAMS 0x0000000762d00000, 0x0000000762d00000| Untracked 
|  16|0x0000000762e00000, 0x0000000762e00000, 0x0000000762f00000|  0%| F|  |TAMS 0x0000000762e00000, 0x0000000762e00000| Untracked 
|  17|0x0000000762f00000, 0x0000000762f00000, 0x0000000763000000|  0%| F|  |TAMS 0x0000000762f00000, 0x0000000762f00000| Untracked 
|  18|0x0000000763000000, 0x0000000763000000, 0x0000000763100000|  0%| F|  |TAMS 0x0000000763000000, 0x0000000763000000| Untracked 
|  19|0x0000000763100000, 0x0000000763100000, 0x0000000763200000|  0%| F|  |TAMS 0x0000000763100000, 0x0000000763100000| Untracked 
|  20|0x0000000763200000, 0x0000000763200000, 0x0000000763300000|  0%| F|  |TAMS 0x0000000763200000, 0x0000000763200000| Untracked 
|  21|0x0000000763300000, 0x0000000763300000, 0x0000000763400000|  0%| F|  |TAMS 0x0000000763300000, 0x0000000763300000| Untracked 
|  22|0x0000000763400000, 0x0000000763400000, 0x0000000763500000|  0%| F|  |TAMS 0x0000000763400000, 0x0000000763400000| Untracked 
|  23|0x0000000763500000, 0x0000000763500000, 0x0000000763600000|  0%| F|  |TAMS 0x0000000763500000, 0x0000000763500000| Untracked 
|  24|0x0000000763600000, 0x0000000763600000, 0x0000000763700000|  0%| F|  |TAMS 0x0000000763600000, 0x0000000763600000| Untracked 
|  25|0x0000000763700000, 0x0000000763700000, 0x0000000763800000|  0%| F|  |TAMS 0x0000000763700000, 0x0000000763700000| Untracked 
|  26|0x0000000763800000, 0x0000000763800000, 0x0000000763900000|  0%| F|  |TAMS 0x0000000763800000, 0x0000000763800000| Untracked 
|  27|0x0000000763900000, 0x0000000763900000, 0x0000000763a00000|  0%| F|  |TAMS 0x0000000763900000, 0x0000000763900000| Untracked 
|  28|0x0000000763a00000, 0x0000000763a00000, 0x0000000763b00000|  0%| F|  |TAMS 0x0000000763a00000, 0x0000000763a00000| Untracked 
|  29|0x0000000763b00000, 0x0000000763b00000, 0x0000000763c00000|  0%| F|  |TAMS 0x0000000763b00000, 0x0000000763b00000| Untracked 
|  30|0x0000000763c00000, 0x0000000763c00000, 0x0000000763d00000|  0%| F|  |TAMS 0x0000000763c00000, 0x0000000763c00000| Untracked 
|  31|0x0000000763d00000, 0x0000000763d00000, 0x0000000763e00000|  0%| F|  |TAMS 0x0000000763d00000, 0x0000000763d00000| Untracked 
|  32|0x0000000763e00000, 0x0000000763e00000, 0x0000000763f00000|  0%| F|  |TAMS 0x0000000763e00000, 0x0000000763e00000| Untracked 
|  33|0x0000000763f00000, 0x0000000763f00000, 0x0000000764000000|  0%| F|  |TAMS 0x0000000763f00000, 0x0000000763f00000| Untracked 
|  34|0x0000000764000000, 0x0000000764000000, 0x0000000764100000|  0%| F|  |TAMS 0x0000000764000000, 0x0000000764000000| Untracked 
|  35|0x0000000764100000, 0x0000000764100000, 0x0000000764200000|  0%| F|  |TAMS 0x0000000764100000, 0x0000000764100000| Untracked 
|  36|0x0000000764200000, 0x0000000764200000, 0x0000000764300000|  0%| F|  |TAMS 0x0000000764200000, 0x0000000764200000| Untracked 
|  37|0x0000000764300000, 0x0000000764300000, 0x0000000764400000|  0%| F|  |TAMS 0x0000000764300000, 0x0000000764300000| Untracked 
|  38|0x0000000764400000, 0x0000000764400000, 0x0000000764500000|  0%| F|  |TAMS 0x0000000764400000, 0x0000000764400000| Untracked 
|  39|0x0000000764500000, 0x0000000764500000, 0x0000000764600000|  0%| F|  |TAMS 0x0000000764500000, 0x0000000764500000| Untracked 
|  40|0x0000000764600000, 0x0000000764600000, 0x0000000764700000|  0%| F|  |TAMS 0x0000000764600000, 0x0000000764600000| Untracked 
|  41|0x0000000764700000, 0x0000000764700000, 0x0000000764800000|  0%| F|  |TAMS 0x0000000764700000, 0x0000000764700000| Untracked 
|  42|0x0000000764800000, 0x0000000764800000, 0x0000000764900000|  0%| F|  |TAMS 0x0000000764800000, 0x0000000764800000| Untracked 
|  43|0x0000000764900000, 0x0000000764900000, 0x0000000764a00000|  0%| F|  |TAMS 0x0000000764900000, 0x0000000764900000| Untracked 
|  44|0x0000000764a00000, 0x0000000764a00000, 0x0000000764b00000|  0%| F|  |TAMS 0x0000000764a00000, 0x0000000764a00000| Untracked 
|  45|0x0000000764b00000, 0x0000000764b00000, 0x0000000764c00000|  0%| F|  |TAMS 0x0000000764b00000, 0x0000000764b00000| Untracked 
|  46|0x0000000764c00000, 0x0000000764c00000, 0x0000000764d00000|  0%| F|  |TAMS 0x0000000764c00000, 0x0000000764c00000| Untracked 
|  47|0x0000000764d00000, 0x0000000764d00000, 0x0000000764e00000|  0%| F|  |TAMS 0x0000000764d00000, 0x0000000764d00000| Untracked 
|  48|0x0000000764e00000, 0x0000000764e00000, 0x0000000764f00000|  0%| F|  |TAMS 0x0000000764e00000, 0x0000000764e00000| Untracked 
|  49|0x0000000764f00000, 0x0000000764f00000, 0x0000000765000000|  0%| F|  |TAMS 0x0000000764f00000, 0x0000000764f00000| Untracked 
|  50|0x0000000765000000, 0x0000000765000000, 0x0000000765100000|  0%| F|  |TAMS 0x0000000765000000, 0x0000000765000000| Untracked 
|  51|0x0000000765100000, 0x0000000765100000, 0x0000000765200000|  0%| F|  |TAMS 0x0000000765100000, 0x0000000765100000| Untracked 
|  52|0x0000000765200000, 0x0000000765200000, 0x0000000765300000|  0%| F|  |TAMS 0x0000000765200000, 0x0000000765200000| Untracked 
|  53|0x0000000765300000, 0x0000000765300000, 0x0000000765400000|  0%| F|  |TAMS 0x0000000765300000, 0x0000000765300000| Untracked 
|  54|0x0000000765400000, 0x0000000765400000, 0x0000000765500000|  0%| F|  |TAMS 0x0000000765400000, 0x0000000765400000| Untracked 
|  55|0x0000000765500000, 0x0000000765500000, 0x0000000765600000|  0%| F|  |TAMS 0x0000000765500000, 0x0000000765500000| Untracked 
|  56|0x0000000765600000, 0x0000000765600000, 0x0000000765700000|  0%| F|  |TAMS 0x0000000765600000, 0x0000000765600000| Untracked 
|  57|0x0000000765700000, 0x0000000765700000, 0x0000000765800000|  0%| F|  |TAMS 0x0000000765700000, 0x0000000765700000| Untracked 
|  58|0x0000000765800000, 0x0000000765800000, 0x0000000765900000|  0%| F|  |TAMS 0x0000000765800000, 0x0000000765800000| Untracked 
|  59|0x0000000765900000, 0x0000000765900000, 0x0000000765a00000|  0%| F|  |TAMS 0x0000000765900000, 0x0000000765900000| Untracked 
|  60|0x0000000765a00000, 0x0000000765a00000, 0x0000000765b00000|  0%| F|  |TAMS 0x0000000765a00000, 0x0000000765a00000| Untracked 
|  61|0x0000000765b00000, 0x0000000765b00000, 0x0000000765c00000|  0%| F|  |TAMS 0x0000000765b00000, 0x0000000765b00000| Untracked 
|  62|0x0000000765c00000, 0x0000000765c00000, 0x0000000765d00000|  0%| F|  |TAMS 0x0000000765c00000, 0x0000000765c00000| Untracked 
|  63|0x0000000765d00000, 0x0000000765d00000, 0x0000000765e00000|  0%| F|  |TAMS 0x0000000765d00000, 0x0000000765d00000| Untracked 
|  64|0x0000000765e00000, 0x0000000765e00000, 0x0000000765f00000|  0%| F|  |TAMS 0x0000000765e00000, 0x0000000765e00000| Untracked 
|  65|0x0000000765f00000, 0x0000000765f00000, 0x0000000766000000|  0%| F|  |TAMS 0x0000000765f00000, 0x0000000765f00000| Untracked 
|  66|0x0000000766000000, 0x0000000766000000, 0x0000000766100000|  0%| F|  |TAMS 0x0000000766000000, 0x0000000766000000| Untracked 
|  67|0x0000000766100000, 0x0000000766100000, 0x0000000766200000|  0%| F|  |TAMS 0x0000000766100000, 0x0000000766100000| Untracked 
|  68|0x0000000766200000, 0x0000000766200000, 0x0000000766300000|  0%| F|  |TAMS 0x0000000766200000, 0x0000000766200000| Untracked 
|  69|0x0000000766300000, 0x0000000766300000, 0x0000000766400000|  0%| F|  |TAMS 0x0000000766300000, 0x0000000766300000| Untracked 
|  70|0x0000000766400000, 0x0000000766400000, 0x0000000766500000|  0%| F|  |TAMS 0x0000000766400000, 0x0000000766400000| Untracked 
|  71|0x0000000766500000, 0x0000000766500000, 0x0000000766600000|  0%| F|  |TAMS 0x0000000766500000, 0x0000000766500000| Untracked 
|  72|0x0000000766600000, 0x0000000766600000, 0x0000000766700000|  0%| F|  |TAMS 0x0000000766600000, 0x0000000766600000| Untracked 
|  73|0x0000000766700000, 0x0000000766700000, 0x0000000766800000|  0%| F|  |TAMS 0x0000000766700000, 0x0000000766700000| Untracked 
|  74|0x0000000766800000, 0x0000000766800000, 0x0000000766900000|  0%| F|  |TAMS 0x0000000766800000, 0x0000000766800000| Untracked 
|  75|0x0000000766900000, 0x0000000766900000, 0x0000000766a00000|  0%| F|  |TAMS 0x0000000766900000, 0x0000000766900000| Untracked 
|  76|0x0000000766a00000, 0x0000000766a00000, 0x0000000766b00000|  0%| F|  |TAMS 0x0000000766a00000, 0x0000000766a00000| Untracked 
|  77|0x0000000766b00000, 0x0000000766b00000, 0x0000000766c00000|  0%| F|  |TAMS 0x0000000766b00000, 0x0000000766b00000| Untracked 
|  78|0x0000000766c00000, 0x0000000766c00000, 0x0000000766d00000|  0%| F|  |TAMS 0x0000000766c00000, 0x0000000766c00000| Untracked 
|  79|0x0000000766d00000, 0x0000000766d00000, 0x0000000766e00000|  0%| F|  |TAMS 0x0000000766d00000, 0x0000000766d00000| Untracked 
|  80|0x0000000766e00000, 0x0000000766e00000, 0x0000000766f00000|  0%| F|  |TAMS 0x0000000766e00000, 0x0000000766e00000| Untracked 
|  81|0x0000000766f00000, 0x0000000766f00000, 0x0000000767000000|  0%| F|  |TAMS 0x0000000766f00000, 0x0000000766f00000| Untracked 
|  82|0x0000000767000000, 0x0000000767000000, 0x0000000767100000|  0%| F|  |TAMS 0x0000000767000000, 0x0000000767000000| Untracked 
|  83|0x0000000767100000, 0x0000000767100000, 0x0000000767200000|  0%| F|  |TAMS 0x0000000767100000, 0x0000000767100000| Untracked 
|  84|0x0000000767200000, 0x0000000767200000, 0x0000000767300000|  0%| F|  |TAMS 0x0000000767200000, 0x0000000767200000| Untracked 
|  85|0x0000000767300000, 0x0000000767300000, 0x0000000767400000|  0%| F|  |TAMS 0x0000000767300000, 0x0000000767300000| Untracked 
|  86|0x0000000767400000, 0x0000000767400000, 0x0000000767500000|  0%| F|  |TAMS 0x0000000767400000, 0x0000000767400000| Untracked 
|  87|0x0000000767500000, 0x0000000767500000, 0x0000000767600000|  0%| F|  |TAMS 0x0000000767500000, 0x0000000767500000| Untracked 
|  88|0x0000000767600000, 0x0000000767600000, 0x0000000767700000|  0%| F|  |TAMS 0x0000000767600000, 0x0000000767600000| Untracked 
|  89|0x0000000767700000, 0x0000000767700000, 0x0000000767800000|  0%| F|  |TAMS 0x0000000767700000, 0x0000000767700000| Untracked 
|  90|0x0000000767800000, 0x0000000767800000, 0x0000000767900000|  0%| F|  |TAMS 0x0000000767800000, 0x0000000767800000| Untracked 
|  91|0x0000000767900000, 0x0000000767900000, 0x0000000767a00000|  0%| F|  |TAMS 0x0000000767900000, 0x0000000767900000| Untracked 
|  92|0x0000000767a00000, 0x0000000767a00000, 0x0000000767b00000|  0%| F|  |TAMS 0x0000000767a00000, 0x0000000767a00000| Untracked 
|  93|0x0000000767b00000, 0x0000000767b00000, 0x0000000767c00000|  0%| F|  |TAMS 0x0000000767b00000, 0x0000000767b00000| Untracked 
|  94|0x0000000767c00000, 0x0000000767c00000, 0x0000000767d00000|  0%| F|  |TAMS 0x0000000767c00000, 0x0000000767c00000| Untracked 
|  95|0x0000000767d00000, 0x0000000767d00000, 0x0000000767e00000|  0%| F|  |TAMS 0x0000000767d00000, 0x0000000767d00000| Untracked 
|  96|0x0000000767e00000, 0x0000000767e00000, 0x0000000767f00000|  0%| F|  |TAMS 0x0000000767e00000, 0x0000000767e00000| Untracked 
|  97|0x0000000767f00000, 0x0000000767f00000, 0x0000000768000000|  0%| F|  |TAMS 0x0000000767f00000, 0x0000000767f00000| Untracked 
|  98|0x0000000768000000, 0x0000000768000000, 0x0000000768100000|  0%| F|  |TAMS 0x0000000768000000, 0x0000000768000000| Untracked 
|  99|0x0000000768100000, 0x0000000768100000, 0x0000000768200000|  0%| F|  |TAMS 0x0000000768100000, 0x0000000768100000| Untracked 
| 100|0x0000000768200000, 0x0000000768200000, 0x0000000768300000|  0%| F|  |TAMS 0x0000000768200000, 0x0000000768200000| Untracked 
| 101|0x0000000768300000, 0x0000000768300000, 0x0000000768400000|  0%| F|  |TAMS 0x0000000768300000, 0x0000000768300000| Untracked 
| 102|0x0000000768400000, 0x0000000768400000, 0x0000000768500000|  0%| F|  |TAMS 0x0000000768400000, 0x0000000768400000| Untracked 
| 103|0x0000000768500000, 0x0000000768500000, 0x0000000768600000|  0%| F|  |TAMS 0x0000000768500000, 0x0000000768500000| Untracked 
| 104|0x0000000768600000, 0x0000000768600000, 0x0000000768700000|  0%| F|  |TAMS 0x0000000768600000, 0x0000000768600000| Untracked 
| 105|0x0000000768700000, 0x0000000768700000, 0x0000000768800000|  0%| F|  |TAMS 0x0000000768700000, 0x0000000768700000| Untracked 
| 106|0x0000000768800000, 0x0000000768800000, 0x0000000768900000|  0%| F|  |TAMS 0x0000000768800000, 0x0000000768800000| Untracked 
| 107|0x0000000768900000, 0x0000000768900000, 0x0000000768a00000|  0%| F|  |TAMS 0x0000000768900000, 0x0000000768900000| Untracked 
| 108|0x0000000768a00000, 0x0000000768a00000, 0x0000000768b00000|  0%| F|  |TAMS 0x0000000768a00000, 0x0000000768a00000| Untracked 
| 109|0x0000000768b00000, 0x0000000768b00000, 0x0000000768c00000|  0%| F|  |TAMS 0x0000000768b00000, 0x0000000768b00000| Untracked 
| 110|0x0000000768c00000, 0x0000000768c00000, 0x0000000768d00000|  0%| F|  |TAMS 0x0000000768c00000, 0x0000000768c00000| Untracked 
| 111|0x0000000768d00000, 0x0000000768d00000, 0x0000000768e00000|  0%| F|  |TAMS 0x0000000768d00000, 0x0000000768d00000| Untracked 
| 112|0x0000000768e00000, 0x0000000768e00000, 0x0000000768f00000|  0%| F|  |TAMS 0x0000000768e00000, 0x0000000768e00000| Untracked 
| 113|0x0000000768f00000, 0x0000000768f00000, 0x0000000769000000|  0%| F|  |TAMS 0x0000000768f00000, 0x0000000768f00000| Untracked 
| 114|0x0000000769000000, 0x0000000769000000, 0x0000000769100000|  0%| F|  |TAMS 0x0000000769000000, 0x0000000769000000| Untracked 
| 115|0x0000000769100000, 0x0000000769100000, 0x0000000769200000|  0%| F|  |TAMS 0x0000000769100000, 0x0000000769100000| Untracked 
| 116|0x0000000769200000, 0x0000000769200000, 0x0000000769300000|  0%| F|  |TAMS 0x0000000769200000, 0x0000000769200000| Untracked 
| 117|0x0000000769300000, 0x0000000769300000, 0x0000000769400000|  0%| F|  |TAMS 0x0000000769300000, 0x0000000769300000| Untracked 
| 118|0x0000000769400000, 0x0000000769400000, 0x0000000769500000|  0%| F|  |TAMS 0x0000000769400000, 0x0000000769400000| Untracked 
| 119|0x0000000769500000, 0x0000000769500000, 0x0000000769600000|  0%| F|  |TAMS 0x0000000769500000, 0x0000000769500000| Untracked 
| 120|0x0000000769600000, 0x0000000769600000, 0x0000000769700000|  0%| F|  |TAMS 0x0000000769600000, 0x0000000769600000| Untracked 
| 121|0x0000000769700000, 0x0000000769700000, 0x0000000769800000|  0%| F|  |TAMS 0x0000000769700000, 0x0000000769700000| Untracked 
| 122|0x0000000769800000, 0x0000000769800000, 0x0000000769900000|  0%| F|  |TAMS 0x0000000769800000, 0x0000000769800000| Untracked 
| 123|0x0000000769900000, 0x0000000769900000, 0x0000000769a00000|  0%| F|  |TAMS 0x0000000769900000, 0x0000000769900000| Untracked 
| 124|0x0000000769a00000, 0x0000000769a00000, 0x0000000769b00000|  0%| F|  |TAMS 0x0000000769a00000, 0x0000000769a00000| Untracked 
| 125|0x0000000769b00000, 0x0000000769b00000, 0x0000000769c00000|  0%| F|  |TAMS 0x0000000769b00000, 0x0000000769b00000| Untracked 
| 126|0x0000000769c00000, 0x0000000769c00000, 0x0000000769d00000|  0%| F|  |TAMS 0x0000000769c00000, 0x0000000769c00000| Untracked 
| 127|0x0000000769d00000, 0x0000000769d00000, 0x0000000769e00000|  0%| F|  |TAMS 0x0000000769d00000, 0x0000000769d00000| Untracked 
| 128|0x0000000769e00000, 0x0000000769e00000, 0x0000000769f00000|  0%| F|  |TAMS 0x0000000769e00000, 0x0000000769e00000| Untracked 
| 129|0x0000000769f00000, 0x0000000769f00000, 0x000000076a000000|  0%| F|  |TAMS 0x0000000769f00000, 0x0000000769f00000| Untracked 
| 130|0x000000076a000000, 0x000000076a000000, 0x000000076a100000|  0%| F|  |TAMS 0x000000076a000000, 0x000000076a000000| Untracked 
| 131|0x000000076a100000, 0x000000076a100000, 0x000000076a200000|  0%| F|  |TAMS 0x000000076a100000, 0x000000076a100000| Untracked 
| 132|0x000000076a200000, 0x000000076a200000, 0x000000076a300000|  0%| F|  |TAMS 0x000000076a200000, 0x000000076a200000| Untracked 
| 133|0x000000076a300000, 0x000000076a300000, 0x000000076a400000|  0%| F|  |TAMS 0x000000076a300000, 0x000000076a300000| Untracked 
| 134|0x000000076a400000, 0x000000076a400000, 0x000000076a500000|  0%| F|  |TAMS 0x000000076a400000, 0x000000076a400000| Untracked 
| 135|0x000000076a500000, 0x000000076a500000, 0x000000076a600000|  0%| F|  |TAMS 0x000000076a500000, 0x000000076a500000| Untracked 
| 136|0x000000076a600000, 0x000000076a600000, 0x000000076a700000|  0%| F|  |TAMS 0x000000076a600000, 0x000000076a600000| Untracked 
| 137|0x000000076a700000, 0x000000076a700000, 0x000000076a800000|  0%| F|  |TAMS 0x000000076a700000, 0x000000076a700000| Untracked 
| 138|0x000000076a800000, 0x000000076a800000, 0x000000076a900000|  0%| F|  |TAMS 0x000000076a800000, 0x000000076a800000| Untracked 
| 139|0x000000076a900000, 0x000000076a900000, 0x000000076aa00000|  0%| F|  |TAMS 0x000000076a900000, 0x000000076a900000| Untracked 
| 140|0x000000076aa00000, 0x000000076aa00000, 0x000000076ab00000|  0%| F|  |TAMS 0x000000076aa00000, 0x000000076aa00000| Untracked 
| 141|0x000000076ab00000, 0x000000076ab00000, 0x000000076ac00000|  0%| F|  |TAMS 0x000000076ab00000, 0x000000076ab00000| Untracked 
| 142|0x000000076ac00000, 0x000000076ac00000, 0x000000076ad00000|  0%| F|  |TAMS 0x000000076ac00000, 0x000000076ac00000| Untracked 
| 143|0x000000076ad00000, 0x000000076ad00000, 0x000000076ae00000|  0%| F|  |TAMS 0x000000076ad00000, 0x000000076ad00000| Untracked 
| 144|0x000000076ae00000, 0x000000076ae00000, 0x000000076af00000|  0%| F|  |TAMS 0x000000076ae00000, 0x000000076ae00000| Untracked 
| 145|0x000000076af00000, 0x000000076af00000, 0x000000076b000000|  0%| F|  |TAMS 0x000000076af00000, 0x000000076af00000| Untracked 
| 146|0x000000076b000000, 0x000000076b000000, 0x000000076b100000|  0%| F|  |TAMS 0x000000076b000000, 0x000000076b000000| Untracked 
| 147|0x000000076b100000, 0x000000076b100000, 0x000000076b200000|  0%| F|  |TAMS 0x000000076b100000, 0x000000076b100000| Untracked 
| 148|0x000000076b200000, 0x000000076b200000, 0x000000076b300000|  0%| F|  |TAMS 0x000000076b200000, 0x000000076b200000| Untracked 
| 149|0x000000076b300000, 0x000000076b300000, 0x000000076b400000|  0%| F|  |TAMS 0x000000076b300000, 0x000000076b300000| Untracked 
| 150|0x000000076b400000, 0x000000076b400000, 0x000000076b500000|  0%| F|  |TAMS 0x000000076b400000, 0x000000076b400000| Untracked 
| 151|0x000000076b500000, 0x000000076b600000, 0x000000076b600000|100%| S|CS|TAMS 0x000000076b500000, 0x000000076b500000| Complete 
| 152|0x000000076b600000, 0x000000076b600000, 0x000000076b700000|  0%| F|  |TAMS 0x000000076b600000, 0x000000076b600000| Untracked 
| 153|0x000000076b700000, 0x000000076b700000, 0x000000076b800000|  0%| F|  |TAMS 0x000000076b700000, 0x000000076b700000| Untracked 
| 154|0x000000076b800000, 0x000000076b800000, 0x000000076b900000|  0%| F|  |TAMS 0x000000076b800000, 0x000000076b800000| Untracked 
| 155|0x000000076b900000, 0x000000076b900000, 0x000000076ba00000|  0%| F|  |TAMS 0x000000076b900000, 0x000000076b900000| Untracked 
| 156|0x000000076ba00000, 0x000000076ba00000, 0x000000076bb00000|  0%| F|  |TAMS 0x000000076ba00000, 0x000000076ba00000| Untracked 
| 157|0x000000076bb00000, 0x000000076bbb16a8, 0x000000076bc00000| 69%| E|  |TAMS 0x000000076bb00000, 0x000000076bb00000| Complete 
| 158|0x000000076bc00000, 0x000000076bd00000, 0x000000076bd00000|100%| E|CS|TAMS 0x000000076bc00000, 0x000000076bc00000| Complete 
| 159|0x000000076bd00000, 0x000000076be00000, 0x000000076be00000|100%| E|CS|TAMS 0x000000076bd00000, 0x000000076bd00000| Complete 

Card table byte_map: [0x000001622a830000,0x000001622ad30000] _byte_map_base: 0x0000016226d21000

Marking Bits (Prev, Next): (CMBitMap*) 0x0000016212bd5058, (CMBitMap*) 0x0000016212bd5098
 Prev Bits: [0x000001622b230000, 0x000001622d9b8000)
 Next Bits: [0x000001622d9c0000, 0x0000016230148000)

Polling page: 0x0000016210b20000

Metaspace:

Usage:
  Non-class:     11.45 MB capacity,    11.26 MB ( 98%) used,   163.64 KB (  1%) free+waste,    29.38 KB ( <1%) overhead. 
      Class:      1.72 MB capacity,     1.55 MB ( 90%) used,   154.24 KB (  9%) free+waste,    17.63 KB (  1%) overhead. 
       Both:     13.17 MB capacity,    12.81 MB ( 97%) used,   317.88 KB (  2%) free+waste,    47.00 KB ( <1%) overhead. 

Virtual space:
  Non-class space:       12.00 MB reserved,      11.50 MB ( 96%) committed 
      Class space:        1.00 GB reserved,       1.75 MB ( <1%) committed 
             Both:        1.01 GB reserved,      13.25 MB (  1%) committed 

Chunk freelists:
   Non-Class:  53.00 KB
       Class:  1.00 KB
        Both:  54.00 KB

MaxMetaspaceSize: 17179869184.00 GB
CompressedClassSpaceSize: 1.00 GB

CodeHeap 'non-profiled nmethods': size=120064Kb used=415Kb max_used=415Kb free=119648Kb
 bounds [0x0000016222df0000, 0x0000016223060000, 0x000001622a330000]
CodeHeap 'profiled nmethods': size=120000Kb used=2572Kb max_used=2572Kb free=117427Kb
 bounds [0x000001621b8c0000, 0x000001621bb50000, 0x0000016222df0000]
CodeHeap 'non-nmethods': size=5696Kb used=1345Kb max_used=1363Kb free=4350Kb
 bounds [0x000001621b330000, 0x000001621b5a0000, 0x000001621b8c0000]
 total_blobs=2536 nmethods=1409 adapters=568
 compilation: enabled
              stopped_count=0, restarted_count=0
 full_count=0

Compilation events (20 events):
Event: 3.953 Thread 0x0000016232333000 1400       3       org.sqlite.SQLiteJDBCLoader::contentsEquals (78 bytes)
Event: 3.954 Thread 0x0000016232333000 nmethod 1400 0x000001621bb3e010 code [0x000001621bb3e240, 0x000001621bb3ecb8]
Event: 3.955 Thread 0x000001623232d800 1401 %     4       org.sqlite.SQLiteJDBCLoader::contentsEquals @ 37 (78 bytes)
Event: 3.957 Thread 0x0000016232333000 1402   !   3       java.util.zip.InflaterInputStream::read (138 bytes)
Event: 3.957 Thread 0x0000016232333000 nmethod 1402 0x000001621bb3ef90 code [0x000001621bb3f240, 0x000001621bb400d8]
Event: 3.961 Thread 0x000001623232d800 nmethod 1401% 0x0000016222e56510 code [0x0000016222e56720, 0x0000016222e572b8]
Event: 3.975 Thread 0x0000016232333000 1403       3       java.util.HashMap::remove (26 bytes)
Event: 3.976 Thread 0x0000016232333000 nmethod 1403 0x000001621bb40690 code [0x000001621bb40860, 0x000001621bb40bd8]
Event: 3.976 Thread 0x0000016232333000 1404       3       java.util.HashMap::removeNode (291 bytes)
Event: 3.976 Thread 0x0000016232333000 nmethod 1404 0x000001621bb40d10 code [0x000001621bb40fc0, 0x000001621bb424d8]
Event: 3.976 Thread 0x0000016232333000 1405       1       java.net.URL::getHost (5 bytes)
Event: 3.977 Thread 0x0000016232333000 nmethod 1405 0x0000016222e57590 code [0x0000016222e57720, 0x0000016222e577f8]
Event: 3.979 Thread 0x0000016232333000 1406       3       java.lang.Character::isSurrogate (18 bytes)
Event: 3.980 Thread 0x0000016232333000 nmethod 1406 0x000001621bb42a90 code [0x000001621bb42c20, 0x000001621bb42d98]
Event: 3.980 Thread 0x0000016232333000 1407       1       java.lang.invoke.MethodHandle::internalForm (5 bytes)
Event: 3.980 Thread 0x0000016232333000 nmethod 1407 0x0000016222e57890 code [0x0000016222e57a20, 0x0000016222e57af8]
Event: 3.980 Thread 0x0000016232333000 1408       1       java.lang.invoke.MethodHandleImpl$IntrinsicMethodHandle::getTarget (5 bytes)
Event: 3.980 Thread 0x0000016232333000 nmethod 1408 0x0000016222e57b90 code [0x0000016222e57d20, 0x0000016222e57df8]
Event: 3.980 Thread 0x0000016232333000 1409       3       java.util.regex.Pattern::isSupplementary (21 bytes)
Event: 3.980 Thread 0x0000016232333000 nmethod 1409 0x000001621bb42e10 code [0x000001621bb42fc0, 0x000001621bb43238]

GC Heap History (2 events):
Event: 3.788 GC heap before
{Heap before GC invocations=0 (full 0):
 garbage-first heap   total 163840K, used 8192K [0x0000000761e00000, 0x0000000800000000)
  region size 1024K, 8 young (8192K), 0 survivors (0K)
 Metaspace       used 12056K, capacity 12393K, committed 12672K, reserved 1060864K
  class space    used 1464K, capacity 1606K, committed 1664K, reserved 1048576K
}
Event: 3.795 GC heap after
{Heap after GC invocations=1 (full 0):
 garbage-first heap   total 163840K, used 2857K [0x0000000761e00000, 0x0000000800000000)
  region size 1024K, 1 young (1024K), 1 survivors (1024K)
 Metaspace       used 12056K, capacity 12393K, committed 12672K, reserved 1060864K
  class space    used 1464K, capacity 1606K, committed 1664K, reserved 1048576K
}

Deoptimization events (20 events):
Event: 3.959 Thread 0x00000162332e0800 DEOPT PACKING pc=0x000001621bb3dc56 sp=0x0000005a78afdcf0
Event: 3.959 Thread 0x00000162332e0800 DEOPT UNPACKING pc=0x000001621b37964e sp=0x0000005a78afd1f8 mode 0
Event: 3.960 Thread 0x00000162332e0800 DEOPT PACKING pc=0x000001621bb3dc56 sp=0x0000005a78afdcf0
Event: 3.960 Thread 0x00000162332e0800 DEOPT UNPACKING pc=0x000001621b37964e sp=0x0000005a78afd1f8 mode 0
Event: 3.960 Thread 0x00000162332e0800 DEOPT PACKING pc=0x000001621bb3dc56 sp=0x0000005a78afdcf0
Event: 3.960 Thread 0x00000162332e0800 DEOPT UNPACKING pc=0x000001621b37964e sp=0x0000005a78afd1f8 mode 0
Event: 3.960 Thread 0x00000162332e0800 DEOPT PACKING pc=0x000001621bb3dc56 sp=0x0000005a78afdcf0
Event: 3.960 Thread 0x00000162332e0800 DEOPT UNPACKING pc=0x000001621b37964e sp=0x0000005a78afd1f8 mode 0
Event: 3.960 Thread 0x00000162332e0800 DEOPT PACKING pc=0x000001621bb3dc56 sp=0x0000005a78afdcf0
Event: 3.960 Thread 0x00000162332e0800 DEOPT UNPACKING pc=0x000001621b37964e sp=0x0000005a78afd1f8 mode 0
Event: 3.961 Thread 0x00000162332e0800 DEOPT PACKING pc=0x000001621bb3dc56 sp=0x0000005a78afdcf0
Event: 3.961 Thread 0x00000162332e0800 DEOPT UNPACKING pc=0x000001621b37964e sp=0x0000005a78afd1f8 mode 0
Event: 3.961 Thread 0x00000162332e0800 DEOPT PACKING pc=0x000001621bb3dc56 sp=0x0000005a78afdcf0
Event: 3.961 Thread 0x00000162332e0800 DEOPT UNPACKING pc=0x000001621b37964e sp=0x0000005a78afd1f8 mode 0
Event: 3.961 Thread 0x00000162332e0800 DEOPT PACKING pc=0x000001621bb3dc56 sp=0x0000005a78afdcf0
Event: 3.961 Thread 0x00000162332e0800 DEOPT UNPACKING pc=0x000001621b37964e sp=0x0000005a78afd1f8 mode 0
Event: 3.968 Thread 0x00000162332e0800 Uncommon trap: trap_request=0xffffff45 fr.pc=0x0000016222e56ef0 relative=0x00000000000007d0
Event: 3.968 Thread 0x00000162332e0800 Uncommon trap: reason=unstable_if action=reinterpret pc=0x0000016222e56ef0 method=org.sqlite.SQLiteJDBCLoader.contentsEquals(Ljava/io/InputStream;Ljava/io/InputStream;)Z @ 39 c2
Event: 3.968 Thread 0x00000162332e0800 DEOPT PACKING pc=0x0000016222e56ef0 sp=0x0000005a78afdd20
Event: 3.968 Thread 0x00000162332e0800 DEOPT UNPACKING pc=0x000001621b37912f sp=0x0000005a78afdcf8 mode 2

Classes unloaded (0 events):
No events

Classes redefined (0 events):
No events

Internal exceptions (20 events):
Event: 0.398 Thread 0x0000016212b8e800 Exception <a 'java/lang/ClassNotFoundException'{0x000000076b922fd0}: ToolBar> (0x000000076b922fd0) 
thrown [t:/workspace/open/src/hotspot/share/classfile/systemDictionary.cpp, line 226]
Event: 0.398 Thread 0x0000016212b8e800 Exception <a 'java/lang/ClassNotFoundException'{0x000000076b923330}: Button> (0x000000076b923330) 
thrown [t:/workspace/open/src/hotspot/share/classfile/systemDictionary.cpp, line 226]
Event: 0.398 Thread 0x0000016212b8e800 Exception <a 'java/lang/ClassNotFoundException'{0x000000076b9237f8}: ToolBar> (0x000000076b9237f8) 
thrown [t:/workspace/open/src/hotspot/share/classfile/systemDictionary.cpp, line 226]
Event: 0.398 Thread 0x0000016212b8e800 Exception <a 'java/lang/ClassNotFoundException'{0x000000076b923b68}: ToggleButton> (0x000000076b923b68) 
thrown [t:/workspace/open/src/hotspot/share/classfile/systemDictionary.cpp, line 226]
Event: 0.398 Thread 0x0000016212b8e800 Exception <a 'java/lang/ClassNotFoundException'{0x000000076b923fa8}: javax/swing/JToolBarSeparator> (0x000000076b923fa8) 
thrown [t:/workspace/open/src/hotspot/share/classfile/systemDictionary.cpp, line 226]
Event: 0.398 Thread 0x0000016212b8e800 Exception <a 'java/lang/ClassNotFoundException'{0x000000076b9242b0}: ToolBarSeparator> (0x000000076b9242b0) 
thrown [t:/workspace/open/src/hotspot/share/classfile/systemDictionary.cpp, line 226]
Event: 0.398 Thread 0x0000016212b8e800 Exception <a 'java/lang/ClassNotFoundException'{0x000000076b9247c8}: ToolTip> (0x000000076b9247c8) 
thrown [t:/workspace/open/src/hotspot/share/classfile/systemDictionary.cpp, line 226]
Event: 0.399 Thread 0x0000016212b8e800 Exception <a 'java/lang/ClassNotFoundException'{0x000000076b925118}: Tree> (0x000000076b925118) 
thrown [t:/workspace/open/src/hotspot/share/classfile/systemDictionary.cpp, line 226]
Event: 0.399 Thread 0x0000016212b8e800 Exception <a 'java/lang/ClassNotFoundException'{0x000000076b925610}: Tree> (0x000000076b925610) 
thrown [t:/workspace/open/src/hotspot/share/classfile/systemDictionary.cpp, line 226]
Event: 0.399 Thread 0x0000016212b8e800 Exception <a 'java/lang/ClassNotFoundException'{0x000000076b925980}: javax/swing/JTreeCell> (0x000000076b925980) 
thrown [t:/workspace/open/src/hotspot/share/classfile/systemDictionary.cpp, line 226]
Event: 0.399 Thread 0x0000016212b8e800 Exception <a 'java/lang/ClassNotFoundException'{0x000000076b925c80}: TreeCell> (0x000000076b925c80) 
thrown [t:/workspace/open/src/hotspot/share/classfile/systemDictionary.cpp, line 226]
Event: 0.400 Thread 0x0000016212b8e800 Exception <a 'java/lang/ClassNotFoundException'{0x000000076b926440}: RootPane> (0x000000076b926440) 
thrown [t:/workspace/open/src/hotspot/share/classfile/systemDictionary.cpp, line 226]
Event: 0.401 Thread 0x0000016212b8e800 Exception <a 'java/lang/ClassNotFoundException'{0x000000076b929270}: com/sun/swing/internal/plaf/metal/resources/spi/metalProvider> (0x000000076b929270) 
thrown [t:/workspace/open/src/hotspot/share/classfile/systemDictionary.cpp, line 226]
Event: 0.403 Thread 0x0000016212b8e800 Exception <a 'java/lang/ClassNotFoundException'{0x000000076b92d678}: com/sun/swing/internal/plaf/basic/resources/spi/basicProvider> (0x000000076b92d678) 
thrown [t:/workspace/open/src/hotspot/share/classfile/systemDictionary.cpp, line 226]
Event: 0.498 Thread 0x00000162332e0800 Exception <a 'java/lang/ClassNotFoundException'{0x000000076b996958}: com/sun/swing/internal/plaf/synth/resources/spi/synthProvider> (0x000000076b996958) 
thrown [t:/workspace/open/src/hotspot/share/classfile/systemDictionary.cpp, line 226]
Event: 0.636 Thread 0x00000162332e0800 Exception <a 'java/lang/NoSuchMethodError'{0x000000076b8c0ad8}: 'void java.lang.invoke.DirectMethodHandle$Holder.invokeStaticInit(java.lang.Object)'> (0x000000076b8c0ad8) 
thrown [t:/workspace/open/src/hotspot/share/interpreter/linkResolver.cpp, line 766]
Event: 0.649 Thread 0x00000162332e0800 Exception <a 'java/lang/NoSuchMethodError'{0x000000076b8e81d0}: 'java.lang.Object java.lang.invoke.Invokers$Holder.linkToTargetMethod(java.lang.Object, int, java.lang.Object)'> (0x000000076b8e81d0) 
thrown [t:/workspace/open/src/hotspot/share/interpreter/linkResolver.cpp, line 766]
Event: 3.828 Thread 0x00000162332e0800 Exception <a 'java/lang/NoSuchMethodError'{0x000000076bddc878}: 'int java.lang.invoke.DirectMethodHandle$Holder.invokeSpecialIFC(java.lang.Object, java.lang.Object, int)'> (0x000000076bddc878) 
thrown [t:/workspace/open/src/hotspot/share/interpreter/linkResolver.cpp, line 766]
Event: 3.881 Thread 0x00000162332e0800 Exception <a 'java/lang/NoSuchMethodError'{0x000000076bcb9f20}: 'java.lang.Object java.lang.invoke.DirectMethodHandle$Holder.invokeStaticInit(java.lang.Object, int, int, int, int)'> (0x000000076bcb9f20) 
thrown [t:/workspace/open/src/hotspot/share/interpreter/linkResolver.cpp, line 766]
Event: 3.920 Thread 0x00000162332e0800 Exception <a 'java/lang/NoSuchMethodError'{0x000000076bcfc5e0}: 'java.lang.Object java.lang.invoke.DirectMethodHandle$Holder.invokeStaticInit(java.lang.Object, java.lang.Object, int, int, int, int)'> (0x000000076bcfc5e0) 
thrown [t:/workspace/open/src/hotspot/share/interpreter/linkResolver.cpp, line 766]

Events (20 events):
Event: 3.933 loading class java/io/FilePermission$1 done
Event: 3.946 loading class java/io/DeleteOnExitHook
Event: 3.946 loading class java/io/DeleteOnExitHook done
Event: 3.946 loading class java/io/DeleteOnExitHook$1
Event: 3.946 loading class java/io/DeleteOnExitHook$1 done
Event: 3.946 Executing VM operation: HandshakeOneThread
Event: 3.946 Executing VM operation: HandshakeOneThread done
Event: 3.946 loading class java/io/FileOutputStream$1
Event: 3.946 loading class java/io/FileOutputStream$1 done
Event: 3.973 Loaded shared library C:\Users\maria\AppData\Local\Temp\sqlite-3.8.11.2-58520975-6f70-4b78-bef7-8a5b24a94c08-sqlitejdbc.dll
Event: 3.978 loading class java/lang/UnsupportedOperationException
Event: 3.978 loading class java/lang/UnsupportedOperationException done
Event: 3.979 loading class java/lang/NumberFormatException
Event: 3.979 loading class java/lang/NumberFormatException done
Event: 3.979 loading class java/io/StringReader
Event: 3.979 loading class java/io/StringReader done
Event: 3.980 loading class java/util/regex/Pattern$BnM
Event: 3.980 loading class java/util/regex/Pattern$BnM done
Event: 3.980 loading class java/util/regex/Pattern$SliceS
Event: 3.980 loading class java/util/regex/Pattern$SliceS done


Dynamic libraries:
0x00007ff6c65a0000 - 0x00007ff6c65af000 	C:\Program Files\Java\jdk-14\bin\java.exe
0x00007ff8e80d0000 - 0x00007ff8e82c8000 	C:\WINDOWS\SYSTEM32\ntdll.dll
0x00007ff8e6130000 - 0x00007ff8e61ef000 	C:\WINDOWS\System32\KERNEL32.DLL
0x00007ff8e57b0000 - 0x00007ff8e5aa6000 	C:\WINDOWS\System32\KERNELBASE.dll
0x00007ff8e3030000 - 0x00007ff8e30c1000 	C:\WINDOWS\SYSTEM32\apphelp.dll
0x00007ff8e5db0000 - 0x00007ff8e5eb0000 	C:\WINDOWS\System32\ucrtbase.dll
0x00007ff8de860000 - 0x00007ff8de878000 	C:\Program Files\Java\jdk-14\bin\jli.dll
0x00007ff8e6850000 - 0x00007ff8e68ff000 	C:\WINDOWS\System32\ADVAPI32.dll
0x00007ff8e62c0000 - 0x00007ff8e635e000 	C:\WINDOWS\System32\msvcrt.dll
0x00007ff8e7220000 - 0x00007ff8e72bc000 	C:\WINDOWS\System32\sechost.dll
0x00007ff8e72c0000 - 0x00007ff8e73e6000 	C:\WINDOWS\System32\RPCRT4.dll
0x00007ff8e6c60000 - 0x00007ff8e6dfd000 	C:\WINDOWS\System32\USER32.dll
0x00007ff8e5cf0000 - 0x00007ff8e5d12000 	C:\WINDOWS\System32\win32u.dll
0x00007ff8e6e00000 - 0x00007ff8e6e2c000 	C:\WINDOWS\System32\GDI32.dll
0x00007ff8e5b00000 - 0x00007ff8e5c15000 	C:\WINDOWS\System32\gdi32full.dll
0x00007ff8e5c20000 - 0x00007ff8e5cbd000 	C:\WINDOWS\System32\msvcp_win.dll
0x00007ff8d6e30000 - 0x00007ff8d6e45000 	C:\Program Files\Java\jdk-14\bin\VCRUNTIME140.dll
0x00007ff8dd390000 - 0x00007ff8dd62a000 	C:\WINDOWS\WinSxS\amd64_microsoft.windows.common-controls_6595b64144ccf1df_6.0.19041.1110_none_60b5254171f9507e\COMCTL32.dll
0x00007ff8dd930000 - 0x00007ff8dd93a000 	C:\WINDOWS\SYSTEM32\VERSION.dll
0x00007ff8e64e0000 - 0x00007ff8e6510000 	C:\WINDOWS\System32\IMM32.DLL
0x00007ff8d6580000 - 0x00007ff8d661b000 	C:\Program Files\Java\jdk-14\bin\msvcp140.dll
0x00007ff8a1850000 - 0x00007ff8a236f000 	C:\Program Files\Java\jdk-14\bin\server\jvm.dll
0x00007ff8e61f0000 - 0x00007ff8e61f8000 	C:\WINDOWS\System32\PSAPI.DLL
0x00007ff8dd900000 - 0x00007ff8dd927000 	C:\WINDOWS\SYSTEM32\WINMM.dll
0x00007ff8dd350000 - 0x00007ff8dd359000 	C:\WINDOWS\SYSTEM32\WSOCK32.dll
0x00007ff8e6ec0000 - 0x00007ff8e6f2b000 	C:\WINDOWS\System32\WS2_32.dll
0x00007ff8e3610000 - 0x00007ff8e3622000 	C:\WINDOWS\SYSTEM32\kernel.appcore.dll
0x00007ff8dd0c0000 - 0x00007ff8dd0ca000 	C:\Program Files\Java\jdk-14\bin\jimage.dll
0x00007ff8dcd10000 - 0x00007ff8dcef4000 	C:\WINDOWS\SYSTEM32\DBGHELP.DLL
0x00007ff8dc0a0000 - 0x00007ff8dc0d4000 	C:\WINDOWS\SYSTEM32\dbgcore.DLL
0x00007ff8e5d20000 - 0x00007ff8e5da2000 	C:\WINDOWS\System32\bcryptPrimitives.dll
0x00007ff8d6750000 - 0x00007ff8d6775000 	C:\Program Files\Java\jdk-14\bin\java.dll
0x00007ff8d6730000 - 0x00007ff8d6747000 	C:\Program Files\Java\jdk-14\bin\zip.dll
0x00007ff8e73f0000 - 0x00007ff8e7b34000 	C:\WINDOWS\System32\SHELL32.dll
0x00007ff8e3810000 - 0x00007ff8e3fa3000 	C:\WINDOWS\SYSTEM32\windows.storage.dll
0x00007ff8e6900000 - 0x00007ff8e6c54000 	C:\WINDOWS\System32\combase.dll
0x00007ff8e5040000 - 0x00007ff8e506e000 	C:\WINDOWS\SYSTEM32\Wldp.dll
0x00007ff8e6430000 - 0x00007ff8e64dd000 	C:\WINDOWS\System32\SHCORE.dll
0x00007ff8e6260000 - 0x00007ff8e62b5000 	C:\WINDOWS\System32\shlwapi.dll
0x00007ff8e56e0000 - 0x00007ff8e5705000 	C:\WINDOWS\SYSTEM32\profapi.dll
0x00007ff8d6710000 - 0x00007ff8d6729000 	C:\Program Files\Java\jdk-14\bin\net.dll
0x00007ff8db6f0000 - 0x00007ff8db7fa000 	C:\WINDOWS\SYSTEM32\WINHTTP.dll
0x00007ff8e4e20000 - 0x00007ff8e4e8a000 	C:\WINDOWS\system32\mswsock.dll
0x00007ff8d66f0000 - 0x00007ff8d6702000 	C:\Program Files\Java\jdk-14\bin\nio.dll
0x00007ff8d5940000 - 0x00007ff8d5ad8000 	C:\Program Files\Java\jdk-14\bin\awt.dll
0x00007ff8e6360000 - 0x00007ff8e642d000 	C:\WINDOWS\System32\OLEAUT32.dll
0x00007ff8e3140000 - 0x00007ff8e31de000 	C:\WINDOWS\system32\uxtheme.dll
0x00007ff8e6510000 - 0x00007ff8e6624000 	C:\WINDOWS\System32\MSCTF.dll
0x00007ff8e6720000 - 0x00007ff8e684a000 	C:\WINDOWS\System32\ole32.dll
0x00007ff8e3430000 - 0x00007ff8e345f000 	C:\WINDOWS\system32\DWMAPI.DLL
0x00007ff8d6070000 - 0x00007ff8d60f2000 	C:\Program Files\Java\jdk-14\bin\freetype.dll
0x00007ff8d4270000 - 0x00007ff8d4316000 	C:\Program Files\Java\jdk-14\bin\fontmanager.dll
0x00007ff8d4320000 - 0x00007ff8d4445000 	C:\WINDOWS\system32\opengl32.dll
0x00007ff8d6100000 - 0x00007ff8d612c000 	C:\WINDOWS\SYSTEM32\GLU32.dll
0x00007ff8a3760000 - 0x00007ff8a392d000 	C:\WINDOWS\system32\d3d9.dll
0x00007ff8dd940000 - 0x00007ff8ddafb000 	C:\WINDOWS\System32\DriverStore\FileRepository\u0385914.inf_amd64_728327554da2f068\B382773\aticfx64.dll
0x00007ff8d41a0000 - 0x00007ff8d41d4000 	C:\WINDOWS\System32\DriverStore\FileRepository\u0385914.inf_amd64_728327554da2f068\B382773\atiu9p64.dll
0x00007ff893c10000 - 0x00007ff894965000 	C:\WINDOWS\System32\DriverStore\FileRepository\u0385914.inf_amd64_728327554da2f068\B382773\atiumd64.dll
0x0000000056350000 - 0x0000000057277000 	C:\WINDOWS\System32\DriverStore\FileRepository\u0385914.inf_amd64_728327554da2f068\B382773\atiumd6a.dll
0x00007ff8e7c20000 - 0x00007ff8e808e000 	C:\WINDOWS\System32\SETUPAPI.dll
0x00007ff8e5ab0000 - 0x00007ff8e5afe000 	C:\WINDOWS\System32\cfgmgr32.dll
0x00007ff8e5cc0000 - 0x00007ff8e5ce7000 	C:\WINDOWS\System32\bcrypt.dll
0x00007ff8e5610000 - 0x00007ff8e565b000 	C:\WINDOWS\SYSTEM32\POWRPROF.dll
0x00007ff8e55f0000 - 0x00007ff8e5602000 	C:\WINDOWS\SYSTEM32\UMPDC.dll
0x00007ff8dccc0000 - 0x00007ff8dccf5000 	C:\WINDOWS\SYSTEM32\amdihk64.dll
0x00007ff8ddb10000 - 0x00007ff8ddb4b000 	C:\WINDOWS\SYSTEM32\dxcore.dll
0x00007ff8e6f40000 - 0x00007ff8e6fe9000 	C:\WINDOWS\System32\clbcatq.dll
0x00007ff8dfd80000 - 0x00007ff8dff34000 	C:\WINDOWS\SYSTEM32\WindowsCodecs.dll
0x00007ff8b9b60000 - 0x00007ff8b9b9e000 	C:\WINDOWS\system32\dataexchange.dll
0x00007ff8e2490000 - 0x00007ff8e2673000 	C:\WINDOWS\system32\dcomp.dll
0x00007ff8e1c20000 - 0x00007ff8e1e83000 	C:\WINDOWS\system32\d3d11.dll
0x00007ff8e4010000 - 0x00007ff8e4103000 	C:\WINDOWS\system32\dxgi.dll
0x00007ff8e0010000 - 0x00007ff8e0217000 	C:\WINDOWS\system32\twinapi.appcore.dll
0x00007ff8d6a10000 - 0x00007ff8d6b0a000 	C:\WINDOWS\SYSTEM32\textinputframework.dll
0x00007ff8e2a00000 - 0x00007ff8e2d5e000 	C:\WINDOWS\System32\CoreUIComponents.dll
0x00007ff8e2d60000 - 0x00007ff8e2e52000 	C:\WINDOWS\System32\CoreMessaging.dll
0x00007ff8e4870000 - 0x00007ff8e48a3000 	C:\WINDOWS\SYSTEM32\ntmarta.dll
0x00007ff8e1570000 - 0x00007ff8e16c4000 	C:\WINDOWS\SYSTEM32\wintypes.dll
0x00007ff8e5080000 - 0x00007ff8e5098000 	C:\WINDOWS\SYSTEM32\CRYPTSP.dll
0x00007ff8e4750000 - 0x00007ff8e4784000 	C:\WINDOWS\system32\rsaenh.dll
0x00007ff8e56a0000 - 0x00007ff8e56ce000 	C:\WINDOWS\SYSTEM32\USERENV.dll
0x00007ff8e4fb0000 - 0x00007ff8e4fbc000 	C:\WINDOWS\SYSTEM32\CRYPTBASE.dll
0x00007ff8e4b30000 - 0x00007ff8e4b6b000 	C:\WINDOWS\SYSTEM32\IPHLPAPI.DLL
0x00007ff8e6f30000 - 0x00007ff8e6f38000 	C:\WINDOWS\System32\NSI.dll
0x00007ff8dca70000 - 0x00007ff8dca87000 	C:\WINDOWS\SYSTEM32\dhcpcsvc6.DLL
0x00007ff8dcb10000 - 0x00007ff8dcb2d000 	C:\WINDOWS\SYSTEM32\dhcpcsvc.DLL
0x00007ff8e4b70000 - 0x00007ff8e4c3a000 	C:\WINDOWS\SYSTEM32\DNSAPI.dll
0x000000006d580000 - 0x000000006d63d000 	C:\Users\maria\AppData\Local\Temp\sqlite-3.8.11.2-58520975-6f70-4b78-bef7-8a5b24a94c08-sqlitejdbc.dll

dbghelp: loaded successfully - version: 4.0.5 - missing functions: none
symbol engine: initialized successfully - sym options: 0x614 - pdb path: .;C:\Program Files\Java\jdk-14\bin;C:\WINDOWS\SYSTEM32;C:\WINDOWS\WinSxS\amd64_microsoft.windows.common-controls_6595b64144ccf1df_6.0.19041.1110_none_60b5254171f9507e;C:\Program Files\Java\jdk-14\bin\server;C:\WINDOWS\System32\DriverStore\FileRepository\u0385914.inf_amd64_728327554da2f068\B382773;C:\Users\maria\AppData\Local\Temp

VM Arguments:
jvm_args: -Dfile.encoding=UTF-8 --module-path=C:\NetBeansProjects\sistema\build\classes 
java_command: sistema.empleadosGUI.frmEmpleados
java_class_path (initial): C:\db\sqlite-jdbc-3.8.11.2.jar;C:\NetBeansProjects\sistema\build\classes
Launcher Type: SUN_STANDARD

[Global flags]
     intx CICompilerCount                          = 2                                         {product} {ergonomic}
     uint ConcGCThreads                            = 1                                         {product} {ergonomic}
     uint G1ConcRefinementThreads                  = 2                                         {product} {ergonomic}
   size_t G1HeapRegionSize                         = 1048576                                   {product} {ergonomic}
    uintx GCDrainStackTargetSize                   = 64                                        {product} {ergonomic}
   size_t InitialHeapSize                          = 167772160                                 {product} {ergonomic}
   size_t MarkStackSize                            = 4194304                                   {product} {ergonomic}
   size_t MaxHeapSize                              = 2652897280                                {product} {ergonomic}
   size_t MaxNewSize                               = 1591738368                                {product} {ergonomic}
   size_t MinHeapDeltaBytes                        = 1048576                                   {product} {ergonomic}
   size_t MinHeapSize                              = 8388608                                   {product} {ergonomic}
    uintx NonNMethodCodeHeapSize                   = 5826188                                {pd product} {ergonomic}
    uintx NonProfiledCodeHeapSize                  = 122916026                              {pd product} {ergonomic}
    uintx ProfiledCodeHeapSize                     = 122916026                              {pd product} {ergonomic}
    uintx ReservedCodeCacheSize                    = 251658240                              {pd product} {ergonomic}
     bool SegmentedCodeCache                       = true                                      {product} {ergonomic}
   size_t SoftMaxHeapSize                          = 2652897280                             {manageable} {ergonomic}
     bool UseCompressedClassPointers               = true                                 {lp64_product} {ergonomic}
     bool UseCompressedOops                        = true                                 {lp64_product} {ergonomic}
     bool UseG1GC                                  = true                                      {product} {ergonomic}
     bool UseLargePagesIndividualAllocation        = false                                  {pd product} {ergonomic}

Logging:
Log output configuration:
 #0: stdout all=warning uptime,level,tags
 #1: stderr all=off uptime,level,tags

Environment Variables:
PATH=C:\WINDOWS\system32;C:\WINDOWS;C:\WINDOWS\System32\Wbem;C:\WINDOWS\System32\WindowsPowerShell\v1.0\;C:\WINDOWS\System32\OpenSSH\;C:\Program Files\Git\cmd;C:\Program Files\nodejs\;C:\Program Files\Microsoft SQL Server\Client SDK\ODBC\170\Tools\Binn\;C:\Program Files (x86)\Microsoft SQL Server\150\Tools\Binn\;C:\Program Files\Microsoft SQL Server\150\Tools\Binn\;C:\Program Files\Microsoft SQL Server\150\DTS\Binn\;C:\Program Files (x86)\Microsoft SQL Server\150\DTS\Binn\;C:\Program Files (x86)\Microsoft SQL Server\160\DTS\Binn\;C:\Program Files\Azure Data Studio\bin;C:\Users\maria\AppData\Local\Microsoft\WindowsApps;C:\Users\maria\AppData\Local\Programs\Microsoft VS Code\bin;C:\Users\maria\AppData\Local\GitHubDesktop\bin;C:\Users\maria\AppData\Roaming\npm;C:\Program Files\Azure Data Studio\bin
USERNAME=maria
OS=Windows_NT
PROCESSOR_IDENTIFIER=AMD64 Family 23 Model 24 Stepping 1, AuthenticAMD



---------------  S Y S T E M  ---------------

OS: Windows 10 , 64 bit Build 19041 (10.0.19041.3155)
OS uptime: 9 days 16:30 hours
HyperV virtualization detected

CPU:total 2 (initial active 2) (2 cores per cpu, 1 threads per core) family 23 model 24 stepping 1, cmov, cx8, fxsr, mmx, sse, sse2, sse3, ssse3, sse4.1, sse4.2, popcnt, avx, avx2, aes, clmul, mmxext, 3dnowpref, lzcnt, sse4a, tsc, tscinvbit, tscinv, bmi1, bmi2, adx, sha, fma

Memory: 4k page, system-wide physical 10116M (3259M free)
TotalPageFile size 15741M (AvailPageFile size 3004M)
current process WorkingSet (physical memory assigned to process): 106M, peak: 106M
current process commit charge ("private bytes"): 291M, peak: 291M

vm_info: Java HotSpot(TM) 64-Bit Server VM (14+36-1461) for windows-amd64 JRE (14+36-1461), built on Feb  6 2020 19:08:04 by "mach5one" with MS VC++ 15.9 (VS2017)

END.
