#
# A fatal error has been detected by the Java Runtime Environment:
#
#  EXCEPTION_ACCESS_VIOLATION (0xc0000005) at pc=0x00007ff8a185cf10, pid=10176, tid=11812
#
# JRE version: Java(TM) SE Runtime Environment (14.0+36) (build 14+36-1461)
# Java VM: Java HotSpot(TM) 64-Bit Server VM (14+36-1461, mixed mode, sharing, tiered, compressed oops, g1 gc, windows-amd64)
# Problematic frame:
# V  [jvm.dll+0xcf10]
#
# No core dump will be written. Minidumps are not enabled by default on client versions of Windows
#
# If you would like to submit a bug report, please visit:
#   https://bugreport.java.com/bugreport/crash.jsp
#

---------------  S U M M A R Y ------------

Command Line: -Dfile.encoding=UTF-8 --module-path=C:\Users\maria\OneDrive\Documentos\NetBeansProjects\sistema\build\classes sistema.empleadosGUI.frmEmpleados

Host: AMD Athlon Silver 3050U with Radeon Graphics   , 2 cores, 9G,  Windows 10 , 64 bit Build 19041 (10.0.19041.3155)
Time: Sun Sep  3 13:55:27 2023 Hora est. Pacífico, Sudamérica elapsed time: 6 seconds (0d 0h 0m 6s)

---------------  T H R E A D  ---------------

Current thread (0x0000024aad0ab000):  JavaThread "AWT-EventQueue-0" [_thread_in_vm, id=11812, stack(0x000000b194100000,0x000000b194200000)]

Stack: [0x000000b194100000,0x000000b194200000],  sp=0x000000b1941fde38,  free space=1015k
Native frames: (J=compiled Java code, j=interpreted, Vv=VM code, C=native code)
V  [jvm.dll+0xcf10]

Java frames: (J=compiled Java code, j=interpreted, Vv=VM code)
j  org.sqlite.core.NativeDB.prepare(Ljava/lang/String;)J+0
j  org.sqlite.core.DB.prepare(Lorg/sqlite/core/CoreStatement;)V+21
j  org.sqlite.core.CorePreparedStatement.<init>(Lorg/sqlite/SQLiteConnection;Ljava/lang/String;)V+15
j  org.sqlite.jdbc3.JDBC3PreparedStatement.<init>(Lorg/sqlite/SQLiteConnection;Ljava/lang/String;)V+3
j  org.sqlite.jdbc4.JDBC4PreparedStatement.<init>(Lorg/sqlite/SQLiteConnection;Ljava/lang/String;)V+3
j  org.sqlite.jdbc4.JDBC4Connection.prepareStatement(Ljava/lang/String;III)Ljava/sql/PreparedStatement;+21
j  org.sqlite.jdbc3.JDBC3Connection.prepareStatement(Ljava/lang/String;II)Ljava/sql/PreparedStatement;+5
j  org.sqlite.jdbc3.JDBC3Connection.prepareStatement(Ljava/lang/String;)Ljava/sql/PreparedStatement;+8
j  sistema.empleadosDAL.conexion.ejecutarSentenciaSQL(Ljava/lang/String;)I+8
j  sistema.empleadosGUI.frmEmpleados.btnAgregarActionPerformed(Ljava/awt/event/ActionEvent;)V+12
j  sistema.empleadosGUI.frmEmpleados$2.actionPerformed(Ljava/awt/event/ActionEvent;)V+5
j  javax.swing.AbstractButton.fireActionPerformed(Ljava/awt/event/ActionEvent;)V+84 java.desktop@14
j  javax.swing.AbstractButton$Handler.actionPerformed(Ljava/awt/event/ActionEvent;)V+5 java.desktop@14
j  javax.swing.DefaultButtonModel.fireActionPerformed(Ljava/awt/event/ActionEvent;)V+34 java.desktop@14
j  javax.swing.DefaultButtonModel.setPressed(Z)V+117 java.desktop@14
j  javax.swing.plaf.basic.BasicButtonListener.mouseReleased(Ljava/awt/event/MouseEvent;)V+35 java.desktop@14
j  java.awt.Component.processMouseEvent(Ljava/awt/event/MouseEvent;)V+64 java.desktop@14
j  javax.swing.JComponent.processMouseEvent(Ljava/awt/event/MouseEvent;)V+23 java.desktop@14
j  java.awt.Component.processEvent(Ljava/awt/AWTEvent;)V+81 java.desktop@14
j  java.awt.Container.processEvent(Ljava/awt/AWTEvent;)V+18 java.desktop@14
j  java.awt.Component.dispatchEventImpl(Ljava/awt/AWTEvent;)V+496 java.desktop@14
J 1143 c1 java.awt.Container.dispatchEventImpl(Ljava/awt/AWTEvent;)V java.desktop@14 (129 bytes) @ 0x0000024a954caf9c [0x0000024a954cae40+0x000000000000015c]
J 1142 c1 java.awt.Component.dispatchEvent(Ljava/awt/AWTEvent;)V java.desktop@14 (6 bytes) @ 0x0000024a954caa64 [0x0000024a954ca940+0x0000000000000124]
j  java.awt.LightweightDispatcher.retargetMouseEvent(Ljava/awt/Component;ILjava/awt/event/MouseEvent;)V+349 java.desktop@14
j  java.awt.LightweightDispatcher.processMouseEvent(Ljava/awt/event/MouseEvent;)Z+155 java.desktop@14
j  java.awt.LightweightDispatcher.dispatchEvent(Ljava/awt/AWTEvent;)Z+50 java.desktop@14
J 1143 c1 java.awt.Container.dispatchEventImpl(Ljava/awt/AWTEvent;)V java.desktop@14 (129 bytes) @ 0x0000024a954caf3c [0x0000024a954cae40+0x00000000000000fc]
j  java.awt.Window.dispatchEventImpl(Ljava/awt/AWTEvent;)V+19 java.desktop@14
J 1224 c1 java.awt.EventQueue.dispatchEventImpl(Ljava/awt/AWTEvent;Ljava/lang/Object;)V java.desktop@14 (136 bytes) @ 0x0000024a954f9144 [0x0000024a954f8c20+0x0000000000000524]
J 1223 c1 java.awt.EventQueue$4.run()Ljava/lang/Void; java.desktop@14 (60 bytes) @ 0x0000024a954f8564 [0x0000024a954f8400+0x0000000000000164]
J 1222 c1 java.awt.EventQueue$4.run()Ljava/lang/Object; java.desktop@14 (5 bytes) @ 0x0000024a954f80d4 [0x0000024a954f8040+0x0000000000000094]
J 1098 c1 java.security.ProtectionDomain$JavaSecurityAccessImpl.doIntersectionPrivilege(Ljava/security/PrivilegedAction;Ljava/security/AccessControlContext;Ljava/security/AccessControlContext;)Ljava/lang/Object; java.base@14 (22 bytes) @ 0x0000024a954b4b04 [0x0000024a954b45e0+0x0000000000000524]
J 1128 c1 java.awt.EventQueue.dispatchEvent(Ljava/awt/AWTEvent;)V java.desktop@14 (80 bytes) @ 0x0000024a954c2614 [0x0000024a954c15e0+0x0000000000001034]
J 1225 c1 java.awt.EventDispatchThread.pumpOneEventForFilters(I)V java.desktop@14 (113 bytes) @ 0x0000024a954fbb24 [0x0000024a954fb380+0x00000000000007a4]
j  java.awt.EventDispatchThread.pumpEventsForFilter(ILjava/awt/Conditional;Ljava/awt/EventFilter;)V+35 java.desktop@14
j  java.awt.EventDispatchThread.pumpEventsForHierarchy(ILjava/awt/Conditional;Ljava/awt/Component;)V+11 java.desktop@14
j  java.awt.EventDispatchThread.pumpEvents(ILjava/awt/Conditional;)V+4 java.desktop@14
j  java.awt.EventDispatchThread.pumpEvents(Ljava/awt/Conditional;)V+3 java.desktop@14
j  java.awt.EventDispatchThread.run()V+9 java.desktop@14
v  ~StubRoutines::call_stub

siginfo: EXCEPTION_ACCESS_VIOLATION (0xc0000005), reading address 0x0000000000000000


Register to memory mapping:

RIP=0x00007ff8a185cf10 jvm.dll
RAX=0x0 is NULL
RBX=0x0000024aad0ab000 is a thread
RCX=0x0 is NULL
RDX=0x0 is NULL
RSP=0x000000b1941fde38 is pointing into the stack for thread: 0x0000024aad0ab000
RBP=0x0 is NULL
RSI=0x0 is NULL
RDI=0x0000024aad0ab000 is a thread
R8 =0x0 is NULL
R9 =0x000000076bb85730 is an oop: org.sqlite.core.NativeDB 
{0x000000076bb85730} - klass: 'org/sqlite/core/NativeDB'
R10=0x00007ff8a22ab890 jvm.dll
R11=0x0000000000000010 is an unknown value
R12=0x0000024ab1f7bbd8 points into unknown readable memory: 60 8c 61 6d 00 00 00 00
R13=0x0000024ab2e1e940 is pointing into metadata
R14=0x000000b1941fdf00 is pointing into the stack for thread: 0x0000024aad0ab000
R15=0x0 is NULL


Registers:
RAX=0x0000000000000000, RBX=0x0000024aad0ab000, RCX=0x0000000000000000, RDX=0x0000000000000000
RSP=0x000000b1941fde38, RBP=0x0000000000000000, RSI=0x0000000000000000, RDI=0x0000024aad0ab000
R8 =0x0000000000000000, R9 =0x000000076bb85730, R10=0x00007ff8a22ab890, R11=0x0000000000000010
R12=0x0000024ab1f7bbd8, R13=0x0000024ab2e1e940, R14=0x000000b1941fdf00, R15=0x0000000000000000
RIP=0x00007ff8a185cf10, EFLAGS=0x0000000000010246

Top of Stack: (sp=0x000000b1941fde38)
0x000000b1941fde38:   00007ff8a1bdd2ed 0000024ab2f75c1f
0x000000b1941fde48:   0000000000000000 00003750d8f51ade
0x000000b1941fde58:   0000000000000000 0000024aad0ab000
0x000000b1941fde68:   0000000000000000 000000b1941fdfc8
0x000000b1941fde78:   000000b1941fdff0 0000000000000000
0x000000b1941fde88:   0000000000000000 0000024ab2e1e940
0x000000b1941fde98:   00007ff8a1dfd298 0000024a94d5a1b3
0x000000b1941fdea8:   000000b1941fdff0 0000024aad0ab000
0x000000b1941fdeb8:   000000b1941fdff0 0000024a94d5a1b3
0x000000b1941fdec8:   000000006d58204d 0000024aad0ab310
0x000000b1941fded8:   000000b1941fdff0 0000000000000000
0x000000b1941fdee8:   0000000000000000 0000024ab2e1e948
0x000000b1941fdef8:   0000024aad0ab000 0000024a94d5a1b3
0x000000b1941fdf08:   0000024a94d5fefd 0000024ab2e1e948
0x000000b1941fdf18:   0000000000000000 0000024a94d5a1b3
0x000000b1941fdf28:   000000b1941fdfc8 0000000000000000 

Instructions: (pc=0x00007ff8a185cf10)
0x00007ff8a185ce10:   f4 b1 9a 00 48 83 c4 20 5b 48 ff e0 48 8d 05 ed
0x00007ff8a185ce20:   00 00 00 48 8b cb 48 89 05 db b1 9a 00 48 83 c4
0x00007ff8a185ce30:   20 5b 48 ff e0 48 8d 05 d4 00 00 00 48 8b cb 48
0x00007ff8a185ce40:   89 05 c2 b1 9a 00 48 83 c4 20 5b 48 ff e0 48 8b
0x00007ff8a185ce50:   0d 3b cd a0 00 8b 51 10 83 ea 01 0f 84 8b 00 00
0x00007ff8a185ce60:   00 83 ea 01 74 6d 83 ea 01 74 4f 83 fa 01 74 31
0x00007ff8a185ce70:   4c 8d 05 81 ad 78 00 ba e8 00 00 00 48 8d 0d ad
0x00007ff8a185ce80:   ad 78 00 e8 28 01 20 00 e8 b3 b0 5e 00 33 c0 48
0x00007ff8a185ce90:   8b cb 48 89 05 6f b1 9a 00 48 83 c4 20 5b 48 ff
0x00007ff8a185cea0:   e0 48 8d 05 78 00 00 00 48 8b cb 48 89 05 56 b1
0x00007ff8a185ceb0:   9a 00 48 83 c4 20 5b 48 ff e0 48 8d 05 4f 00 00
0x00007ff8a185cec0:   00 48 8b cb 48 89 05 3d b1 9a 00 48 83 c4 20 5b
0x00007ff8a185ced0:   48 ff e0 48 8d 05 36 00 00 00 48 8b cb 48 89 05
0x00007ff8a185cee0:   24 b1 9a 00 48 83 c4 20 5b 48 ff e0 48 8d 05 1d
0x00007ff8a185cef0:   00 00 00 48 8b cb 48 89 05 0b b1 9a 00 48 83 c4
0x00007ff8a185cf00:   20 5b 48 ff e0 cc cc cc cc cc cc cc cc cc cc cc
0x00007ff8a185cf10:   48 8b 01 c3 cc cc cc cc cc cc cc cc cc cc cc cc
0x00007ff8a185cf20:   48 8b 11 e9 48 fd ff ff cc cc cc cc cc cc cc cc
0x00007ff8a185cf30:   8b 44 24 30 45 03 c9 44 2b 4c 24 28 83 c0 0b 44
0x00007ff8a185cf40:   03 ca 45 03 c8 41 03 c1 c3 cc cc cc cc cc cc cc
0x00007ff8a185cf50:   48 8b 41 08 0f b7 48 32 0f b7 40 30 83 c0 48 03
0x00007ff8a185cf60:   c1 c3 cc cc cc cc cc cc cc cc cc cc cc cc cc cc
0x00007ff8a185cf70:   48 89 5c 24 18 56 48 83 ec 20 48 85 15 87 ff a7
0x00007ff8a185cf80:   00 48 8b da 48 8b f1 75 25 48 8b 05 88 ff a7 00
0x00007ff8a185cf90:   33 c9 48 23 c2 48 0b 05 5c ff a7 00 48 85 d2 48
0x00007ff8a185cfa0:   0f 44 c1 48 8b 5c 24 40 48 83 c4 20 5e c3 48 8b
0x00007ff8a185cfb0:   cb 48 89 6c 24 30 e8 d5 4e 76 00 48 8b e8 48 85
0x00007ff8a185cfc0:   f6 74 5d 48 85 c0 74 58 48 89 7c 24 38 48 8b 3d
0x00007ff8a185cfd0:   44 ff a7 00 48 23 f8 48 0b 3d 72 ff a7 00 74 3b
0x00007ff8a185cfe0:   48 8b 05 51 d0 9c 00 4c 8b c3 48 8b d6 48 8b cf
0x00007ff8a185cff0:   ff d0 48 3b c3 74 24 48 85 05 0a ff a7 00 74 1b
0x00007ff8a185d000:   4c 8b 0d 31 d0 9c 00 4c 8b c0 48 8b d6 48 8b cf 


Stack slot to memory mapping:
stack at sp + 0 slots: 0x00007ff8a1bdd2ed jvm.dll
stack at sp + 1 slots: 0x0000024ab2f75c1f is pointing into metadata
stack at sp + 2 slots: 0x0 is NULL
stack at sp + 3 slots: 0x00003750d8f51ade is an unknown value
stack at sp + 4 slots: 0x0 is NULL
stack at sp + 5 slots: 0x0000024aad0ab000 is a thread
stack at sp + 6 slots: 0x0 is NULL
stack at sp + 7 slots: 0x000000b1941fdfc8 is pointing into the stack for thread: 0x0000024aad0ab000


---------------  P R O C E S S  ---------------

Threads class SMR info:
_java_thread_list=0x0000024aad389480, length=17, elements={
0x0000024aabd2d000, 0x0000024aabd2f000, 0x0000024aabd44000, 0x0000024aabd47000,
0x0000024aabd49800, 0x0000024aabd4a800, 0x0000024aabd52000, 0x0000024aac590800,
0x0000024aac696800, 0x0000024aac6f8800, 0x0000024aac914800, 0x0000024aac8e7800,
0x0000024aac8e8800, 0x0000024aad0ab000, 0x0000024a8c5af000, 0x0000024aad53b000,
0x0000024aad6dc000
}

Java Threads: ( => current thread )
  0x0000024aabd2d000 JavaThread "Reference Handler" daemon [_thread_blocked, id=13284, stack(0x000000b193300000,0x000000b193400000)]
  0x0000024aabd2f000 JavaThread "Finalizer" daemon [_thread_blocked, id=11284, stack(0x000000b193400000,0x000000b193500000)]
  0x0000024aabd44000 JavaThread "Signal Dispatcher" daemon [_thread_blocked, id=8220, stack(0x000000b193500000,0x000000b193600000)]
  0x0000024aabd47000 JavaThread "Attach Listener" daemon [_thread_blocked, id=2452, stack(0x000000b193600000,0x000000b193700000)]
  0x0000024aabd49800 JavaThread "Service Thread" daemon [_thread_blocked, id=8792, stack(0x000000b193700000,0x000000b193800000)]
  0x0000024aabd4a800 JavaThread "C2 CompilerThread0" daemon [_thread_blocked, id=6212, stack(0x000000b193800000,0x000000b193900000)]
  0x0000024aabd52000 JavaThread "C1 CompilerThread0" daemon [_thread_blocked, id=2116, stack(0x000000b193900000,0x000000b193a00000)]
  0x0000024aac590800 JavaThread "Sweeper thread" daemon [_thread_blocked, id=10484, stack(0x000000b193a00000,0x000000b193b00000)]
  0x0000024aac696800 JavaThread "Common-Cleaner" daemon [_thread_blocked, id=8696, stack(0x000000b193b00000,0x000000b193c00000)]
  0x0000024aac6f8800 JavaThread "Notification Thread" daemon [_thread_blocked, id=864, stack(0x000000b193c00000,0x000000b193d00000)]
  0x0000024aac914800 JavaThread "Java2D Disposer" daemon [_thread_blocked, id=10188, stack(0x000000b193e00000,0x000000b193f00000)]
  0x0000024aac8e7800 JavaThread "AWT-Shutdown" [_thread_blocked, id=10948, stack(0x000000b193f00000,0x000000b194000000)]
  0x0000024aac8e8800 JavaThread "AWT-Windows" daemon [_thread_in_native, id=8580, stack(0x000000b194000000,0x000000b194100000)]
=>0x0000024aad0ab000 JavaThread "AWT-EventQueue-0" [_thread_in_vm, id=11812, stack(0x000000b194100000,0x000000b194200000)]
  0x0000024a8c5af000 JavaThread "DestroyJavaVM" [_thread_blocked, id=11220, stack(0x000000b192b00000,0x000000b192c00000)]
  0x0000024aad53b000 JavaThread "D3D Screen Updater" daemon [_thread_blocked, id=4524, stack(0x000000b194900000,0x000000b194a00000)]
  0x0000024aad6dc000 JavaThread "TimerQueue" daemon [_thread_blocked, id=1252, stack(0x000000b194a00000,0x000000b194b00000)]

Other Threads:
  0x0000024aabd29800 VMThread "VM Thread" [stack: 0x000000b193200000,0x000000b193300000] [id=14216]
  0x0000024aac71b000 WatcherThread [stack: 0x000000b193d00000,0x000000b193e00000] [id=11204]
  0x0000024a8c5f3800 GCTaskThread "GC Thread#0" [stack: 0x000000b192d00000,0x000000b192e00000] [id=6344]
  0x0000024aac5b1000 GCTaskThread "GC Thread#1" [stack: 0x000000b194d00000,0x000000b194e00000] [id=16296]
  0x0000024a8c609000 ConcurrentGCThread "G1 Main Marker" [stack: 0x000000b192e00000,0x000000b192f00000] [id=7772]
  0x0000024a8c60a000 ConcurrentGCThread "G1 Conc#0" [stack: 0x000000b192f00000,0x000000b193000000] [id=1384]
  0x0000024aabb97800 ConcurrentGCThread "G1 Refine#0" [stack: 0x000000b193000000,0x000000b193100000] [id=14280]
  0x0000024aad417800 ConcurrentGCThread "G1 Refine#1" [stack: 0x000000b194e00000,0x000000b194f00000] [id=4304]
  0x0000024aabb98800 ConcurrentGCThread "G1 Young RemSet Sampling" [stack: 0x000000b193100000,0x000000b193200000] [id=12964]

Threads with active compile tasks:

VM state:not at safepoint (normal execution)

VM Mutex/Monitor currently owned by a thread: None

Heap address: 0x0000000761e00000, size: 2530 MB, Compressed Oops mode: Zero based, Oop shift amount: 3
Narrow klass base: 0x0000000800000000, Narrow klass shift: 3
Compressed class space size: 1073741824 Address: 0x0000000800b30000

Heap:
 garbage-first heap   total 163840K, used 4962K [0x0000000761e00000, 0x0000000800000000)
  region size 1024K, 4 young (4096K), 1 survivors (1024K)
 Metaspace       used 13225K, capacity 13610K, committed 13824K, reserved 1060864K
  class space    used 1587K, capacity 1759K, committed 1792K, reserved 1048576K
Heap Regions: E=young(eden), S=young(survivor), O=old, HS=humongous(starts), HC=humongous(continues), CS=collection set, F=free, OA=open archive, CA=closed archive, TAMS=top-at-mark-start (previous, next)
|   0|0x0000000761e00000, 0x0000000761f00000, 0x0000000761f00000|100%| O|  |TAMS 0x0000000761e00000, 0x0000000761e00000| Untracked 
|   1|0x0000000761f00000, 0x0000000761fd8800, 0x0000000762000000| 84%| O|  |TAMS 0x0000000761f00000, 0x0000000761f00000| Untracked 
|   2|0x0000000762000000, 0x0000000762000000, 0x0000000762100000|  0%| F|  |TAMS 0x0000000762000000, 0x0000000762000000| Untracked 
|   3|0x0000000762100000, 0x0000000762100000, 0x0000000762200000|  0%| F|  |TAMS 0x0000000762100000, 0x0000000762100000| Untracked 
|   4|0x0000000762200000, 0x0000000762200000, 0x0000000762300000|  0%| F|  |TAMS 0x0000000762200000, 0x0000000762200000| Untracked 
|   5|0x0000000762300000, 0x0000000762300000, 0x0000000762400000|  0%| F|  |TAMS 0x0000000762300000, 0x0000000762300000| Untracked 
|   6|0x0000000762400000, 0x0000000762400000, 0x0000000762500000|  0%| F|  |TAMS 0x0000000762400000, 0x0000000762400000| Untracked 
|   7|0x0000000762500000, 0x0000000762500000, 0x0000000762600000|  0%| F|  |TAMS 0x0000000762500000, 0x0000000762500000| Untracked 
|   8|0x0000000762600000, 0x0000000762600000, 0x0000000762700000|  0%| F|  |TAMS 0x0000000762600000, 0x0000000762600000| Untracked 
|   9|0x0000000762700000, 0x0000000762700000, 0x0000000762800000|  0%| F|  |TAMS 0x0000000762700000, 0x0000000762700000| Untracked 
|  10|0x0000000762800000, 0x0000000762800000, 0x0000000762900000|  0%| F|  |TAMS 0x0000000762800000, 0x0000000762800000| Untracked 
|  11|0x0000000762900000, 0x0000000762900000, 0x0000000762a00000|  0%| F|  |TAMS 0x0000000762900000, 0x0000000762900000| Untracked 
|  12|0x0000000762a00000, 0x0000000762a00000, 0x0000000762b00000|  0%| F|  |TAMS 0x0000000762a00000, 0x0000000762a00000| Untracked 
|  13|0x0000000762b00000, 0x0000000762b00000, 0x0000000762c00000|  0%| F|  |TAMS 0x0000000762b00000, 0x0000000762b00000| Untracked 
|  14|0x0000000762c00000, 0x0000000762c00000, 0x0000000762d00000|  0%| F|  |TAMS 0x0000000762c00000, 0x0000000762c00000| Untracked 
|  15|0x0000000762d00000, 0x0000000762d00000, 0x0000000762e00000|  0%| F|  |TAMS 0x0000000762d00000, 0x0000000762d00000| Untracked 
|  16|0x0000000762e00000, 0x0000000762e00000, 0x0000000762f00000|  0%| F|  |TAMS 0x0000000762e00000, 0x0000000762e00000| Untracked 
|  17|0x0000000762f00000, 0x0000000762f00000, 0x0000000763000000|  0%| F|  |TAMS 0x0000000762f00000, 0x0000000762f00000| Untracked 
|  18|0x0000000763000000, 0x0000000763000000, 0x0000000763100000|  0%| F|  |TAMS 0x0000000763000000, 0x0000000763000000| Untracked 
|  19|0x0000000763100000, 0x0000000763100000, 0x0000000763200000|  0%| F|  |TAMS 0x0000000763100000, 0x0000000763100000| Untracked 
|  20|0x0000000763200000, 0x0000000763200000, 0x0000000763300000|  0%| F|  |TAMS 0x0000000763200000, 0x0000000763200000| Untracked 
|  21|0x0000000763300000, 0x0000000763300000, 0x0000000763400000|  0%| F|  |TAMS 0x0000000763300000, 0x0000000763300000| Untracked 
|  22|0x0000000763400000, 0x0000000763400000, 0x0000000763500000|  0%| F|  |TAMS 0x0000000763400000, 0x0000000763400000| Untracked 
|  23|0x0000000763500000, 0x0000000763500000, 0x0000000763600000|  0%| F|  |TAMS 0x0000000763500000, 0x0000000763500000| Untracked 
|  24|0x0000000763600000, 0x0000000763600000, 0x0000000763700000|  0%| F|  |TAMS 0x0000000763600000, 0x0000000763600000| Untracked 
|  25|0x0000000763700000, 0x0000000763700000, 0x0000000763800000|  0%| F|  |TAMS 0x0000000763700000, 0x0000000763700000| Untracked 
|  26|0x0000000763800000, 0x0000000763800000, 0x0000000763900000|  0%| F|  |TAMS 0x0000000763800000, 0x0000000763800000| Untracked 
|  27|0x0000000763900000, 0x0000000763900000, 0x0000000763a00000|  0%| F|  |TAMS 0x0000000763900000, 0x0000000763900000| Untracked 
|  28|0x0000000763a00000, 0x0000000763a00000, 0x0000000763b00000|  0%| F|  |TAMS 0x0000000763a00000, 0x0000000763a00000| Untracked 
|  29|0x0000000763b00000, 0x0000000763b00000, 0x0000000763c00000|  0%| F|  |TAMS 0x0000000763b00000, 0x0000000763b00000| Untracked 
|  30|0x0000000763c00000, 0x0000000763c00000, 0x0000000763d00000|  0%| F|  |TAMS 0x0000000763c00000, 0x0000000763c00000| Untracked 
|  31|0x0000000763d00000, 0x0000000763d00000, 0x0000000763e00000|  0%| F|  |TAMS 0x0000000763d00000, 0x0000000763d00000| Untracked 
|  32|0x0000000763e00000, 0x0000000763e00000, 0x0000000763f00000|  0%| F|  |TAMS 0x0000000763e00000, 0x0000000763e00000| Untracked 
|  33|0x0000000763f00000, 0x0000000763f00000, 0x0000000764000000|  0%| F|  |TAMS 0x0000000763f00000, 0x0000000763f00000| Untracked 
|  34|0x0000000764000000, 0x0000000764000000, 0x0000000764100000|  0%| F|  |TAMS 0x0000000764000000, 0x0000000764000000| Untracked 
|  35|0x0000000764100000, 0x0000000764100000, 0x0000000764200000|  0%| F|  |TAMS 0x0000000764100000, 0x0000000764100000| Untracked 
|  36|0x0000000764200000, 0x0000000764200000, 0x0000000764300000|  0%| F|  |TAMS 0x0000000764200000, 0x0000000764200000| Untracked 
|  37|0x0000000764300000, 0x0000000764300000, 0x0000000764400000|  0%| F|  |TAMS 0x0000000764300000, 0x0000000764300000| Untracked 
|  38|0x0000000764400000, 0x0000000764400000, 0x0000000764500000|  0%| F|  |TAMS 0x0000000764400000, 0x0000000764400000| Untracked 
|  39|0x0000000764500000, 0x0000000764500000, 0x0000000764600000|  0%| F|  |TAMS 0x0000000764500000, 0x0000000764500000| Untracked 
|  40|0x0000000764600000, 0x0000000764600000, 0x0000000764700000|  0%| F|  |TAMS 0x0000000764600000, 0x0000000764600000| Untracked 
|  41|0x0000000764700000, 0x0000000764700000, 0x0000000764800000|  0%| F|  |TAMS 0x0000000764700000, 0x0000000764700000| Untracked 
|  42|0x0000000764800000, 0x0000000764800000, 0x0000000764900000|  0%| F|  |TAMS 0x0000000764800000, 0x0000000764800000| Untracked 
|  43|0x0000000764900000, 0x0000000764900000, 0x0000000764a00000|  0%| F|  |TAMS 0x0000000764900000, 0x0000000764900000| Untracked 
|  44|0x0000000764a00000, 0x0000000764a00000, 0x0000000764b00000|  0%| F|  |TAMS 0x0000000764a00000, 0x0000000764a00000| Untracked 
|  45|0x0000000764b00000, 0x0000000764b00000, 0x0000000764c00000|  0%| F|  |TAMS 0x0000000764b00000, 0x0000000764b00000| Untracked 
|  46|0x0000000764c00000, 0x0000000764c00000, 0x0000000764d00000|  0%| F|  |TAMS 0x0000000764c00000, 0x0000000764c00000| Untracked 
|  47|0x0000000764d00000, 0x0000000764d00000, 0x0000000764e00000|  0%| F|  |TAMS 0x0000000764d00000, 0x0000000764d00000| Untracked 
|  48|0x0000000764e00000, 0x0000000764e00000, 0x0000000764f00000|  0%| F|  |TAMS 0x0000000764e00000, 0x0000000764e00000| Untracked 
|  49|0x0000000764f00000, 0x0000000764f00000, 0x0000000765000000|  0%| F|  |TAMS 0x0000000764f00000, 0x0000000764f00000| Untracked 
|  50|0x0000000765000000, 0x0000000765000000, 0x0000000765100000|  0%| F|  |TAMS 0x0000000765000000, 0x0000000765000000| Untracked 
|  51|0x0000000765100000, 0x0000000765100000, 0x0000000765200000|  0%| F|  |TAMS 0x0000000765100000, 0x0000000765100000| Untracked 
|  52|0x0000000765200000, 0x0000000765200000, 0x0000000765300000|  0%| F|  |TAMS 0x0000000765200000, 0x0000000765200000| Untracked 
|  53|0x0000000765300000, 0x0000000765300000, 0x0000000765400000|  0%| F|  |TAMS 0x0000000765300000, 0x0000000765300000| Untracked 
|  54|0x0000000765400000, 0x0000000765400000, 0x0000000765500000|  0%| F|  |TAMS 0x0000000765400000, 0x0000000765400000| Untracked 
|  55|0x0000000765500000, 0x0000000765500000, 0x0000000765600000|  0%| F|  |TAMS 0x0000000765500000, 0x0000000765500000| Untracked 
|  56|0x0000000765600000, 0x0000000765600000, 0x0000000765700000|  0%| F|  |TAMS 0x0000000765600000, 0x0000000765600000| Untracked 
|  57|0x0000000765700000, 0x0000000765700000, 0x0000000765800000|  0%| F|  |TAMS 0x0000000765700000, 0x0000000765700000| Untracked 
|  58|0x0000000765800000, 0x0000000765800000, 0x0000000765900000|  0%| F|  |TAMS 0x0000000765800000, 0x0000000765800000| Untracked 
|  59|0x0000000765900000, 0x0000000765900000, 0x0000000765a00000|  0%| F|  |TAMS 0x0000000765900000, 0x0000000765900000| Untracked 
|  60|0x0000000765a00000, 0x0000000765a00000, 0x0000000765b00000|  0%| F|  |TAMS 0x0000000765a00000, 0x0000000765a00000| Untracked 
|  61|0x0000000765b00000, 0x0000000765b00000, 0x0000000765c00000|  0%| F|  |TAMS 0x0000000765b00000, 0x0000000765b00000| Untracked 
|  62|0x0000000765c00000, 0x0000000765c00000, 0x0000000765d00000|  0%| F|  |TAMS 0x0000000765c00000, 0x0000000765c00000| Untracked 
|  63|0x0000000765d00000, 0x0000000765d00000, 0x0000000765e00000|  0%| F|  |TAMS 0x0000000765d00000, 0x0000000765d00000| Untracked 
|  64|0x0000000765e00000, 0x0000000765e00000, 0x0000000765f00000|  0%| F|  |TAMS 0x0000000765e00000, 0x0000000765e00000| Untracked 
|  65|0x0000000765f00000, 0x0000000765f00000, 0x0000000766000000|  0%| F|  |TAMS 0x0000000765f00000, 0x0000000765f00000| Untracked 
|  66|0x0000000766000000, 0x0000000766000000, 0x0000000766100000|  0%| F|  |TAMS 0x0000000766000000, 0x0000000766000000| Untracked 
|  67|0x0000000766100000, 0x0000000766100000, 0x0000000766200000|  0%| F|  |TAMS 0x0000000766100000, 0x0000000766100000| Untracked 
|  68|0x0000000766200000, 0x0000000766200000, 0x0000000766300000|  0%| F|  |TAMS 0x0000000766200000, 0x0000000766200000| Untracked 
|  69|0x0000000766300000, 0x0000000766300000, 0x0000000766400000|  0%| F|  |TAMS 0x0000000766300000, 0x0000000766300000| Untracked 
|  70|0x0000000766400000, 0x0000000766400000, 0x0000000766500000|  0%| F|  |TAMS 0x0000000766400000, 0x0000000766400000| Untracked 
|  71|0x0000000766500000, 0x0000000766500000, 0x0000000766600000|  0%| F|  |TAMS 0x0000000766500000, 0x0000000766500000| Untracked 
|  72|0x0000000766600000, 0x0000000766600000, 0x0000000766700000|  0%| F|  |TAMS 0x0000000766600000, 0x0000000766600000| Untracked 
|  73|0x0000000766700000, 0x0000000766700000, 0x0000000766800000|  0%| F|  |TAMS 0x0000000766700000, 0x0000000766700000| Untracked 
|  74|0x0000000766800000, 0x0000000766800000, 0x0000000766900000|  0%| F|  |TAMS 0x0000000766800000, 0x0000000766800000| Untracked 
|  75|0x0000000766900000, 0x0000000766900000, 0x0000000766a00000|  0%| F|  |TAMS 0x0000000766900000, 0x0000000766900000| Untracked 
|  76|0x0000000766a00000, 0x0000000766a00000, 0x0000000766b00000|  0%| F|  |TAMS 0x0000000766a00000, 0x0000000766a00000| Untracked 
|  77|0x0000000766b00000, 0x0000000766b00000, 0x0000000766c00000|  0%| F|  |TAMS 0x0000000766b00000, 0x0000000766b00000| Untracked 
|  78|0x0000000766c00000, 0x0000000766c00000, 0x0000000766d00000|  0%| F|  |TAMS 0x0000000766c00000, 0x0000000766c00000| Untracked 
|  79|0x0000000766d00000, 0x0000000766d00000, 0x0000000766e00000|  0%| F|  |TAMS 0x0000000766d00000, 0x0000000766d00000| Untracked 
|  80|0x0000000766e00000, 0x0000000766e00000, 0x0000000766f00000|  0%| F|  |TAMS 0x0000000766e00000, 0x0000000766e00000| Untracked 
|  81|0x0000000766f00000, 0x0000000766f00000, 0x0000000767000000|  0%| F|  |TAMS 0x0000000766f00000, 0x0000000766f00000| Untracked 
|  82|0x0000000767000000, 0x0000000767000000, 0x0000000767100000|  0%| F|  |TAMS 0x0000000767000000, 0x0000000767000000| Untracked 
|  83|0x0000000767100000, 0x0000000767100000, 0x0000000767200000|  0%| F|  |TAMS 0x0000000767100000, 0x0000000767100000| Untracked 
|  84|0x0000000767200000, 0x0000000767200000, 0x0000000767300000|  0%| F|  |TAMS 0x0000000767200000, 0x0000000767200000| Untracked 
|  85|0x0000000767300000, 0x0000000767300000, 0x0000000767400000|  0%| F|  |TAMS 0x0000000767300000, 0x0000000767300000| Untracked 
|  86|0x0000000767400000, 0x0000000767400000, 0x0000000767500000|  0%| F|  |TAMS 0x0000000767400000, 0x0000000767400000| Untracked 
|  87|0x0000000767500000, 0x0000000767500000, 0x0000000767600000|  0%| F|  |TAMS 0x0000000767500000, 0x0000000767500000| Untracked 
|  88|0x0000000767600000, 0x0000000767600000, 0x0000000767700000|  0%| F|  |TAMS 0x0000000767600000, 0x0000000767600000| Untracked 
|  89|0x0000000767700000, 0x0000000767700000, 0x0000000767800000|  0%| F|  |TAMS 0x0000000767700000, 0x0000000767700000| Untracked 
|  90|0x0000000767800000, 0x0000000767800000, 0x0000000767900000|  0%| F|  |TAMS 0x0000000767800000, 0x0000000767800000| Untracked 
|  91|0x0000000767900000, 0x0000000767900000, 0x0000000767a00000|  0%| F|  |TAMS 0x0000000767900000, 0x0000000767900000| Untracked 
|  92|0x0000000767a00000, 0x0000000767a00000, 0x0000000767b00000|  0%| F|  |TAMS 0x0000000767a00000, 0x0000000767a00000| Untracked 
|  93|0x0000000767b00000, 0x0000000767b00000, 0x0000000767c00000|  0%| F|  |TAMS 0x0000000767b00000, 0x0000000767b00000| Untracked 
|  94|0x0000000767c00000, 0x0000000767c00000, 0x0000000767d00000|  0%| F|  |TAMS 0x0000000767c00000, 0x0000000767c00000| Untracked 
|  95|0x0000000767d00000, 0x0000000767d00000, 0x0000000767e00000|  0%| F|  |TAMS 0x0000000767d00000, 0x0000000767d00000| Untracked 
|  96|0x0000000767e00000, 0x0000000767e00000, 0x0000000767f00000|  0%| F|  |TAMS 0x0000000767e00000, 0x0000000767e00000| Untracked 
|  97|0x0000000767f00000, 0x0000000767f00000, 0x0000000768000000|  0%| F|  |TAMS 0x0000000767f00000, 0x0000000767f00000| Untracked 
|  98|0x0000000768000000, 0x0000000768000000, 0x0000000768100000|  0%| F|  |TAMS 0x0000000768000000, 0x0000000768000000| Untracked 
|  99|0x0000000768100000, 0x0000000768100000, 0x0000000768200000|  0%| F|  |TAMS 0x0000000768100000, 0x0000000768100000| Untracked 
| 100|0x0000000768200000, 0x0000000768200000, 0x0000000768300000|  0%| F|  |TAMS 0x0000000768200000, 0x0000000768200000| Untracked 
| 101|0x0000000768300000, 0x0000000768300000, 0x0000000768400000|  0%| F|  |TAMS 0x0000000768300000, 0x0000000768300000| Untracked 
| 102|0x0000000768400000, 0x0000000768400000, 0x0000000768500000|  0%| F|  |TAMS 0x0000000768400000, 0x0000000768400000| Untracked 
| 103|0x0000000768500000, 0x0000000768500000, 0x0000000768600000|  0%| F|  |TAMS 0x0000000768500000, 0x0000000768500000| Untracked 
| 104|0x0000000768600000, 0x0000000768600000, 0x0000000768700000|  0%| F|  |TAMS 0x0000000768600000, 0x0000000768600000| Untracked 
| 105|0x0000000768700000, 0x0000000768700000, 0x0000000768800000|  0%| F|  |TAMS 0x0000000768700000, 0x0000000768700000| Untracked 
| 106|0x0000000768800000, 0x0000000768800000, 0x0000000768900000|  0%| F|  |TAMS 0x0000000768800000, 0x0000000768800000| Untracked 
| 107|0x0000000768900000, 0x0000000768900000, 0x0000000768a00000|  0%| F|  |TAMS 0x0000000768900000, 0x0000000768900000| Untracked 
| 108|0x0000000768a00000, 0x0000000768a00000, 0x0000000768b00000|  0%| F|  |TAMS 0x0000000768a00000, 0x0000000768a00000| Untracked 
| 109|0x0000000768b00000, 0x0000000768b00000, 0x0000000768c00000|  0%| F|  |TAMS 0x0000000768b00000, 0x0000000768b00000| Untracked 
| 110|0x0000000768c00000, 0x0000000768c00000, 0x0000000768d00000|  0%| F|  |TAMS 0x0000000768c00000, 0x0000000768c00000| Untracked 
| 111|0x0000000768d00000, 0x0000000768d00000, 0x0000000768e00000|  0%| F|  |TAMS 0x0000000768d00000, 0x0000000768d00000| Untracked 
| 112|0x0000000768e00000, 0x0000000768e00000, 0x0000000768f00000|  0%| F|  |TAMS 0x0000000768e00000, 0x0000000768e00000| Untracked 
| 113|0x0000000768f00000, 0x0000000768f00000, 0x0000000769000000|  0%| F|  |TAMS 0x0000000768f00000, 0x0000000768f00000| Untracked 
| 114|0x0000000769000000, 0x0000000769000000, 0x0000000769100000|  0%| F|  |TAMS 0x0000000769000000, 0x0000000769000000| Untracked 
| 115|0x0000000769100000, 0x0000000769100000, 0x0000000769200000|  0%| F|  |TAMS 0x0000000769100000, 0x0000000769100000| Untracked 
| 116|0x0000000769200000, 0x0000000769200000, 0x0000000769300000|  0%| F|  |TAMS 0x0000000769200000, 0x0000000769200000| Untracked 
| 117|0x0000000769300000, 0x0000000769300000, 0x0000000769400000|  0%| F|  |TAMS 0x0000000769300000, 0x0000000769300000| Untracked 
| 118|0x0000000769400000, 0x0000000769400000, 0x0000000769500000|  0%| F|  |TAMS 0x0000000769400000, 0x0000000769400000| Untracked 
| 119|0x0000000769500000, 0x0000000769500000, 0x0000000769600000|  0%| F|  |TAMS 0x0000000769500000, 0x0000000769500000| Untracked 
| 120|0x0000000769600000, 0x0000000769600000, 0x0000000769700000|  0%| F|  |TAMS 0x0000000769600000, 0x0000000769600000| Untracked 
| 121|0x0000000769700000, 0x0000000769700000, 0x0000000769800000|  0%| F|  |TAMS 0x0000000769700000, 0x0000000769700000| Untracked 
| 122|0x0000000769800000, 0x0000000769800000, 0x0000000769900000|  0%| F|  |TAMS 0x0000000769800000, 0x0000000769800000| Untracked 
| 123|0x0000000769900000, 0x0000000769900000, 0x0000000769a00000|  0%| F|  |TAMS 0x0000000769900000, 0x0000000769900000| Untracked 
| 124|0x0000000769a00000, 0x0000000769a00000, 0x0000000769b00000|  0%| F|  |TAMS 0x0000000769a00000, 0x0000000769a00000| Untracked 
| 125|0x0000000769b00000, 0x0000000769b00000, 0x0000000769c00000|  0%| F|  |TAMS 0x0000000769b00000, 0x0000000769b00000| Untracked 
| 126|0x0000000769c00000, 0x0000000769c00000, 0x0000000769d00000|  0%| F|  |TAMS 0x0000000769c00000, 0x0000000769c00000| Untracked 
| 127|0x0000000769d00000, 0x0000000769d00000, 0x0000000769e00000|  0%| F|  |TAMS 0x0000000769d00000, 0x0000000769d00000| Untracked 
| 128|0x0000000769e00000, 0x0000000769e00000, 0x0000000769f00000|  0%| F|  |TAMS 0x0000000769e00000, 0x0000000769e00000| Untracked 
| 129|0x0000000769f00000, 0x0000000769f00000, 0x000000076a000000|  0%| F|  |TAMS 0x0000000769f00000, 0x0000000769f00000| Untracked 
| 130|0x000000076a000000, 0x000000076a000000, 0x000000076a100000|  0%| F|  |TAMS 0x000000076a000000, 0x000000076a000000| Untracked 
| 131|0x000000076a100000, 0x000000076a100000, 0x000000076a200000|  0%| F|  |TAMS 0x000000076a100000, 0x000000076a100000| Untracked 
| 132|0x000000076a200000, 0x000000076a200000, 0x000000076a300000|  0%| F|  |TAMS 0x000000076a200000, 0x000000076a200000| Untracked 
| 133|0x000000076a300000, 0x000000076a300000, 0x000000076a400000|  0%| F|  |TAMS 0x000000076a300000, 0x000000076a300000| Untracked 
| 134|0x000000076a400000, 0x000000076a400000, 0x000000076a500000|  0%| F|  |TAMS 0x000000076a400000, 0x000000076a400000| Untracked 
| 135|0x000000076a500000, 0x000000076a500000, 0x000000076a600000|  0%| F|  |TAMS 0x000000076a500000, 0x000000076a500000| Untracked 
| 136|0x000000076a600000, 0x000000076a600000, 0x000000076a700000|  0%| F|  |TAMS 0x000000076a600000, 0x000000076a600000| Untracked 
| 137|0x000000076a700000, 0x000000076a700000, 0x000000076a800000|  0%| F|  |TAMS 0x000000076a700000, 0x000000076a700000| Untracked 
| 138|0x000000076a800000, 0x000000076a800000, 0x000000076a900000|  0%| F|  |TAMS 0x000000076a800000, 0x000000076a800000| Untracked 
| 139|0x000000076a900000, 0x000000076a900000, 0x000000076aa00000|  0%| F|  |TAMS 0x000000076a900000, 0x000000076a900000| Untracked 
| 140|0x000000076aa00000, 0x000000076aa00000, 0x000000076ab00000|  0%| F|  |TAMS 0x000000076aa00000, 0x000000076aa00000| Untracked 
| 141|0x000000076ab00000, 0x000000076ab00000, 0x000000076ac00000|  0%| F|  |TAMS 0x000000076ab00000, 0x000000076ab00000| Untracked 
| 142|0x000000076ac00000, 0x000000076ac00000, 0x000000076ad00000|  0%| F|  |TAMS 0x000000076ac00000, 0x000000076ac00000| Untracked 
| 143|0x000000076ad00000, 0x000000076ad00000, 0x000000076ae00000|  0%| F|  |TAMS 0x000000076ad00000, 0x000000076ad00000| Untracked 
| 144|0x000000076ae00000, 0x000000076ae00000, 0x000000076af00000|  0%| F|  |TAMS 0x000000076ae00000, 0x000000076ae00000| Untracked 
| 145|0x000000076af00000, 0x000000076af00000, 0x000000076b000000|  0%| F|  |TAMS 0x000000076af00000, 0x000000076af00000| Untracked 
| 146|0x000000076b000000, 0x000000076b000000, 0x000000076b100000|  0%| F|  |TAMS 0x000000076b000000, 0x000000076b000000| Untracked 
| 147|0x000000076b100000, 0x000000076b100000, 0x000000076b200000|  0%| F|  |TAMS 0x000000076b100000, 0x000000076b100000| Untracked 
| 148|0x000000076b200000, 0x000000076b200000, 0x000000076b300000|  0%| F|  |TAMS 0x000000076b200000, 0x000000076b200000| Untracked 
| 149|0x000000076b300000, 0x000000076b300000, 0x000000076b400000|  0%| F|  |TAMS 0x000000076b300000, 0x000000076b300000| Untracked 
| 150|0x000000076b400000, 0x000000076b400000, 0x000000076b500000|  0%| F|  |TAMS 0x000000076b400000, 0x000000076b400000| Untracked 
| 151|0x000000076b500000, 0x000000076b600000, 0x000000076b600000|100%| S|CS|TAMS 0x000000076b500000, 0x000000076b500000| Complete 
| 152|0x000000076b600000, 0x000000076b600000, 0x000000076b700000|  0%| F|  |TAMS 0x000000076b600000, 0x000000076b600000| Untracked 
| 153|0x000000076b700000, 0x000000076b700000, 0x000000076b800000|  0%| F|  |TAMS 0x000000076b700000, 0x000000076b700000| Untracked 
| 154|0x000000076b800000, 0x000000076b800000, 0x000000076b900000|  0%| F|  |TAMS 0x000000076b800000, 0x000000076b800000| Untracked 
| 155|0x000000076b900000, 0x000000076b900000, 0x000000076ba00000|  0%| F|  |TAMS 0x000000076b900000, 0x000000076b900000| Untracked 
| 156|0x000000076ba00000, 0x000000076ba00000, 0x000000076bb00000|  0%| F|  |TAMS 0x000000076ba00000, 0x000000076ba00000| Untracked 
| 157|0x000000076bb00000, 0x000000076bbd7bb8, 0x000000076bc00000| 84%| E|  |TAMS 0x000000076bb00000, 0x000000076bb00000| Complete 
| 158|0x000000076bc00000, 0x000000076bd00000, 0x000000076bd00000|100%| E|CS|TAMS 0x000000076bc00000, 0x000000076bc00000| Complete 
| 159|0x000000076bd00000, 0x000000076be00000, 0x000000076be00000|100%| E|CS|TAMS 0x000000076bd00000, 0x000000076bd00000| Complete 

Card table byte_map: [0x0000024aa4250000,0x0000024aa4750000] _byte_map_base: 0x0000024aa0741000

Marking Bits (Prev, Next): (CMBitMap*) 0x0000024a8c5f43c8, (CMBitMap*) 0x0000024a8c5f4408
 Prev Bits: [0x0000024aa4c50000, 0x0000024aa73d8000)
 Next Bits: [0x0000024aa73e0000, 0x0000024aa9b68000)

Polling page: 0x0000024a8a5c0000

Metaspace:

Usage:
  Non-class:     11.57 MB capacity,    11.37 MB ( 98%) used,   183.59 KB (  2%) free+waste,    29.50 KB ( <1%) overhead. 
      Class:      1.72 MB capacity,     1.55 MB ( 90%) used,   154.24 KB (  9%) free+waste,    17.63 KB (  1%) overhead. 
       Both:     13.29 MB capacity,    12.92 MB ( 97%) used,   337.84 KB (  2%) free+waste,    47.13 KB ( <1%) overhead. 

Virtual space:
  Non-class space:       12.00 MB reserved,      11.75 MB ( 98%) committed 
      Class space:        1.00 GB reserved,       1.75 MB ( <1%) committed 
             Both:        1.01 GB reserved,      13.50 MB (  1%) committed 

Chunk freelists:
   Non-Class:  53.00 KB
       Class:  1.00 KB
        Both:  54.00 KB

MaxMetaspaceSize: 17179869184.00 GB
CompressedClassSpaceSize: 1.00 GB

CodeHeap 'non-profiled nmethods': size=120064Kb used=441Kb max_used=441Kb free=119622Kb
 bounds [0x0000024a9c810000, 0x0000024a9ca80000, 0x0000024aa3d50000]
CodeHeap 'profiled nmethods': size=120000Kb used=2806Kb max_used=2806Kb free=117193Kb
 bounds [0x0000024a952e0000, 0x0000024a955a0000, 0x0000024a9c810000]
CodeHeap 'non-nmethods': size=5696Kb used=1347Kb max_used=1366Kb free=4348Kb
 bounds [0x0000024a94d50000, 0x0000024a94fc0000, 0x0000024a952e0000]
 total_blobs=2650 nmethods=1511 adapters=568
 compilation: enabled
              stopped_count=0, restarted_count=0
 full_count=0

Compilation events (20 events):
Event: 6.255 Thread 0x0000024aabd4a800 1502 %     4       org.sqlite.SQLiteJDBCLoader::contentsEquals @ 37 (78 bytes)
Event: 6.257 Thread 0x0000024aabd52000 1503   !   3       java.util.zip.InflaterInputStream::read (138 bytes)
Event: 6.258 Thread 0x0000024aabd52000 nmethod 1503 0x0000024a95599290 code [0x0000024a95599540, 0x0000024a9559a3d8]
Event: 6.262 Thread 0x0000024aabd4a800 nmethod 1502% 0x0000024a9c87cb10 code [0x0000024a9c87cd20, 0x0000024a9c87d8b8]
Event: 6.276 Thread 0x0000024aabd52000 1504       1       java.net.URL::getHost (5 bytes)
Event: 6.276 Thread 0x0000024aabd52000 nmethod 1504 0x0000024a9c87db90 code [0x0000024a9c87dd20, 0x0000024a9c87ddf8]
Event: 6.276 Thread 0x0000024aabd52000 1505       1       java.lang.String::value (5 bytes)
Event: 6.276 Thread 0x0000024aabd52000 nmethod 1505 0x0000024a9c87de90 code [0x0000024a9c87e020, 0x0000024a9c87e0f8]
Event: 6.279 Thread 0x0000024aabd52000 1506       3       java.lang.Character::isSurrogate (18 bytes)
Event: 6.280 Thread 0x0000024aabd52000 nmethod 1506 0x0000024a9559a990 code [0x0000024a9559ab20, 0x0000024a9559ac98]
Event: 6.280 Thread 0x0000024aabd52000 1507       1       java.lang.invoke.MethodHandle::internalForm (5 bytes)
Event: 6.280 Thread 0x0000024aabd52000 nmethod 1507 0x0000024a9c87e190 code [0x0000024a9c87e320, 0x0000024a9c87e3f8]
Event: 6.280 Thread 0x0000024aabd52000 1508       3       java.lang.invoke.MethodType$ConcurrentWeakInternSet::get (47 bytes)
Event: 6.280 Thread 0x0000024aabd52000 nmethod 1508 0x0000024a9559ad10 code [0x0000024a9559af20, 0x0000024a9559b9d8]
Event: 6.280 Thread 0x0000024aabd52000 1509       1       java.lang.invoke.MethodHandleImpl$IntrinsicMethodHandle::getTarget (5 bytes)
Event: 6.280 Thread 0x0000024aabd52000 nmethod 1509 0x0000024a9c87e490 code [0x0000024a9c87e620, 0x0000024a9c87e6f8]
Event: 6.280 Thread 0x0000024aabd52000 1510       3       java.util.regex.Pattern::isSupplementary (21 bytes)
Event: 6.281 Thread 0x0000024aabd52000 nmethod 1510 0x0000024a9559bc90 code [0x0000024a9559be40, 0x0000024a9559c0b8]
Event: 6.281 Thread 0x0000024aabd52000 1511       3       java.util.Arrays::copyOfRange (90 bytes)
Event: 6.281 Thread 0x0000024aabd52000 nmethod 1511 0x0000024a9559c190 code [0x0000024a9559c460, 0x0000024a9559d3f8]

GC Heap History (2 events):
Event: 6.072 GC heap before
{Heap before GC invocations=0 (full 0):
 garbage-first heap   total 163840K, used 8192K [0x0000000761e00000, 0x0000000800000000)
  region size 1024K, 8 young (8192K), 0 survivors (0K)
 Metaspace       used 11951K, capacity 12295K, committed 12416K, reserved 1060864K
  class space    used 1442K, capacity 1572K, committed 1664K, reserved 1048576K
}
Event: 6.088 GC heap after
{Heap after GC invocations=1 (full 0):
 garbage-first heap   total 163840K, used 2914K [0x0000000761e00000, 0x0000000800000000)
  region size 1024K, 1 young (1024K), 1 survivors (1024K)
 Metaspace       used 11951K, capacity 12295K, committed 12416K, reserved 1060864K
  class space    used 1442K, capacity 1572K, committed 1664K, reserved 1048576K
}

Deoptimization events (20 events):
Event: 6.260 Thread 0x0000024aad0ab000 DEOPT PACKING pc=0x0000024a95597f56 sp=0x000000b1941fdc20
Event: 6.260 Thread 0x0000024aad0ab000 DEOPT UNPACKING pc=0x0000024a94d9964e sp=0x000000b1941fd128 mode 0
Event: 6.260 Thread 0x0000024aad0ab000 DEOPT PACKING pc=0x0000024a95597f56 sp=0x000000b1941fdc20
Event: 6.260 Thread 0x0000024aad0ab000 DEOPT UNPACKING pc=0x0000024a94d9964e sp=0x000000b1941fd128 mode 0
Event: 6.260 Thread 0x0000024aad0ab000 DEOPT PACKING pc=0x0000024a95597f56 sp=0x000000b1941fdc20
Event: 6.260 Thread 0x0000024aad0ab000 DEOPT UNPACKING pc=0x0000024a94d9964e sp=0x000000b1941fd128 mode 0
Event: 6.260 Thread 0x0000024aad0ab000 DEOPT PACKING pc=0x0000024a95597f56 sp=0x000000b1941fdc20
Event: 6.261 Thread 0x0000024aad0ab000 DEOPT UNPACKING pc=0x0000024a94d9964e sp=0x000000b1941fd128 mode 0
Event: 6.261 Thread 0x0000024aad0ab000 DEOPT PACKING pc=0x0000024a95597f56 sp=0x000000b1941fdc20
Event: 6.261 Thread 0x0000024aad0ab000 DEOPT UNPACKING pc=0x0000024a94d9964e sp=0x000000b1941fd128 mode 0
Event: 6.261 Thread 0x0000024aad0ab000 DEOPT PACKING pc=0x0000024a95597f56 sp=0x000000b1941fdc20
Event: 6.261 Thread 0x0000024aad0ab000 DEOPT UNPACKING pc=0x0000024a94d9964e sp=0x000000b1941fd128 mode 0
Event: 6.261 Thread 0x0000024aad0ab000 DEOPT PACKING pc=0x0000024a95597f56 sp=0x000000b1941fdc20
Event: 6.261 Thread 0x0000024aad0ab000 DEOPT UNPACKING pc=0x0000024a94d9964e sp=0x000000b1941fd128 mode 0
Event: 6.262 Thread 0x0000024aad0ab000 DEOPT PACKING pc=0x0000024a95597f56 sp=0x000000b1941fdc20
Event: 6.262 Thread 0x0000024aad0ab000 DEOPT UNPACKING pc=0x0000024a94d9964e sp=0x000000b1941fd128 mode 0
Event: 6.268 Thread 0x0000024aad0ab000 Uncommon trap: trap_request=0xffffff45 fr.pc=0x0000024a9c87d4f0 relative=0x00000000000007d0
Event: 6.268 Thread 0x0000024aad0ab000 Uncommon trap: reason=unstable_if action=reinterpret pc=0x0000024a9c87d4f0 method=org.sqlite.SQLiteJDBCLoader.contentsEquals(Ljava/io/InputStream;Ljava/io/InputStream;)Z @ 39 c2
Event: 6.268 Thread 0x0000024aad0ab000 DEOPT PACKING pc=0x0000024a9c87d4f0 sp=0x000000b1941fdc50
Event: 6.268 Thread 0x0000024aad0ab000 DEOPT UNPACKING pc=0x0000024a94d9912f sp=0x000000b1941fdc28 mode 2

Classes unloaded (0 events):
No events

Classes redefined (0 events):
No events

Internal exceptions (20 events):
Event: 0.382 Thread 0x0000024a8c5af000 Exception <a 'java/lang/ClassNotFoundException'{0x000000076b924430}: ToolBar> (0x000000076b924430) 
thrown [t:/workspace/open/src/hotspot/share/classfile/systemDictionary.cpp, line 226]
Event: 0.382 Thread 0x0000024a8c5af000 Exception <a 'java/lang/ClassNotFoundException'{0x000000076b924790}: Button> (0x000000076b924790) 
thrown [t:/workspace/open/src/hotspot/share/classfile/systemDictionary.cpp, line 226]
Event: 0.382 Thread 0x0000024a8c5af000 Exception <a 'java/lang/ClassNotFoundException'{0x000000076b924c58}: ToolBar> (0x000000076b924c58) 
thrown [t:/workspace/open/src/hotspot/share/classfile/systemDictionary.cpp, line 226]
Event: 0.382 Thread 0x0000024a8c5af000 Exception <a 'java/lang/ClassNotFoundException'{0x000000076b924fc8}: ToggleButton> (0x000000076b924fc8) 
thrown [t:/workspace/open/src/hotspot/share/classfile/systemDictionary.cpp, line 226]
Event: 0.382 Thread 0x0000024a8c5af000 Exception <a 'java/lang/ClassNotFoundException'{0x000000076b925408}: javax/swing/JToolBarSeparator> (0x000000076b925408) 
thrown [t:/workspace/open/src/hotspot/share/classfile/systemDictionary.cpp, line 226]
Event: 0.382 Thread 0x0000024a8c5af000 Exception <a 'java/lang/ClassNotFoundException'{0x000000076b925710}: ToolBarSeparator> (0x000000076b925710) 
thrown [t:/workspace/open/src/hotspot/share/classfile/systemDictionary.cpp, line 226]
Event: 0.382 Thread 0x0000024a8c5af000 Exception <a 'java/lang/ClassNotFoundException'{0x000000076b925c28}: ToolTip> (0x000000076b925c28) 
thrown [t:/workspace/open/src/hotspot/share/classfile/systemDictionary.cpp, line 226]
Event: 0.383 Thread 0x0000024a8c5af000 Exception <a 'java/lang/ClassNotFoundException'{0x000000076b926578}: Tree> (0x000000076b926578) 
thrown [t:/workspace/open/src/hotspot/share/classfile/systemDictionary.cpp, line 226]
Event: 0.383 Thread 0x0000024a8c5af000 Exception <a 'java/lang/ClassNotFoundException'{0x000000076b926a70}: Tree> (0x000000076b926a70) 
thrown [t:/workspace/open/src/hotspot/share/classfile/systemDictionary.cpp, line 226]
Event: 0.383 Thread 0x0000024a8c5af000 Exception <a 'java/lang/ClassNotFoundException'{0x000000076b926de0}: javax/swing/JTreeCell> (0x000000076b926de0) 
thrown [t:/workspace/open/src/hotspot/share/classfile/systemDictionary.cpp, line 226]
Event: 0.383 Thread 0x0000024a8c5af000 Exception <a 'java/lang/ClassNotFoundException'{0x000000076b9270e0}: TreeCell> (0x000000076b9270e0) 
thrown [t:/workspace/open/src/hotspot/share/classfile/systemDictionary.cpp, line 226]
Event: 0.384 Thread 0x0000024a8c5af000 Exception <a 'java/lang/ClassNotFoundException'{0x000000076b9278a0}: RootPane> (0x000000076b9278a0) 
thrown [t:/workspace/open/src/hotspot/share/classfile/systemDictionary.cpp, line 226]
Event: 0.386 Thread 0x0000024a8c5af000 Exception <a 'java/lang/ClassNotFoundException'{0x000000076b92a9c0}: com/sun/swing/internal/plaf/metal/resources/spi/metalProvider> (0x000000076b92a9c0) 
thrown [t:/workspace/open/src/hotspot/share/classfile/systemDictionary.cpp, line 226]
Event: 0.387 Thread 0x0000024a8c5af000 Exception <a 'java/lang/ClassNotFoundException'{0x000000076b92eb80}: com/sun/swing/internal/plaf/basic/resources/spi/basicProvider> (0x000000076b92eb80) 
thrown [t:/workspace/open/src/hotspot/share/classfile/systemDictionary.cpp, line 226]
Event: 0.481 Thread 0x0000024aad0ab000 Exception <a 'java/lang/ClassNotFoundException'{0x000000076b996b20}: com/sun/swing/internal/plaf/synth/resources/spi/synthProvider> (0x000000076b996b20) 
thrown [t:/workspace/open/src/hotspot/share/classfile/systemDictionary.cpp, line 226]
Event: 0.614 Thread 0x0000024aad0ab000 Exception <a 'java/lang/NoSuchMethodError'{0x000000076b8c1030}: 'void java.lang.invoke.DirectMethodHandle$Holder.invokeStaticInit(java.lang.Object)'> (0x000000076b8c1030) 
thrown [t:/workspace/open/src/hotspot/share/interpreter/linkResolver.cpp, line 766]
Event: 0.624 Thread 0x0000024aad0ab000 Exception <a 'java/lang/NoSuchMethodError'{0x000000076b8e8480}: 'java.lang.Object java.lang.invoke.Invokers$Holder.linkToTargetMethod(java.lang.Object, int, java.lang.Object)'> (0x000000076b8e8480) 
thrown [t:/workspace/open/src/hotspot/share/interpreter/linkResolver.cpp, line 766]
Event: 6.128 Thread 0x0000024aad0ab000 Exception <a 'java/lang/NoSuchMethodError'{0x000000076bc35268}: 'int java.lang.invoke.DirectMethodHandle$Holder.invokeSpecialIFC(java.lang.Object, java.lang.Object, int)'> (0x000000076bc35268) 
thrown [t:/workspace/open/src/hotspot/share/interpreter/linkResolver.cpp, line 766]
Event: 6.182 Thread 0x0000024aad0ab000 Exception <a 'java/lang/NoSuchMethodError'{0x000000076bb12758}: 'java.lang.Object java.lang.invoke.DirectMethodHandle$Holder.invokeStaticInit(java.lang.Object, int, int, int, int)'> (0x000000076bb12758) 
thrown [t:/workspace/open/src/hotspot/share/interpreter/linkResolver.cpp, line 766]
Event: 6.221 Thread 0x0000024aad0ab000 Exception <a 'java/lang/NoSuchMethodError'{0x000000076bb42980}: 'java.lang.Object java.lang.invoke.DirectMethodHandle$Holder.invokeStaticInit(java.lang.Object, java.lang.Object, int, int, int, int)'> (0x000000076bb42980) 
thrown [t:/workspace/open/src/hotspot/share/interpreter/linkResolver.cpp, line 766]

Events (20 events):
Event: 6.233 loading class java/io/FilePermission$1 done
Event: 6.245 loading class java/io/DeleteOnExitHook
Event: 6.245 loading class java/io/DeleteOnExitHook done
Event: 6.245 loading class java/io/DeleteOnExitHook$1
Event: 6.245 loading class java/io/DeleteOnExitHook$1 done
Event: 6.245 Executing VM operation: HandshakeOneThread
Event: 6.245 Executing VM operation: HandshakeOneThread done
Event: 6.245 loading class java/io/FileOutputStream$1
Event: 6.245 loading class java/io/FileOutputStream$1 done
Event: 6.273 Loaded shared library C:\Users\maria\AppData\Local\Temp\sqlite-3.8.11.2-1b02cc6f-9af1-4f65-bdb5-6cd03983fb62-sqlitejdbc.dll
Event: 6.278 loading class java/lang/UnsupportedOperationException
Event: 6.278 loading class java/lang/UnsupportedOperationException done
Event: 6.279 loading class java/lang/NumberFormatException
Event: 6.279 loading class java/lang/NumberFormatException done
Event: 6.279 loading class java/io/StringReader
Event: 6.279 loading class java/io/StringReader done
Event: 6.280 loading class java/util/regex/Pattern$BnM
Event: 6.280 loading class java/util/regex/Pattern$BnM done
Event: 6.280 loading class java/util/regex/Pattern$SliceS
Event: 6.280 loading class java/util/regex/Pattern$SliceS done


Dynamic libraries:
0x00007ff6c65a0000 - 0x00007ff6c65af000 	C:\Program Files\Java\jdk-14\bin\java.exe
0x00007ff8e80d0000 - 0x00007ff8e82c8000 	C:\WINDOWS\SYSTEM32\ntdll.dll
0x00007ff8e6130000 - 0x00007ff8e61ef000 	C:\WINDOWS\System32\KERNEL32.DLL
0x00007ff8e57b0000 - 0x00007ff8e5aa6000 	C:\WINDOWS\System32\KERNELBASE.dll
0x00007ff8e3030000 - 0x00007ff8e30c1000 	C:\WINDOWS\SYSTEM32\apphelp.dll
0x00007ff8e5db0000 - 0x00007ff8e5eb0000 	C:\WINDOWS\System32\ucrtbase.dll
0x00007ff8de860000 - 0x00007ff8de878000 	C:\Program Files\Java\jdk-14\bin\jli.dll
0x00007ff8e6850000 - 0x00007ff8e68ff000 	C:\WINDOWS\System32\ADVAPI32.dll
0x00007ff8e62c0000 - 0x00007ff8e635e000 	C:\WINDOWS\System32\msvcrt.dll
0x00007ff8e7220000 - 0x00007ff8e72bc000 	C:\WINDOWS\System32\sechost.dll
0x00007ff8e72c0000 - 0x00007ff8e73e6000 	C:\WINDOWS\System32\RPCRT4.dll
0x00007ff8e6c60000 - 0x00007ff8e6dfd000 	C:\WINDOWS\System32\USER32.dll
0x00007ff8e5cf0000 - 0x00007ff8e5d12000 	C:\WINDOWS\System32\win32u.dll
0x00007ff8e6e00000 - 0x00007ff8e6e2c000 	C:\WINDOWS\System32\GDI32.dll
0x00007ff8e5b00000 - 0x00007ff8e5c15000 	C:\WINDOWS\System32\gdi32full.dll
0x00007ff8e5c20000 - 0x00007ff8e5cbd000 	C:\WINDOWS\System32\msvcp_win.dll
0x00007ff8d6e30000 - 0x00007ff8d6e45000 	C:\Program Files\Java\jdk-14\bin\VCRUNTIME140.dll
0x00007ff8dd390000 - 0x00007ff8dd62a000 	C:\WINDOWS\WinSxS\amd64_microsoft.windows.common-controls_6595b64144ccf1df_6.0.19041.1110_none_60b5254171f9507e\COMCTL32.dll
0x00007ff8dd930000 - 0x00007ff8dd93a000 	C:\WINDOWS\SYSTEM32\VERSION.dll
0x00007ff8e64e0000 - 0x00007ff8e6510000 	C:\WINDOWS\System32\IMM32.DLL
0x00007ff8d6580000 - 0x00007ff8d661b000 	C:\Program Files\Java\jdk-14\bin\msvcp140.dll
0x00007ff8a1850000 - 0x00007ff8a236f000 	C:\Program Files\Java\jdk-14\bin\server\jvm.dll
0x00007ff8e61f0000 - 0x00007ff8e61f8000 	C:\WINDOWS\System32\PSAPI.DLL
0x00007ff8dd350000 - 0x00007ff8dd359000 	C:\WINDOWS\SYSTEM32\WSOCK32.dll
0x00007ff8e6ec0000 - 0x00007ff8e6f2b000 	C:\WINDOWS\System32\WS2_32.dll
0x00007ff8dd900000 - 0x00007ff8dd927000 	C:\WINDOWS\SYSTEM32\WINMM.dll
0x00007ff8e3610000 - 0x00007ff8e3622000 	C:\WINDOWS\SYSTEM32\kernel.appcore.dll
0x00007ff8dd0c0000 - 0x00007ff8dd0ca000 	C:\Program Files\Java\jdk-14\bin\jimage.dll
0x00007ff8dcd10000 - 0x00007ff8dcef4000 	C:\WINDOWS\SYSTEM32\DBGHELP.DLL
0x00007ff8dc0a0000 - 0x00007ff8dc0d4000 	C:\WINDOWS\SYSTEM32\dbgcore.DLL
0x00007ff8e5d20000 - 0x00007ff8e5da2000 	C:\WINDOWS\System32\bcryptPrimitives.dll
0x00007ff8d6750000 - 0x00007ff8d6775000 	C:\Program Files\Java\jdk-14\bin\java.dll
0x00007ff8d6730000 - 0x00007ff8d6747000 	C:\Program Files\Java\jdk-14\bin\zip.dll
0x00007ff8e73f0000 - 0x00007ff8e7b34000 	C:\WINDOWS\System32\SHELL32.dll
0x00007ff8e3810000 - 0x00007ff8e3fa3000 	C:\WINDOWS\SYSTEM32\windows.storage.dll
0x00007ff8e6900000 - 0x00007ff8e6c54000 	C:\WINDOWS\System32\combase.dll
0x00007ff8e5040000 - 0x00007ff8e506e000 	C:\WINDOWS\SYSTEM32\Wldp.dll
0x00007ff8e6430000 - 0x00007ff8e64dd000 	C:\WINDOWS\System32\SHCORE.dll
0x00007ff8e6260000 - 0x00007ff8e62b5000 	C:\WINDOWS\System32\shlwapi.dll
0x00007ff8e56e0000 - 0x00007ff8e5705000 	C:\WINDOWS\SYSTEM32\profapi.dll
0x00007ff8d6710000 - 0x00007ff8d6729000 	C:\Program Files\Java\jdk-14\bin\net.dll
0x00007ff8db6f0000 - 0x00007ff8db7fa000 	C:\WINDOWS\SYSTEM32\WINHTTP.dll
0x00007ff8e4e20000 - 0x00007ff8e4e8a000 	C:\WINDOWS\system32\mswsock.dll
0x00007ff8d66f0000 - 0x00007ff8d6702000 	C:\Program Files\Java\jdk-14\bin\nio.dll
0x00007ff8d5940000 - 0x00007ff8d5ad8000 	C:\Program Files\Java\jdk-14\bin\awt.dll
0x00007ff8e6360000 - 0x00007ff8e642d000 	C:\WINDOWS\System32\OLEAUT32.dll
0x00007ff8e3140000 - 0x00007ff8e31de000 	C:\WINDOWS\system32\uxtheme.dll
0x00007ff8e6510000 - 0x00007ff8e6624000 	C:\WINDOWS\System32\MSCTF.dll
0x00007ff8e6720000 - 0x00007ff8e684a000 	C:\WINDOWS\System32\ole32.dll
0x00007ff8e3430000 - 0x00007ff8e345f000 	C:\WINDOWS\system32\DWMAPI.DLL
0x00007ff8d6070000 - 0x00007ff8d60f2000 	C:\Program Files\Java\jdk-14\bin\freetype.dll
0x00007ff8d4270000 - 0x00007ff8d4316000 	C:\Program Files\Java\jdk-14\bin\fontmanager.dll
0x00007ff8d4320000 - 0x00007ff8d4445000 	C:\WINDOWS\system32\opengl32.dll
0x00007ff8d6100000 - 0x00007ff8d612c000 	C:\WINDOWS\SYSTEM32\GLU32.dll
0x00007ff8a3760000 - 0x00007ff8a392d000 	C:\WINDOWS\system32\d3d9.dll
0x00007ff8dd940000 - 0x00007ff8ddafb000 	C:\WINDOWS\System32\DriverStore\FileRepository\u0385914.inf_amd64_728327554da2f068\B382773\aticfx64.dll
0x00007ff8d4190000 - 0x00007ff8d41c4000 	C:\WINDOWS\System32\DriverStore\FileRepository\u0385914.inf_amd64_728327554da2f068\B382773\atiu9p64.dll
0x00007ff893c10000 - 0x00007ff894965000 	C:\WINDOWS\System32\DriverStore\FileRepository\u0385914.inf_amd64_728327554da2f068\B382773\atiumd64.dll
0x0000000056350000 - 0x0000000057277000 	C:\WINDOWS\System32\DriverStore\FileRepository\u0385914.inf_amd64_728327554da2f068\B382773\atiumd6a.dll
0x00007ff8e7c20000 - 0x00007ff8e808e000 	C:\WINDOWS\System32\SETUPAPI.dll
0x00007ff8e5ab0000 - 0x00007ff8e5afe000 	C:\WINDOWS\System32\cfgmgr32.dll
0x00007ff8e5cc0000 - 0x00007ff8e5ce7000 	C:\WINDOWS\System32\bcrypt.dll
0x00007ff8e5610000 - 0x00007ff8e565b000 	C:\WINDOWS\SYSTEM32\POWRPROF.dll
0x00007ff8e55f0000 - 0x00007ff8e5602000 	C:\WINDOWS\SYSTEM32\UMPDC.dll
0x00007ff8dccc0000 - 0x00007ff8dccf5000 	C:\WINDOWS\SYSTEM32\amdihk64.dll
0x00007ff8ddb10000 - 0x00007ff8ddb4b000 	C:\WINDOWS\SYSTEM32\dxcore.dll
0x00007ff8e6f40000 - 0x00007ff8e6fe9000 	C:\WINDOWS\System32\clbcatq.dll
0x00007ff8dfd80000 - 0x00007ff8dff34000 	C:\WINDOWS\SYSTEM32\WindowsCodecs.dll
0x00007ff8b9b60000 - 0x00007ff8b9b9e000 	C:\WINDOWS\system32\dataexchange.dll
0x00007ff8e1c20000 - 0x00007ff8e1e83000 	C:\WINDOWS\system32\d3d11.dll
0x00007ff8e2490000 - 0x00007ff8e2673000 	C:\WINDOWS\system32\dcomp.dll
0x00007ff8e4010000 - 0x00007ff8e4103000 	C:\WINDOWS\system32\dxgi.dll
0x00007ff8e0010000 - 0x00007ff8e0217000 	C:\WINDOWS\system32\twinapi.appcore.dll
0x00007ff8d6a10000 - 0x00007ff8d6b0a000 	C:\WINDOWS\SYSTEM32\textinputframework.dll
0x00007ff8e2a00000 - 0x00007ff8e2d5e000 	C:\WINDOWS\System32\CoreUIComponents.dll
0x00007ff8e2d60000 - 0x00007ff8e2e52000 	C:\WINDOWS\System32\CoreMessaging.dll
0x00007ff8e4870000 - 0x00007ff8e48a3000 	C:\WINDOWS\SYSTEM32\ntmarta.dll
0x00007ff8e1570000 - 0x00007ff8e16c4000 	C:\WINDOWS\SYSTEM32\wintypes.dll
0x00007ff8e5080000 - 0x00007ff8e5098000 	C:\WINDOWS\SYSTEM32\CRYPTSP.dll
0x00007ff8e4750000 - 0x00007ff8e4784000 	C:\WINDOWS\system32\rsaenh.dll
0x00007ff8e56a0000 - 0x00007ff8e56ce000 	C:\WINDOWS\SYSTEM32\USERENV.dll
0x00007ff8e4fb0000 - 0x00007ff8e4fbc000 	C:\WINDOWS\SYSTEM32\CRYPTBASE.dll
0x00007ff8e4b30000 - 0x00007ff8e4b6b000 	C:\WINDOWS\SYSTEM32\IPHLPAPI.DLL
0x00007ff8e6f30000 - 0x00007ff8e6f38000 	C:\WINDOWS\System32\NSI.dll
0x00007ff8dca70000 - 0x00007ff8dca87000 	C:\WINDOWS\SYSTEM32\dhcpcsvc6.DLL
0x00007ff8dcb10000 - 0x00007ff8dcb2d000 	C:\WINDOWS\SYSTEM32\dhcpcsvc.DLL
0x00007ff8e4b70000 - 0x00007ff8e4c3a000 	C:\WINDOWS\SYSTEM32\DNSAPI.dll
0x000000006d580000 - 0x000000006d63d000 	C:\Users\maria\AppData\Local\Temp\sqlite-3.8.11.2-1b02cc6f-9af1-4f65-bdb5-6cd03983fb62-sqlitejdbc.dll

dbghelp: loaded successfully - version: 4.0.5 - missing functions: none
symbol engine: initialized successfully - sym options: 0x614 - pdb path: .;C:\Program Files\Java\jdk-14\bin;C:\WINDOWS\SYSTEM32;C:\WINDOWS\WinSxS\amd64_microsoft.windows.common-controls_6595b64144ccf1df_6.0.19041.1110_none_60b5254171f9507e;C:\Program Files\Java\jdk-14\bin\server;C:\WINDOWS\System32\DriverStore\FileRepository\u0385914.inf_amd64_728327554da2f068\B382773;C:\Users\maria\AppData\Local\Temp

VM Arguments:
jvm_args: -Dfile.encoding=UTF-8 --module-path=C:\Users\maria\OneDrive\Documentos\NetBeansProjects\sistema\build\classes 
java_command: sistema.empleadosGUI.frmEmpleados
java_class_path (initial): C:\db\sqlite-jdbc-3.8.11.2.jar;C:\Users\maria\OneDrive\Documentos\NetBeansProjects\sistema\build\classes
Launcher Type: SUN_STANDARD

[Global flags]
     intx CICompilerCount                          = 2                                         {product} {ergonomic}
     uint ConcGCThreads                            = 1                                         {product} {ergonomic}
     uint G1ConcRefinementThreads                  = 2                                         {product} {ergonomic}
   size_t G1HeapRegionSize                         = 1048576                                   {product} {ergonomic}
    uintx GCDrainStackTargetSize                   = 64                                        {product} {ergonomic}
   size_t InitialHeapSize                          = 167772160                                 {product} {ergonomic}
   size_t MarkStackSize                            = 4194304                                   {product} {ergonomic}
   size_t MaxHeapSize                              = 2652897280                                {product} {ergonomic}
   size_t MaxNewSize                               = 1591738368                                {product} {ergonomic}
   size_t MinHeapDeltaBytes                        = 1048576                                   {product} {ergonomic}
   size_t MinHeapSize                              = 8388608                                   {product} {ergonomic}
    uintx NonNMethodCodeHeapSize                   = 5826188                                {pd product} {ergonomic}
    uintx NonProfiledCodeHeapSize                  = 122916026                              {pd product} {ergonomic}
    uintx ProfiledCodeHeapSize                     = 122916026                              {pd product} {ergonomic}
    uintx ReservedCodeCacheSize                    = 251658240                              {pd product} {ergonomic}
     bool SegmentedCodeCache                       = true                                      {product} {ergonomic}
   size_t SoftMaxHeapSize                          = 2652897280                             {manageable} {ergonomic}
     bool UseCompressedClassPointers               = true                                 {lp64_product} {ergonomic}
     bool UseCompressedOops                        = true                                 {lp64_product} {ergonomic}
     bool UseG1GC                                  = true                                      {product} {ergonomic}
     bool UseLargePagesIndividualAllocation        = false                                  {pd product} {ergonomic}

Logging:
Log output configuration:
 #0: stdout all=warning uptime,level,tags
 #1: stderr all=off uptime,level,tags

Environment Variables:
PATH=C:\WINDOWS\system32;C:\WINDOWS;C:\WINDOWS\System32\Wbem;C:\WINDOWS\System32\WindowsPowerShell\v1.0\;C:\WINDOWS\System32\OpenSSH\;C:\Program Files\Git\cmd;C:\Program Files\nodejs\;C:\Program Files\Microsoft SQL Server\Client SDK\ODBC\170\Tools\Binn\;C:\Program Files (x86)\Microsoft SQL Server\150\Tools\Binn\;C:\Program Files\Microsoft SQL Server\150\Tools\Binn\;C:\Program Files\Microsoft SQL Server\150\DTS\Binn\;C:\Program Files (x86)\Microsoft SQL Server\150\DTS\Binn\;C:\Program Files (x86)\Microsoft SQL Server\160\DTS\Binn\;C:\Program Files\Azure Data Studio\bin;C:\Users\maria\AppData\Local\Microsoft\WindowsApps;C:\Users\maria\AppData\Local\Programs\Microsoft VS Code\bin;C:\Users\maria\AppData\Local\GitHubDesktop\bin;C:\Users\maria\AppData\Roaming\npm;C:\Program Files\Azure Data Studio\bin
USERNAME=maria
OS=Windows_NT
PROCESSOR_IDENTIFIER=AMD64 Family 23 Model 24 Stepping 1, AuthenticAMD



---------------  S Y S T E M  ---------------

OS: Windows 10 , 64 bit Build 19041 (10.0.19041.3155)
OS uptime: 9 days 16:09 hours
HyperV virtualization detected

CPU:total 2 (initial active 2) (2 cores per cpu, 1 threads per core) family 23 model 24 stepping 1, cmov, cx8, fxsr, mmx, sse, sse2, sse3, ssse3, sse4.1, sse4.2, popcnt, avx, avx2, aes, clmul, mmxext, 3dnowpref, lzcnt, sse4a, tsc, tscinvbit, tscinv, bmi1, bmi2, adx, sha, fma

Memory: 4k page, system-wide physical 10116M (3504M free)
TotalPageFile size 16307M (AvailPageFile size 2651M)
current process WorkingSet (physical memory assigned to process): 107M, peak: 107M
current process commit charge ("private bytes"): 293M, peak: 293M

vm_info: Java HotSpot(TM) 64-Bit Server VM (14+36-1461) for windows-amd64 JRE (14+36-1461), built on Feb  6 2020 19:08:04 by "mach5one" with MS VC++ 15.9 (VS2017)

END.
