#
# A fatal error has been detected by the Java Runtime Environment:
#
#  EXCEPTION_ACCESS_VIOLATION (0xc0000005) at pc=0x0000000055a95212, pid=9724, tid=0x0000000000002770
#
# JRE version: Java(TM) SE Runtime Environment (8.0_111-b14) (build 1.8.0_111-b14)
# Java VM: Java HotSpot(TM) 64-Bit Server VM (25.111-b14 mixed mode windows-amd64 compressed oops)
# Problematic frame:
# V  [jvm.dll+0x145212]
#
# Failed to write core dump. Minidumps are not enabled by default on client versions of Windows
#
# If you would like to submit a bug report, please visit:
#   http://bugreport.java.com/bugreport/crash.jsp
#

---------------  T H R E A D  ---------------

Current thread (0x0000000019cd9800):  JavaThread "AWT-EventQueue-0" [_thread_in_vm, id=10096, stack(0x000000001a670000,0x000000001a770000)]

siginfo: ExceptionCode=0xc0000005, reading address 0x0000000000000000

Registers:
RAX=0x0000000000000000, RBX=0x0000000019cd9800, RCX=0x0000000000000980, RDX=0x0000000000000000
RSP=0x000000001a76c760, RBP=0x0000000000000000, RSI=0x0000000000000000, RDI=0x0000000000000000
R8 =0x0000000000000000, R9 =0x000000078c013318, R10=0x000000000000000a, R11=0x000000005615c348
R12=0x0000000020a57c48, R13=0x000000002061c8e8, R14=0x000000001a76c8f8, R15=0x0000000019cd9800
RIP=0x0000000055a95212, EFLAGS=0x0000000000010202

Top of Stack: (sp=0x000000001a76c760)
0x000000001a76c760:   000000001a76c820 0000000055b2b687
0x000000001a76c770:   000000001a76c820 000000006d582020
0x000000001a76c780:   0000000019cd9800 0000000000000000
0x000000001a76c790:   000000002061c8e8 0000000019cd9800
0x000000001a76c7a0:   0000000019cd9800 0000000019ccb760
0x000000001a76c7b0:   000000002061c8f0 000000001a76c8f8
0x000000001a76c7c0:   00000000199d6100 0000000019cd99f8
0x000000001a76c7d0:   0000000000000000 000000006d58204d
0x000000001a76c7e0:   000000001a76c8f8 000000000284835d
0x000000001a76c7f0:   000000002061c8f0 0000000019cd99f8
0x000000001a76c800:   000000002061c8f0 0000000019cd9800
0x000000001a76c810:   000000000284835d 00000000028582c9
0x000000001a76c820:   000000002061c8f0 0000000050200021
0x000000001a76c830:   000000000284835d 000000001a76c8d0
0x000000001a76c840:   0000000000000000 0000000002858437
0x000000001a76c850:   000000000284835d 000000000285801d 

Instructions: (pc=0x0000000055a95212)
0x0000000055a951f2:   89 5c 24 20 48 89 74 24 28 48 39 73 08 74 0a 48
0x0000000055a95202:   8d 4c 24 20 e8 c5 64 13 00 40 38 35 4e 61 6c 00
0x0000000055a95212:   48 8b 3f 48 63 05 30 c1 6a 00 74 1b 8b 0c 38 85
0x0000000055a95222:   c9 74 7c 8b c1 8b 0d 6b 95 65 00 48 d3 e0 48 03 


Register to memory mapping:

RAX=0x0000000000000000 is an unknown value
RBX=0x0000000019cd9800 is a thread
RCX=0x0000000000000980 is an unknown value
RDX=0x0000000000000000 is an unknown value
RSP=0x000000001a76c760 is pointing into the stack for thread: 0x0000000019cd9800
RBP=0x0000000000000000 is an unknown value
RSI=0x0000000000000000 is an unknown value
RDI=0x0000000000000000 is an unknown value
R8 =0x0000000000000000 is an unknown value
R9 =0x000000078c013318 is an oop
org.sqlite.core.NativeDB 
 - klass: 'org/sqlite/core/NativeDB'
R10=0x000000000000000a is an unknown value
R11=0x000000005615c348 is an unknown value
R12=0x0000000020a57c48 is an unknown value
R13=0x000000002061c8e8 is pointing into metadata
R14=0x000000001a76c8f8 is pointing into the stack for thread: 0x0000000019cd9800
R15=0x0000000019cd9800 is a thread


Stack: [0x000000001a670000,0x000000001a770000],  sp=0x000000001a76c760,  free space=1009k
Native frames: (J=compiled Java code, j=interpreted, Vv=VM code, C=native code)

Java frames: (J=compiled Java code, j=interpreted, Vv=VM code)
j  org.sqlite.core.NativeDB.prepare(Ljava/lang/String;)J+0
j  org.sqlite.core.DB.prepare(Lorg/sqlite/core/CoreStatement;)V+21
j  org.sqlite.core.CorePreparedStatement.<init>(Lorg/sqlite/SQLiteConnection;Ljava/lang/String;)V+15
j  org.sqlite.jdbc3.JDBC3PreparedStatement.<init>(Lorg/sqlite/SQLiteConnection;Ljava/lang/String;)V+3
j  org.sqlite.jdbc4.JDBC4PreparedStatement.<init>(Lorg/sqlite/SQLiteConnection;Ljava/lang/String;)V+3
j  org.sqlite.jdbc4.JDBC4Connection.prepareStatement(Ljava/lang/String;III)Ljava/sql/PreparedStatement;+21
j  org.sqlite.jdbc3.JDBC3Connection.prepareStatement(Ljava/lang/String;II)Ljava/sql/PreparedStatement;+5
j  org.sqlite.jdbc3.JDBC3Connection.prepareStatement(Ljava/lang/String;)Ljava/sql/PreparedStatement;+8
j  sistema.empleadosDAL.conexion.ejecutarSentenciaSQL(Ljava/lang/String;)I+8
j  sistema.empleadosGUI.frmEmpleados.jButton1ActionPerformed(Ljava/awt/event/ActionEvent;)V+11
j  sistema.empleadosGUI.frmEmpleados.access$000(Lsistema/empleadosGUI/frmEmpleados;Ljava/awt/event/ActionEvent;)V+2
j  sistema.empleadosGUI.frmEmpleados$1.actionPerformed(Ljava/awt/event/ActionEvent;)V+5
j  javax.swing.AbstractButton.fireActionPerformed(Ljava/awt/event/ActionEvent;)V+83
j  javax.swing.AbstractButton$Handler.actionPerformed(Ljava/awt/event/ActionEvent;)V+5
j  javax.swing.DefaultButtonModel.fireActionPerformed(Ljava/awt/event/ActionEvent;)V+34
j  javax.swing.DefaultButtonModel.setPressed(Z)V+117
j  javax.swing.plaf.basic.BasicButtonListener.mouseReleased(Ljava/awt/event/MouseEvent;)V+35
j  java.awt.Component.processMouseEvent(Ljava/awt/event/MouseEvent;)V+64
j  javax.swing.JComponent.processMouseEvent(Ljava/awt/event/MouseEvent;)V+23
j  java.awt.Component.processEvent(Ljava/awt/AWTEvent;)V+81
j  java.awt.Container.processEvent(Ljava/awt/AWTEvent;)V+18
j  java.awt.Component.dispatchEventImpl(Ljava/awt/AWTEvent;)V+589
j  java.awt.Container.dispatchEventImpl(Ljava/awt/AWTEvent;)V+42
j  java.awt.Component.dispatchEvent(Ljava/awt/AWTEvent;)V+2
j  java.awt.LightweightDispatcher.retargetMouseEvent(Ljava/awt/Component;ILjava/awt/event/MouseEvent;)V+327
j  java.awt.LightweightDispatcher.processMouseEvent(Ljava/awt/event/MouseEvent;)Z+155
j  java.awt.LightweightDispatcher.dispatchEvent(Ljava/awt/AWTEvent;)Z+50
j  java.awt.Container.dispatchEventImpl(Ljava/awt/AWTEvent;)V+12
j  java.awt.Window.dispatchEventImpl(Ljava/awt/AWTEvent;)V+19
j  java.awt.Component.dispatchEvent(Ljava/awt/AWTEvent;)V+2
j  java.awt.EventQueue.dispatchEventImpl(Ljava/awt/AWTEvent;Ljava/lang/Object;)V+41
j  java.awt.EventQueue.access$500(Ljava/awt/EventQueue;Ljava/awt/AWTEvent;Ljava/lang/Object;)V+3
j  java.awt.EventQueue$3.run()Ljava/lang/Void;+32
j  java.awt.EventQueue$3.run()Ljava/lang/Object;+1
v  ~StubRoutines::call_stub
j  java.security.AccessController.doPrivileged(Ljava/security/PrivilegedAction;Ljava/security/AccessControlContext;)Ljava/lang/Object;+0
j  java.security.ProtectionDomain$JavaSecurityAccessImpl.doIntersectionPrivilege(Ljava/security/PrivilegedAction;Ljava/security/AccessControlContext;Ljava/security/AccessControlContext;)Ljava/lang/Object;+18
j  java.security.ProtectionDomain$JavaSecurityAccessImpl.doIntersectionPrivilege(Ljava/security/PrivilegedAction;Ljava/security/AccessControlContext;)Ljava/lang/Object;+6
j  java.awt.EventQueue$4.run()Ljava/lang/Void;+11
j  java.awt.EventQueue$4.run()Ljava/lang/Object;+1
v  ~StubRoutines::call_stub
j  java.security.AccessController.doPrivileged(Ljava/security/PrivilegedAction;Ljava/security/AccessControlContext;)Ljava/lang/Object;+0
j  java.security.ProtectionDomain$JavaSecurityAccessImpl.doIntersectionPrivilege(Ljava/security/PrivilegedAction;Ljava/security/AccessControlContext;Ljava/security/AccessControlContext;)Ljava/lang/Object;+18
j  java.awt.EventQueue.dispatchEvent(Ljava/awt/AWTEvent;)V+73
j  java.awt.EventDispatchThread.pumpOneEventForFilters(I)V+245
j  java.awt.EventDispatchThread.pumpEventsForFilter(ILjava/awt/Conditional;Ljava/awt/EventFilter;)V+35
j  java.awt.EventDispatchThread.pumpEventsForHierarchy(ILjava/awt/Conditional;Ljava/awt/Component;)V+11
j  java.awt.EventDispatchThread.pumpEvents(ILjava/awt/Conditional;)V+4
j  java.awt.EventDispatchThread.pumpEvents(Ljava/awt/Conditional;)V+3
j  java.awt.EventDispatchThread.run()V+9
v  ~StubRoutines::call_stub

---------------  P R O C E S S  ---------------

Java Threads: ( => current thread )
  0x000000001fc17000 JavaThread "TimerQueue" daemon [_thread_blocked, id=4420, stack(0x0000000020950000,0x0000000020a50000)]
  0x000000001fbfb000 JavaThread "D3D Screen Updater" daemon [_thread_blocked, id=6624, stack(0x0000000020740000,0x0000000020840000)]
  0x0000000002740800 JavaThread "DestroyJavaVM" [_thread_blocked, id=16912, stack(0x0000000002460000,0x0000000002560000)]
=>0x0000000019cd9800 JavaThread "AWT-EventQueue-0" [_thread_in_vm, id=10096, stack(0x000000001a670000,0x000000001a770000)]
  0x0000000019cc2800 JavaThread "AWT-Windows" daemon [_thread_in_native, id=5144, stack(0x0000000019f80000,0x000000001a080000)]
  0x0000000019c6c000 JavaThread "AWT-Shutdown" [_thread_blocked, id=9448, stack(0x0000000019e80000,0x0000000019f80000)]
  0x0000000019c7c000 JavaThread "Java2D Disposer" daemon [_thread_blocked, id=16672, stack(0x0000000019d80000,0x0000000019e80000)]
  0x000000001842b800 JavaThread "Service Thread" daemon [_thread_blocked, id=4892, stack(0x0000000019610000,0x0000000019710000)]
  0x00000000183bc800 JavaThread "C1 CompilerThread1" daemon [_thread_blocked, id=7980, stack(0x0000000019510000,0x0000000019610000)]
  0x00000000183b9000 JavaThread "C2 CompilerThread0" daemon [_thread_blocked, id=8892, stack(0x0000000019410000,0x0000000019510000)]
  0x00000000183b8000 JavaThread "Attach Listener" daemon [_thread_blocked, id=2256, stack(0x0000000019310000,0x0000000019410000)]
  0x00000000183b4800 JavaThread "Signal Dispatcher" daemon [_thread_blocked, id=17024, stack(0x0000000019210000,0x0000000019310000)]
  0x00000000183a8800 JavaThread "Finalizer" daemon [_thread_blocked, id=3860, stack(0x0000000018ff0000,0x00000000190f0000)]
  0x000000000282c800 JavaThread "Reference Handler" daemon [_thread_blocked, id=10532, stack(0x0000000018ef0000,0x0000000018ff0000)]

Other Threads:
  0x0000000018387000 VMThread [stack: 0x0000000018df0000,0x0000000018ef0000] [id=17368]
  0x0000000018432800 WatcherThread [stack: 0x0000000019880000,0x0000000019980000] [id=3516]

VM state:not at safepoint (normal execution)

VM Mutex/Monitor currently owned by a thread: None

Heap:
 PSYoungGen      total 47616K, used 12289K [0x000000078b500000, 0x000000078ea00000, 0x00000007c0000000)
  eden space 40960K, 30% used [0x000000078b500000,0x000000078c1007d8,0x000000078dd00000)
  from space 6656K, 0% used [0x000000078e380000,0x000000078e380000,0x000000078ea00000)
  to   space 6656K, 0% used [0x000000078dd00000,0x000000078dd00000,0x000000078e380000)
 ParOldGen       total 109568K, used 0K [0x0000000721e00000, 0x0000000728900000, 0x000000078b500000)
  object space 109568K, 0% used [0x0000000721e00000,0x0000000721e00000,0x0000000728900000)
 Metaspace       used 14500K, capacity 14762K, committed 14848K, reserved 1062912K
  class space    used 1920K, capacity 1975K, committed 2048K, reserved 1048576K

Card table byte_map: [0x0000000011c00000,0x0000000012100000] byte_map_base: 0x000000000e2f1000

Marking Bits: (ParMarkBitMap*) 0x000000005616a6c0
 Begin Bits: [0x0000000012650000, 0x0000000014dd8000)
 End Bits:   [0x0000000014dd8000, 0x0000000017560000)

Polling page: 0x0000000000c20000

CodeCache: size=245760Kb used=3073Kb max_used=3079Kb free=242686Kb
 bounds [0x0000000002840000, 0x0000000002b50000, 0x0000000011840000]
 total_blobs=1454 nmethods=922 adapters=446
 compilation: enabled

Compilation events (10 events):
Event: 2.853 Thread 0x00000000183bc800  918       1       java.security.CodeSource::getLocation (5 bytes)
Event: 2.853 Thread 0x00000000183bc800 nmethod 918 0x0000000002b39250 code [0x0000000002b393a0, 0x0000000002b394b0]
Event: 2.854 Thread 0x00000000183b9000  919       4       java.util.concurrent.ConcurrentHashMap::casTabAt (20 bytes)
Event: 2.854 Thread 0x00000000183b9000 nmethod 919 0x0000000002b3fdd0 code [0x0000000002b3ff00, 0x0000000002b3ff78]
Event: 2.855 Thread 0x00000000183bc800  920  s    3       sun.misc.PerfCounter::add (18 bytes)
Event: 2.855 Thread 0x00000000183bc800 nmethod 920 0x0000000002b40a90 code [0x0000000002b40c20, 0x0000000002b41278]
Event: 2.855 Thread 0x00000000183bc800  921  s    3       sun.misc.PerfCounter::get (9 bytes)
Event: 2.855 Thread 0x00000000183bc800 nmethod 921 0x0000000002b40490 code [0x0000000002b40600, 0x0000000002b40988]
Event: 2.856 Thread 0x00000000183bc800  922       1       sun.misc.URLClassPath$JarLoader::access$600 (5 bytes)
Event: 2.856 Thread 0x00000000183bc800 nmethod 922 0x0000000002b401d0 code [0x0000000002b40320, 0x0000000002b40410]

GC Heap History (0 events):
No events

Deoptimization events (10 events):
Event: 0.633 Thread 0x0000000019cd9800 Uncommon trap: reason=class_check action=maybe_recompile pc=0x00000000029bf57c method=java.lang.String.equals(Ljava/lang/Object;)Z @ 8
Event: 0.729 Thread 0x0000000019cd9800 Uncommon trap: reason=class_check action=maybe_recompile pc=0x00000000029bf57c method=java.lang.String.equals(Ljava/lang/Object;)Z @ 8
Event: 0.729 Thread 0x0000000019cd9800 Uncommon trap: reason=class_check action=maybe_recompile pc=0x00000000029bf57c method=java.lang.String.equals(Ljava/lang/Object;)Z @ 8
Event: 2.330 Thread 0x0000000019cd9800 Uncommon trap: reason=unstable_if action=reinterpret pc=0x0000000002acd3d4 method=java.lang.String.indexOf([CII[CIII)I @ 3
Event: 2.335 Thread 0x0000000019cd9800 Uncommon trap: reason=class_check action=maybe_recompile pc=0x0000000002ab8934 method=java.util.HashMap.putVal(ILjava/lang/Object;Ljava/lang/Object;ZZ)Ljava/lang/Object; @ 253
Event: 2.335 Thread 0x0000000019cd9800 Uncommon trap: reason=class_check action=maybe_recompile pc=0x0000000002ab8934 method=java.util.HashMap.putVal(ILjava/lang/Object;Ljava/lang/Object;ZZ)Ljava/lang/Object; @ 253
Event: 2.335 Thread 0x0000000019cd9800 Uncommon trap: reason=class_check action=maybe_recompile pc=0x0000000002ab8934 method=java.util.HashMap.putVal(ILjava/lang/Object;Ljava/lang/Object;ZZ)Ljava/lang/Object; @ 253
Event: 2.335 Thread 0x0000000019cd9800 Uncommon trap: reason=class_check action=maybe_recompile pc=0x0000000002ab8934 method=java.util.HashMap.putVal(ILjava/lang/Object;Ljava/lang/Object;ZZ)Ljava/lang/Object; @ 253
Event: 2.789 Thread 0x0000000019cd9800 Uncommon trap: reason=unstable_if action=reinterpret pc=0x0000000002a508e8 method=java.lang.String.<init>([CII)V @ 18
Event: 2.846 Thread 0x0000000019cd9800 Uncommon trap: reason=unstable_if action=reinterpret pc=0x0000000002b42784 method=org.sqlite.SQLiteJDBCLoader.contentsEquals(Ljava/io/InputStream;Ljava/io/InputStream;)Z @ 39

Internal exceptions (10 events):
Event: 0.336 Thread 0x0000000002740800 Exception <a 'java/lang/ClassNotFoundException': ToolBar> (0x000000078b950b78) thrown at [C:\re\workspace\8-2-build-windows-amd64-cygwin\jdk8u111\7883\hotspot\src\share\vm\classfile\systemDictionary.cpp, line 210]
Event: 0.336 Thread 0x0000000002740800 Exception <a 'java/lang/ClassNotFoundException': ToggleButton> (0x000000078b951128) thrown at [C:\re\workspace\8-2-build-windows-amd64-cygwin\jdk8u111\7883\hotspot\src\share\vm\classfile\systemDictionary.cpp, line 210]
Event: 0.336 Thread 0x0000000002740800 Exception <a 'java/lang/ClassNotFoundException': javax/swing/JToolBarSeparator> (0x000000078b951588) thrown at [C:\re\workspace\8-2-build-windows-amd64-cygwin\jdk8u111\7883\hotspot\src\share\vm\classfile\systemDictionary.cpp, line 210]
Event: 0.336 Thread 0x0000000002740800 Exception <a 'java/lang/ClassNotFoundException': ToolBarSeparator> (0x000000078b951a20) thrown at [C:\re\workspace\8-2-build-windows-amd64-cygwin\jdk8u111\7883\hotspot\src\share\vm\classfile\systemDictionary.cpp, line 210]
Event: 0.336 Thread 0x0000000002740800 Exception <a 'java/lang/ClassNotFoundException': ToolTip> (0x000000078b952160) thrown at [C:\re\workspace\8-2-build-windows-amd64-cygwin\jdk8u111\7883\hotspot\src\share\vm\classfile\systemDictionary.cpp, line 210]
Event: 0.337 Thread 0x0000000002740800 Exception <a 'java/lang/ClassNotFoundException': Tree> (0x000000078b952d80) thrown at [C:\re\workspace\8-2-build-windows-amd64-cygwin\jdk8u111\7883\hotspot\src\share\vm\classfile\systemDictionary.cpp, line 210]
Event: 0.337 Thread 0x0000000002740800 Exception <a 'java/lang/ClassNotFoundException': Tree> (0x000000078b9534c0) thrown at [C:\re\workspace\8-2-build-windows-amd64-cygwin\jdk8u111\7883\hotspot\src\share\vm\classfile\systemDictionary.cpp, line 210]
Event: 0.337 Thread 0x0000000002740800 Exception <a 'java/lang/ClassNotFoundException': javax/swing/JTreeCell> (0x000000078b953840) thrown at [C:\re\workspace\8-2-build-windows-amd64-cygwin\jdk8u111\7883\hotspot\src\share\vm\classfile\systemDictionary.cpp, line 210]
Event: 0.337 Thread 0x0000000002740800 Exception <a 'java/lang/ClassNotFoundException': TreeCell> (0x000000078b953cc8) thrown at [C:\re\workspace\8-2-build-windows-amd64-cygwin\jdk8u111\7883\hotspot\src\share\vm\classfile\systemDictionary.cpp, line 210]
Event: 0.338 Thread 0x0000000002740800 Exception <a 'java/lang/ClassNotFoundException': RootPane> (0x000000078b954728) thrown at [C:\re\workspace\8-2-build-windows-amd64-cygwin\jdk8u111\7883\hotspot\src\share\vm\classfile\systemDictionary.cpp, line 210]

Events (10 events):
Event: 2.859 loading class org/sqlite/jdbc4/JDBC4PreparedStatement
Event: 2.859 loading class org/sqlite/jdbc4/JDBC4PreparedStatement done
Event: 2.860 loading class java/sql/ParameterMetaData
Event: 2.860 loading class java/sql/ParameterMetaData done
Event: 2.860 loading class org/sqlite/jdbc3/JDBC3PreparedStatement
Event: 2.860 loading class org/sqlite/jdbc3/JDBC3PreparedStatement done
Event: 2.860 loading class org/sqlite/core/CorePreparedStatement
Event: 2.860 loading class org/sqlite/core/CorePreparedStatement done
Event: 2.861 loading class java/sql/Date
Event: 2.861 loading class java/sql/Date done


Dynamic libraries:
0x00007ff7803f0000 - 0x00007ff780427000 	C:\Program Files\Java\jdk1.8.0_111\bin\java.exe
0x00007ff8e80d0000 - 0x00007ff8e82c8000 	C:\WINDOWS\SYSTEM32\ntdll.dll
0x00007ff8e6130000 - 0x00007ff8e61ef000 	C:\WINDOWS\System32\KERNEL32.DLL
0x00007ff8e57b0000 - 0x00007ff8e5aa6000 	C:\WINDOWS\System32\KERNELBASE.dll
0x00007ff8e3030000 - 0x00007ff8e30c1000 	C:\WINDOWS\SYSTEM32\apphelp.dll
0x00007ff8e6850000 - 0x00007ff8e68ff000 	C:\WINDOWS\System32\ADVAPI32.dll
0x00007ff8e62c0000 - 0x00007ff8e635e000 	C:\WINDOWS\System32\msvcrt.dll
0x00007ff8e7220000 - 0x00007ff8e72bc000 	C:\WINDOWS\System32\sechost.dll
0x00007ff8e72c0000 - 0x00007ff8e73e6000 	C:\WINDOWS\System32\RPCRT4.dll
0x00007ff8e6c60000 - 0x00007ff8e6dfd000 	C:\WINDOWS\System32\USER32.dll
0x00007ff8e5cf0000 - 0x00007ff8e5d12000 	C:\WINDOWS\System32\win32u.dll
0x00007ff8e6e00000 - 0x00007ff8e6e2c000 	C:\WINDOWS\System32\GDI32.dll
0x00007ff8e5b00000 - 0x00007ff8e5c15000 	C:\WINDOWS\System32\gdi32full.dll
0x00007ff8e5c20000 - 0x00007ff8e5cbd000 	C:\WINDOWS\System32\msvcp_win.dll
0x00007ff8e5db0000 - 0x00007ff8e5eb0000 	C:\WINDOWS\System32\ucrtbase.dll
0x00007ff8dd390000 - 0x00007ff8dd62a000 	C:\WINDOWS\WinSxS\amd64_microsoft.windows.common-controls_6595b64144ccf1df_6.0.19041.1110_none_60b5254171f9507e\COMCTL32.dll
0x00007ff8e64e0000 - 0x00007ff8e6510000 	C:\WINDOWS\System32\IMM32.DLL
0x0000000055870000 - 0x0000000055942000 	C:\Program Files\Java\jdk1.8.0_111\jre\bin\msvcr100.dll
0x0000000055950000 - 0x00000000561ea000 	C:\Program Files\Java\jdk1.8.0_111\jre\bin\server\jvm.dll
0x00007ff8e61f0000 - 0x00007ff8e61f8000 	C:\WINDOWS\System32\PSAPI.DLL
0x00007ff8df2c0000 - 0x00007ff8df2c9000 	C:\WINDOWS\SYSTEM32\WSOCK32.dll
0x00007ff8e6ec0000 - 0x00007ff8e6f2b000 	C:\WINDOWS\System32\WS2_32.dll
0x00007ff8dd900000 - 0x00007ff8dd927000 	C:\WINDOWS\SYSTEM32\WINMM.dll
0x00007ff8dd930000 - 0x00007ff8dd93a000 	C:\WINDOWS\SYSTEM32\VERSION.dll
0x0000000055820000 - 0x000000005582f000 	C:\Program Files\Java\jdk1.8.0_111\jre\bin\verify.dll
0x00000000557f0000 - 0x0000000055819000 	C:\Program Files\Java\jdk1.8.0_111\jre\bin\java.dll
0x00000000557d0000 - 0x00000000557e6000 	C:\Program Files\Java\jdk1.8.0_111\jre\bin\zip.dll
0x00007ff8e73f0000 - 0x00007ff8e7b34000 	C:\WINDOWS\System32\SHELL32.dll
0x00007ff8e3810000 - 0x00007ff8e3fa3000 	C:\WINDOWS\SYSTEM32\windows.storage.dll
0x00007ff8e6900000 - 0x00007ff8e6c54000 	C:\WINDOWS\System32\combase.dll
0x00007ff8e5040000 - 0x00007ff8e506e000 	C:\WINDOWS\SYSTEM32\Wldp.dll
0x00007ff8e6430000 - 0x00007ff8e64dd000 	C:\WINDOWS\System32\SHCORE.dll
0x00007ff8e6260000 - 0x00007ff8e62b5000 	C:\WINDOWS\System32\shlwapi.dll
0x00007ff8e56e0000 - 0x00007ff8e5705000 	C:\WINDOWS\SYSTEM32\profapi.dll
0x00000000555f0000 - 0x0000000055788000 	C:\Program Files\Java\jdk1.8.0_111\jre\bin\awt.dll
0x00007ff8e6360000 - 0x00007ff8e642d000 	C:\WINDOWS\System32\OLEAUT32.dll
0x00007ff8e3140000 - 0x00007ff8e31de000 	C:\WINDOWS\system32\uxtheme.dll
0x00007ff8e6510000 - 0x00007ff8e6624000 	C:\WINDOWS\System32\MSCTF.dll
0x00007ff8e6720000 - 0x00007ff8e684a000 	C:\WINDOWS\System32\ole32.dll
0x00007ff8e3610000 - 0x00007ff8e3622000 	C:\WINDOWS\SYSTEM32\kernel.appcore.dll
0x00007ff8e5d20000 - 0x00007ff8e5da2000 	C:\WINDOWS\System32\bcryptPrimitives.dll
0x00007ff8e3430000 - 0x00007ff8e345f000 	C:\WINDOWS\system32\DWMAPI.DLL
0x00000000555a0000 - 0x00000000555e7000 	C:\Program Files\Java\jdk1.8.0_111\jre\bin\fontmanager.dll
0x00007ff8a3760000 - 0x00007ff8a392d000 	C:\WINDOWS\system32\d3d9.dll
0x00007ff8dd940000 - 0x00007ff8ddafb000 	C:\WINDOWS\System32\DriverStore\FileRepository\u0385914.inf_amd64_728327554da2f068\B382773\aticfx64.dll
0x00007ff8d6700000 - 0x00007ff8d6734000 	C:\WINDOWS\System32\DriverStore\FileRepository\u0385914.inf_amd64_728327554da2f068\B382773\atiu9p64.dll
0x00007ff893c10000 - 0x00007ff894965000 	C:\WINDOWS\System32\DriverStore\FileRepository\u0385914.inf_amd64_728327554da2f068\B382773\atiumd64.dll
0x00007ff8dcd10000 - 0x00007ff8dcef4000 	C:\WINDOWS\SYSTEM32\dbghelp.dll
0x00007ff8dc0a0000 - 0x00007ff8dc0d4000 	C:\WINDOWS\SYSTEM32\dbgcore.DLL
0x0000000056350000 - 0x0000000057277000 	C:\WINDOWS\System32\DriverStore\FileRepository\u0385914.inf_amd64_728327554da2f068\B382773\atiumd6a.dll
0x00007ff8e7c20000 - 0x00007ff8e808e000 	C:\WINDOWS\System32\SETUPAPI.dll
0x00007ff8e5ab0000 - 0x00007ff8e5afe000 	C:\WINDOWS\System32\cfgmgr32.dll
0x00007ff8e5cc0000 - 0x00007ff8e5ce7000 	C:\WINDOWS\System32\bcrypt.dll
0x00007ff8e5610000 - 0x00007ff8e565b000 	C:\WINDOWS\SYSTEM32\POWRPROF.dll
0x00007ff8e55f0000 - 0x00007ff8e5602000 	C:\WINDOWS\SYSTEM32\UMPDC.dll
0x00007ff8dccc0000 - 0x00007ff8dccf5000 	C:\WINDOWS\SYSTEM32\amdihk64.dll
0x00007ff8ddb10000 - 0x00007ff8ddb4b000 	C:\WINDOWS\SYSTEM32\dxcore.dll
0x00007ff8e6f40000 - 0x00007ff8e6fe9000 	C:\WINDOWS\System32\clbcatq.dll
0x00007ff8dfd80000 - 0x00007ff8dff34000 	C:\WINDOWS\SYSTEM32\WindowsCodecs.dll
0x00007ff8b9b60000 - 0x00007ff8b9b9e000 	C:\WINDOWS\system32\dataexchange.dll
0x00007ff8e2490000 - 0x00007ff8e2673000 	C:\WINDOWS\system32\dcomp.dll
0x00007ff8e1c20000 - 0x00007ff8e1e83000 	C:\WINDOWS\system32\d3d11.dll
0x00007ff8e4010000 - 0x00007ff8e4103000 	C:\WINDOWS\system32\dxgi.dll
0x00007ff8e0010000 - 0x00007ff8e0217000 	C:\WINDOWS\system32\twinapi.appcore.dll
0x00000000557b0000 - 0x00000000557ca000 	C:\Program Files\Java\jdk1.8.0_111\jre\bin\net.dll
0x00007ff8e4e20000 - 0x00007ff8e4e8a000 	C:\WINDOWS\system32\mswsock.dll
0x0000000055790000 - 0x00000000557a1000 	C:\Program Files\Java\jdk1.8.0_111\jre\bin\nio.dll
0x0000000055550000 - 0x0000000055592000 	C:\Program Files\Java\jdk1.8.0_111\jre\bin\t2k.dll
0x00007ff8d6a10000 - 0x00007ff8d6b0a000 	C:\WINDOWS\SYSTEM32\textinputframework.dll
0x00007ff8e2d60000 - 0x00007ff8e2e52000 	C:\WINDOWS\System32\CoreMessaging.dll
0x00007ff8e2a00000 - 0x00007ff8e2d5e000 	C:\WINDOWS\System32\CoreUIComponents.dll
0x00007ff8e4870000 - 0x00007ff8e48a3000 	C:\WINDOWS\SYSTEM32\ntmarta.dll
0x00007ff8e1570000 - 0x00007ff8e16c4000 	C:\WINDOWS\SYSTEM32\wintypes.dll
0x0000000055510000 - 0x000000005553a000 	C:\Program Files\Java\jdk1.8.0_111\jre\bin\dcpr.dll
0x00007ff8e5080000 - 0x00007ff8e5098000 	C:\WINDOWS\SYSTEM32\CRYPTSP.dll
0x00007ff8e4750000 - 0x00007ff8e4784000 	C:\WINDOWS\system32\rsaenh.dll
0x00007ff8e56a0000 - 0x00007ff8e56ce000 	C:\WINDOWS\SYSTEM32\USERENV.dll
0x00007ff8e4fb0000 - 0x00007ff8e4fbc000 	C:\WINDOWS\SYSTEM32\CRYPTBASE.dll
0x00007ff8e4b30000 - 0x00007ff8e4b6b000 	C:\WINDOWS\SYSTEM32\IPHLPAPI.DLL
0x00007ff8e6f30000 - 0x00007ff8e6f38000 	C:\WINDOWS\System32\NSI.dll
0x00007ff8dca70000 - 0x00007ff8dca87000 	C:\WINDOWS\SYSTEM32\dhcpcsvc6.DLL
0x00007ff8dcb10000 - 0x00007ff8dcb2d000 	C:\WINDOWS\SYSTEM32\dhcpcsvc.DLL
0x00007ff8e4b70000 - 0x00007ff8e4c3a000 	C:\WINDOWS\SYSTEM32\DNSAPI.dll
0x000000006d580000 - 0x000000006d63d000 	C:\Users\maria\AppData\Local\Temp\sqlite-3.8.11.2-18b1e881-60d6-41e8-b0e6-1cc4a30966b8-sqlitejdbc.dll

VM Arguments:
jvm_args: -Dfile.encoding=UTF-8 
java_command: sistema.empleadosGUI.frmEmpleados
java_class_path (initial): C:\db\sqlite-jdbc-3.8.11.2.jar;C:\NetBeansProjects\sistema\build\classes
Launcher Type: SUN_STANDARD

Environment Variables:
PATH=C:\ProgramData\Oracle\Java\javapath;C:\WINDOWS\system32;C:\WINDOWS;C:\WINDOWS\System32\Wbem;C:\WINDOWS\System32\WindowsPowerShell\v1.0\;C:\WINDOWS\System32\OpenSSH\;C:\Program Files\Git\cmd;C:\Program Files\nodejs\;C:\Program Files\Microsoft SQL Server\Client SDK\ODBC\170\Tools\Binn\;C:\Program Files (x86)\Microsoft SQL Server\150\Tools\Binn\;C:\Program Files\Microsoft SQL Server\150\Tools\Binn\;C:\Program Files\Microsoft SQL Server\150\DTS\Binn\;C:\Program Files (x86)\Microsoft SQL Server\150\DTS\Binn\;C:\Program Files (x86)\Microsoft SQL Server\160\DTS\Binn\;C:\Program Files\Azure Data Studio\bin;C:\Users\maria\AppData\Local\Microsoft\WindowsApps;C:\Users\maria\AppData\Local\Programs\Microsoft VS Code\bin;C:\Users\maria\AppData\Local\GitHubDesktop\bin;C:\Users\maria\AppData\Roaming\npm;C:\Program Files\Azure Data Studio\bin
USERNAME=maria
OS=Windows_NT
PROCESSOR_IDENTIFIER=AMD64 Family 23 Model 24 Stepping 1, AuthenticAMD



---------------  S Y S T E M  ---------------

OS: Windows 10.0 , 64 bit Build 19041 (10.0.19041.3155)

CPU:total 2 (2 cores per cpu, 1 threads per core) family 23 model 24 stepping 1, cmov, cx8, fxsr, mmx, sse, sse2, sse3, ssse3, sse4.1, sse4.2, popcnt, avx, avx2, aes, clmul, mmxext, 3dnowpref, lzcnt, sse4a, tsc, tscinvbit, tscinv, bmi1

Memory: 4k page, physical 10359048k(3895368k free), swap 14122888k(1580832k free)

vm_info: Java HotSpot(TM) 64-Bit Server VM (25.111-b14) for windows-amd64 JRE (1.8.0_111-b14), built on Sep 22 2016 19:24:05 by "java_re" with MS VC++ 10.0 (VS2010)

time: Sun Sep 03 16:06:00 2023
elapsed time: 2 seconds (0d 0h 0m 2s)

